2022-11-09 15:13:13,028 - root - DEBUG - Connection active
2022-11-09 15:13:13,033 - root - INFO - Recieved ag.txt
2022-11-09 15:13:13,034 - root - INFO - File ag.txt stored successfully
2022-11-09 15:13:13,035 - root - INFO -  [*] Waiting for messages.
2022-11-09 15:13:13,074 - root - DEBUG - Connection active
2022-11-09 15:13:13,077 - root - INFO - Recieved CMC_Q02_0MATERIAL_ATTR.csv
2022-11-09 15:13:13,087 - root - INFO - File CMC_Q02_0MATERIAL_ATTR.csv stored successfully
2022-11-09 15:13:13,087 - root - INFO -  [*] Waiting for messages.
2022-11-09 15:13:13,158 - root - DEBUG - Connection active
2022-11-09 15:13:13,160 - root - INFO - Recieved CMC_Q02_0PLANT_ATTR.csv
2022-11-09 15:13:13,165 - root - INFO - File CMC_Q02_0PLANT_ATTR.csv stored successfully
2022-11-09 15:13:13,165 - root - INFO -  [*] Waiting for messages.
2022-11-09 15:13:13,196 - root - DEBUG - Connection active
2022-11-09 15:13:13,200 - root - INFO - Recieved CMC_Q02_0PROD_HIER_TEXT.csv
2022-11-09 15:13:13,209 - root - INFO - File CMC_Q02_0PROD_HIER_TEXT.csv stored successfully
2022-11-09 15:13:13,210 - root - INFO -  [*] Waiting for messages.
2022-11-09 15:13:13,669 - root - DEBUG - Connection active
2022-11-09 15:13:13,806 - root - INFO - Recieved CMC_Q02_MARM.csv
2022-11-09 15:13:13,846 - root - INFO - File CMC_Q02_MARM.csv stored successfully
2022-11-09 15:13:13,846 - root - INFO -  [*] Waiting for messages.
2022-11-09 15:13:18,874 - root - DEBUG - Connection active
2022-11-09 15:13:18,880 - root - INFO - Recieved CMC_Q02_MAT_PLANT_ATTR.csv
2022-11-09 15:13:18,908 - root - INFO - File CMC_Q02_MAT_PLANT_ATTR.csv stored successfully
2022-11-09 15:13:18,908 - root - INFO -  [*] Waiting for messages.
2022-11-09 15:13:18,989 - root - DEBUG - Connection active
2022-11-09 15:13:18,993 - root - INFO - Recieved CMC_Q02_TCURR.csv
2022-11-09 15:13:19,004 - root - INFO - File CMC_Q02_TCURR.csv stored successfully
2022-11-09 15:13:19,005 - root - INFO -  [*] Waiting for messages.
2022-11-09 15:13:19,086 - root - DEBUG - Connection active
2022-11-09 15:13:19,087 - root - INFO - Recieved dads.txt
2022-11-09 15:13:19,088 - root - INFO - File dads.txt stored successfully
2022-11-09 15:13:19,089 - root - INFO -  [*] Waiting for messages.
2022-11-09 15:13:19,118 - root - DEBUG - Connection active
2022-11-09 15:13:19,119 - root - INFO - Recieved fdsfdsf.txt
2022-11-09 15:13:19,120 - root - INFO - File fdsfdsf.txt stored successfully
2022-11-09 15:13:19,120 - root - INFO -  [*] Waiting for messages.
2022-11-09 15:13:19,153 - root - DEBUG - Connection active
2022-11-09 15:13:19,153 - root - INFO - Recieved mike.txt
2022-11-09 15:13:19,155 - root - INFO - File mike.txt stored successfully
2022-11-09 15:13:19,156 - root - INFO -  [*] Waiting for messages.
2022-11-09 15:13:19,185 - root - DEBUG - Connection active
2022-11-09 15:13:19,185 - root - INFO - Recieved one.txt
2022-11-09 15:13:19,187 - root - INFO - File one.txt stored successfully
2022-11-09 15:13:19,187 - root - INFO -  [*] Waiting for messages.
2022-11-09 15:14:04,305 - root - DEBUG - Connection active
2022-11-09 15:14:04,306 - root - INFO - Recieved ag.txt
2022-11-09 15:14:04,307 - root - INFO - File ag.txt stored successfully
2022-11-09 15:14:04,307 - root - INFO -  [*] Waiting for messages.
2022-11-09 15:14:04,343 - root - DEBUG - Connection active
2022-11-09 15:14:04,347 - root - INFO - Recieved CMC_Q02_0MATERIAL_ATTR.csv
2022-11-09 15:14:04,357 - root - INFO - File CMC_Q02_0MATERIAL_ATTR.csv stored successfully
2022-11-09 15:14:04,357 - root - INFO -  [*] Waiting for messages.
2022-11-09 15:14:04,423 - root - DEBUG - Connection active
2022-11-09 15:14:04,424 - root - INFO - Recieved CMC_Q02_0PLANT_ATTR.csv
2022-11-09 15:14:04,430 - root - INFO - File CMC_Q02_0PLANT_ATTR.csv stored successfully
2022-11-09 15:14:04,431 - root - INFO -  [*] Waiting for messages.
2022-11-09 15:14:04,463 - root - DEBUG - Connection active
2022-11-09 15:14:04,465 - root - INFO - Recieved CMC_Q02_0PROD_HIER_TEXT.csv
2022-11-09 15:14:04,473 - root - INFO - File CMC_Q02_0PROD_HIER_TEXT.csv stored successfully
2022-11-09 15:14:04,473 - root - INFO -  [*] Waiting for messages.
2022-11-09 15:14:05,002 - root - DEBUG - Connection active
2022-11-09 15:14:05,179 - root - INFO - Recieved CMC_Q02_MARM.csv
2022-11-09 15:14:05,235 - root - INFO - File CMC_Q02_MARM.csv stored successfully
2022-11-09 15:14:05,236 - root - INFO -  [*] Waiting for messages.
2022-11-09 15:14:05,582 - root - ERROR - Connection closed by Broker
2022-11-09 15:14:05,597 - root - ERROR - Connection check failed, sleeping 5 seconds
2022-11-09 15:14:10,613 - root - ERROR - Unknown Connection Failure, network might be down..
2022-11-09 15:14:10,616 - root - ERROR - Traceback (most recent call last):
  File "C:\Users\rfranqui\OneDrive - Entegris\Documents\P\Projects\RabbitMQ\recieve.py", line 138, in main
    connection = pika.BlockingConnection(pika.ConnectionParameters(host='localhost'))
  File "C:\Users\rfranqui\Miniconda3\lib\site-packages\pika\adapters\blocking_connection.py", line 360, in __init__
    self._impl = self._create_connection(parameters, _impl_class)
  File "C:\Users\rfranqui\Miniconda3\lib\site-packages\pika\adapters\blocking_connection.py", line 451, in _create_connection
    raise self._reap_last_connection_workflow_error(error)
pika.exceptions.IncompatibleProtocolError: StreamLostError: ('Transport indicated EOF',)

2022-11-09 15:14:10,616 - root - INFO - Dev Mode: Initiating Connection to RabbitMQ Instance
2022-11-09 15:14:10,632 - root - ERROR - Dev Mode: Connection to RabbitMQ unsucesfull, retying in 5 seconds
