2022-11-10 19:01:40,312 - root - INFO - Initiating Connection to RabbitMQ Instance
2022-11-10 19:01:40,320 - root - INFO - Attempting Devmode Connection to RabbitMQ
2022-11-10 19:01:40,339 - root - INFO - Connection to RabbitMQ sucessful
2022-11-10 19:01:40,342 - root - INFO -  [*] Waiting for messages. To exit press CTRL+C
2022-11-10 19:01:40,363 - root - DEBUG - Connection active
2022-11-10 19:01:40,363 - root - INFO - Recieved 19-00-31.csv
2022-11-10 19:01:40,375 - root - INFO - File 19-00-31.csv stored successfully
2022-11-10 19:01:40,377 - root - INFO -  [*] Waiting for messages.
2022-11-10 19:01:40,396 - root - DEBUG - Connection active
2022-11-10 19:01:40,397 - root - INFO - Recieved 19-00-32.csv
2022-11-10 19:01:40,408 - root - INFO - File 19-00-32.csv stored successfully
2022-11-10 19:01:40,410 - root - INFO -  [*] Waiting for messages.
2022-11-10 19:01:40,433 - root - DEBUG - Connection active
2022-11-10 19:01:40,434 - root - INFO - Recieved 19-00-33.csv
2022-11-10 19:01:40,448 - root - INFO - File 19-00-33.csv stored successfully
2022-11-10 19:01:40,449 - root - INFO -  [*] Waiting for messages.
2022-11-10 19:01:40,495 - root - DEBUG - Connection active
2022-11-10 19:01:40,496 - root - INFO - Recieved 19-00-34.csv
2022-11-10 19:01:40,508 - root - INFO - File 19-00-34.csv stored successfully
2022-11-10 19:01:40,508 - root - INFO -  [*] Waiting for messages.
2022-11-10 19:01:40,546 - root - DEBUG - Connection active
2022-11-10 19:01:40,546 - root - INFO - Recieved 19-00-35.csv
2022-11-10 19:01:40,555 - root - INFO - File 19-00-35.csv stored successfully
2022-11-10 19:01:40,556 - root - INFO -  [*] Waiting for messages.
2022-11-10 19:01:40,628 - root - DEBUG - Connection active
2022-11-10 19:01:40,628 - root - INFO - Recieved 19-00-36.csv
2022-11-10 19:01:40,638 - root - INFO - File 19-00-36.csv stored successfully
2022-11-10 19:01:40,640 - root - INFO -  [*] Waiting for messages.
2022-11-10 19:01:40,681 - root - DEBUG - Connection active
2022-11-10 19:01:40,681 - root - INFO - Recieved 19-00-37.csv
2022-11-10 19:01:40,694 - root - INFO - File 19-00-37.csv stored successfully
2022-11-10 19:01:40,695 - root - INFO -  [*] Waiting for messages.
2022-11-10 19:01:40,734 - root - DEBUG - Connection active
2022-11-10 19:01:40,737 - root - INFO - Recieved 19-00-38.csv
2022-11-10 19:01:40,747 - root - INFO - File 19-00-38.csv stored successfully
2022-11-10 19:01:40,747 - root - INFO -  [*] Waiting for messages.
2022-11-10 19:01:40,785 - root - DEBUG - Connection active
2022-11-10 19:01:40,787 - root - INFO - Recieved 19-00-39.csv
2022-11-10 19:01:40,798 - root - INFO - File 19-00-39.csv stored successfully
2022-11-10 19:01:40,799 - root - INFO -  [*] Waiting for messages.
2022-11-10 19:01:40,845 - root - DEBUG - Connection active
2022-11-10 19:01:40,846 - root - INFO - Recieved 19-00-40.csv
2022-11-10 19:01:40,857 - root - INFO - File 19-00-40.csv stored successfully
2022-11-10 19:01:40,859 - root - INFO -  [*] Waiting for messages.
2022-11-10 19:01:40,897 - root - DEBUG - Connection active
2022-11-10 19:01:40,898 - root - INFO - Recieved 19-00-41.csv
2022-11-10 19:01:40,910 - root - INFO - File 19-00-41.csv stored successfully
2022-11-10 19:01:40,912 - root - INFO -  [*] Waiting for messages.
2022-11-10 19:01:40,956 - root - DEBUG - Connection active
2022-11-10 19:01:40,957 - root - INFO - Recieved 19-00-42.csv
2022-11-10 19:01:40,969 - root - INFO - File 19-00-42.csv stored successfully
2022-11-10 19:01:40,970 - root - INFO -  [*] Waiting for messages.
2022-11-10 19:01:41,020 - root - DEBUG - Connection active
2022-11-10 19:01:41,023 - root - INFO - Recieved 19-00-43.csv
2022-11-10 19:01:41,031 - root - INFO - File 19-00-43.csv stored successfully
2022-11-10 19:01:41,032 - root - INFO -  [*] Waiting for messages.
2022-11-10 19:01:41,075 - root - DEBUG - Connection active
2022-11-10 19:01:41,076 - root - INFO - Recieved 19-00-44.csv
2022-11-10 19:01:41,083 - root - INFO - File 19-00-44.csv stored successfully
2022-11-10 19:01:41,085 - root - INFO -  [*] Waiting for messages.
2022-11-10 19:01:41,133 - root - DEBUG - Connection active
2022-11-10 19:01:41,134 - root - INFO - Recieved 19-00-45.csv
2022-11-10 19:01:41,144 - root - INFO - File 19-00-45.csv stored successfully
2022-11-10 19:01:41,145 - root - INFO -  [*] Waiting for messages.
2022-11-10 19:01:41,182 - root - DEBUG - Connection active
2022-11-10 19:01:41,182 - root - INFO - Recieved 19-00-46.csv
2022-11-10 19:01:41,195 - root - INFO - File 19-00-46.csv stored successfully
2022-11-10 19:01:41,195 - root - INFO -  [*] Waiting for messages.
2022-11-10 19:01:41,244 - root - DEBUG - Connection active
2022-11-10 19:01:41,245 - root - INFO - Recieved 19-00-47.csv
2022-11-10 19:01:41,255 - root - INFO - File 19-00-47.csv stored successfully
2022-11-10 19:01:41,256 - root - INFO -  [*] Waiting for messages.
2022-11-10 19:01:41,296 - root - DEBUG - Connection active
2022-11-10 19:01:41,297 - root - INFO - Recieved 19-00-48.csv
2022-11-10 19:01:41,308 - root - INFO - File 19-00-48.csv stored successfully
2022-11-10 19:01:41,310 - root - INFO -  [*] Waiting for messages.
2022-11-10 19:01:41,364 - root - DEBUG - Connection active
2022-11-10 19:01:41,365 - root - INFO - Recieved 19-00-49.csv
2022-11-10 19:01:41,377 - root - INFO - File 19-00-49.csv stored successfully
2022-11-10 19:01:41,380 - root - INFO -  [*] Waiting for messages.
2022-11-10 19:01:41,462 - root - DEBUG - Connection active
2022-11-10 19:01:41,462 - root - INFO - Recieved 19-00-50.csv
2022-11-10 19:01:41,477 - root - INFO - File 19-00-50.csv stored successfully
2022-11-10 19:01:41,477 - root - INFO -  [*] Waiting for messages.
2022-11-10 19:01:41,548 - root - DEBUG - Connection active
2022-11-10 19:01:41,549 - root - INFO - Recieved 19-00-51.csv
2022-11-10 19:01:41,563 - root - INFO - File 19-00-51.csv stored successfully
2022-11-10 19:01:41,564 - root - INFO -  [*] Waiting for messages.
2022-11-10 19:01:41,621 - root - DEBUG - Connection active
2022-11-10 19:01:41,623 - root - INFO - Recieved 19-00-52.csv
2022-11-10 19:01:41,632 - root - INFO - File 19-00-52.csv stored successfully
2022-11-10 19:01:41,635 - root - INFO -  [*] Waiting for messages.
2022-11-10 19:01:41,679 - root - DEBUG - Connection active
2022-11-10 19:01:41,680 - root - INFO - Recieved 19-00-53.csv
2022-11-10 19:01:41,690 - root - INFO - File 19-00-53.csv stored successfully
2022-11-10 19:01:41,692 - root - INFO -  [*] Waiting for messages.
2022-11-10 19:01:41,742 - root - DEBUG - Connection active
2022-11-10 19:01:41,744 - root - INFO - Recieved 19-00-54.csv
2022-11-10 19:01:41,755 - root - INFO - File 19-00-54.csv stored successfully
2022-11-10 19:01:41,757 - root - INFO -  [*] Waiting for messages.
2022-11-10 19:01:41,795 - root - DEBUG - Connection active
2022-11-10 19:01:41,797 - root - INFO - Recieved 19-00-55.csv
2022-11-10 19:01:41,808 - root - INFO - File 19-00-55.csv stored successfully
2022-11-10 19:01:41,809 - root - INFO -  [*] Waiting for messages.
2022-11-10 19:01:41,850 - root - DEBUG - Connection active
2022-11-10 19:01:41,851 - root - INFO - Recieved 19-00-56.csv
2022-11-10 19:01:41,864 - root - INFO - File 19-00-56.csv stored successfully
2022-11-10 19:01:41,865 - root - INFO -  [*] Waiting for messages.
2022-11-10 19:01:41,915 - root - DEBUG - Connection active
2022-11-10 19:01:41,916 - root - INFO - Recieved 19-00-57.csv
2022-11-10 19:01:41,928 - root - INFO - File 19-00-57.csv stored successfully
2022-11-10 19:01:41,929 - root - INFO -  [*] Waiting for messages.
2022-11-10 19:01:41,987 - root - DEBUG - Connection active
2022-11-10 19:01:41,989 - root - INFO - Recieved 19-00-58.csv
2022-11-10 19:01:42,000 - root - INFO - File 19-00-58.csv stored successfully
2022-11-10 19:01:42,003 - root - INFO -  [*] Waiting for messages.
2022-11-10 19:01:42,056 - root - DEBUG - Connection active
2022-11-10 19:01:42,056 - root - INFO - Recieved 19-00-59.csv
2022-11-10 19:01:42,071 - root - INFO - File 19-00-59.csv stored successfully
2022-11-10 19:01:42,072 - root - INFO -  [*] Waiting for messages.
2022-11-10 19:01:42,162 - root - DEBUG - Connection active
2022-11-10 19:01:42,163 - root - INFO - Recieved 19-01-00.csv
2022-11-10 19:01:42,180 - root - INFO - File 19-01-00.csv stored successfully
2022-11-10 19:01:42,183 - root - INFO -  [*] Waiting for messages.
2022-11-10 19:01:42,254 - root - DEBUG - Connection active
2022-11-10 19:01:42,257 - root - INFO - Recieved 19-01-01.csv
2022-11-10 19:01:42,266 - root - INFO - File 19-01-01.csv stored successfully
2022-11-10 19:01:42,267 - root - INFO -  [*] Waiting for messages.
2022-11-10 19:01:42,329 - root - DEBUG - Connection active
2022-11-10 19:01:42,330 - root - INFO - Recieved 19-01-02.csv
2022-11-10 19:01:42,343 - root - INFO - File 19-01-02.csv stored successfully
2022-11-10 19:01:42,347 - root - INFO -  [*] Waiting for messages.
2022-11-10 19:01:42,413 - root - DEBUG - Connection active
2022-11-10 19:01:42,414 - root - INFO - Recieved 19-01-03.csv
2022-11-10 19:01:42,424 - root - INFO - File 19-01-03.csv stored successfully
2022-11-10 19:01:42,427 - root - INFO -  [*] Waiting for messages.
2022-11-10 19:01:42,493 - root - DEBUG - Connection active
2022-11-10 19:01:42,495 - root - INFO - Recieved 19-01-04.csv
2022-11-10 19:01:42,508 - root - INFO - File 19-01-04.csv stored successfully
2022-11-10 19:01:42,509 - root - INFO -  [*] Waiting for messages.
2022-11-10 19:01:42,558 - root - DEBUG - Connection active
2022-11-10 19:01:42,560 - root - INFO - Recieved 19-01-05.csv
2022-11-10 19:01:42,571 - root - INFO - File 19-01-05.csv stored successfully
2022-11-10 19:01:42,572 - root - INFO -  [*] Waiting for messages.
2022-11-10 19:01:42,627 - root - DEBUG - Connection active
2022-11-10 19:01:42,629 - root - INFO - Recieved 19-01-07.csv
2022-11-10 19:01:42,644 - root - INFO - File 19-01-07.csv stored successfully
2022-11-10 19:01:42,646 - root - INFO -  [*] Waiting for messages.
2022-11-10 19:01:42,709 - root - DEBUG - Connection active
2022-11-10 19:01:42,710 - root - INFO - Recieved 19-01-08.csv
2022-11-10 19:01:42,721 - root - INFO - File 19-01-08.csv stored successfully
2022-11-10 19:01:42,722 - root - INFO -  [*] Waiting for messages.
2022-11-10 19:01:42,800 - root - DEBUG - Connection active
2022-11-10 19:01:42,802 - root - INFO - Recieved 19-01-09.csv
2022-11-10 19:01:42,820 - root - INFO - File 19-01-09.csv stored successfully
2022-11-10 19:01:42,821 - root - INFO -  [*] Waiting for messages.
2022-11-10 19:01:42,912 - root - DEBUG - Connection active
2022-11-10 19:01:42,913 - root - INFO - Recieved 19-01-10.csv
2022-11-10 19:01:42,926 - root - INFO - File 19-01-10.csv stored successfully
2022-11-10 19:01:42,927 - root - INFO -  [*] Waiting for messages.
2022-11-10 19:01:42,977 - root - DEBUG - Connection active
2022-11-10 19:01:42,981 - root - INFO - Recieved 19-01-11.csv
2022-11-10 19:01:42,997 - root - INFO - File 19-01-11.csv stored successfully
2022-11-10 19:01:42,998 - root - INFO -  [*] Waiting for messages.
2022-11-10 19:01:43,057 - root - DEBUG - Connection active
2022-11-10 19:01:43,060 - root - INFO - Recieved 19-01-12.csv
2022-11-10 19:01:43,074 - root - INFO - File 19-01-12.csv stored successfully
2022-11-10 19:01:43,076 - root - INFO -  [*] Waiting for messages.
2022-11-10 19:01:43,142 - root - DEBUG - Connection active
2022-11-10 19:01:43,144 - root - INFO - Recieved 19-01-13.csv
2022-11-10 19:01:43,154 - root - INFO - File 19-01-13.csv stored successfully
2022-11-10 19:01:43,155 - root - INFO -  [*] Waiting for messages.
2022-11-10 19:01:43,223 - root - DEBUG - Connection active
2022-11-10 19:01:43,226 - root - INFO - Recieved 19-01-14.csv
2022-11-10 19:01:43,243 - root - INFO - File 19-01-14.csv stored successfully
2022-11-10 19:01:43,244 - root - INFO -  [*] Waiting for messages.
2022-11-10 19:01:43,329 - root - DEBUG - Connection active
2022-11-10 19:01:43,329 - root - INFO - Recieved 19-01-15.csv
2022-11-10 19:01:43,338 - root - INFO - File 19-01-15.csv stored successfully
2022-11-10 19:01:43,342 - root - INFO -  [*] Waiting for messages.
2022-11-10 19:01:43,409 - root - DEBUG - Connection active
2022-11-10 19:01:43,410 - root - INFO - Recieved 19-01-16.csv
2022-11-10 19:01:43,425 - root - INFO - File 19-01-16.csv stored successfully
2022-11-10 19:01:43,426 - root - INFO -  [*] Waiting for messages.
2022-11-10 19:01:43,534 - root - DEBUG - Connection active
2022-11-10 19:01:43,535 - root - INFO - Recieved 19-01-17.csv
2022-11-10 19:01:43,550 - root - INFO - File 19-01-17.csv stored successfully
2022-11-10 19:01:43,551 - root - INFO -  [*] Waiting for messages.
2022-11-10 19:01:43,627 - root - DEBUG - Connection active
2022-11-10 19:01:43,628 - root - INFO - Recieved 19-01-18.csv
2022-11-10 19:01:43,650 - root - INFO - File 19-01-18.csv stored successfully
2022-11-10 19:01:43,651 - root - INFO -  [*] Waiting for messages.
2022-11-10 19:01:43,738 - root - DEBUG - Connection active
2022-11-10 19:01:43,742 - root - INFO - Recieved 19-01-19.csv
2022-11-10 19:01:43,760 - root - INFO - File 19-01-19.csv stored successfully
2022-11-10 19:01:43,764 - root - INFO -  [*] Waiting for messages.
2022-11-10 19:01:43,850 - root - DEBUG - Connection active
2022-11-10 19:01:43,851 - root - INFO - Recieved 19-01-20.csv
2022-11-10 19:01:43,873 - root - INFO - File 19-01-20.csv stored successfully
2022-11-10 19:01:43,874 - root - INFO -  [*] Waiting for messages.
2022-11-10 19:01:43,980 - root - DEBUG - Connection active
2022-11-10 19:01:43,981 - root - INFO - Recieved 19-01-21.csv
2022-11-10 19:01:43,996 - root - INFO - File 19-01-21.csv stored successfully
2022-11-10 19:01:43,997 - root - INFO -  [*] Waiting for messages.
2022-11-10 19:01:44,070 - root - DEBUG - Connection active
2022-11-10 19:01:44,073 - root - INFO - Recieved 19-01-22.csv
2022-11-10 19:01:44,092 - root - INFO - File 19-01-22.csv stored successfully
2022-11-10 19:01:44,094 - root - INFO -  [*] Waiting for messages.
2022-11-10 19:01:44,171 - root - DEBUG - Connection active
2022-11-10 19:01:44,173 - root - INFO - Recieved 19-01-23.csv
2022-11-10 19:01:44,201 - root - INFO - File 19-01-23.csv stored successfully
2022-11-10 19:01:44,215 - root - INFO -  [*] Waiting for messages.
2022-11-10 19:01:44,425 - root - DEBUG - Connection active
2022-11-10 19:01:44,427 - root - INFO - Recieved 19-01-24.csv
2022-11-10 19:01:44,439 - root - INFO - File 19-01-24.csv stored successfully
2022-11-10 19:01:44,440 - root - INFO -  [*] Waiting for messages.
2022-11-10 19:01:44,501 - root - DEBUG - Connection active
2022-11-10 19:01:44,502 - root - INFO - Recieved 19-01-25.csv
2022-11-10 19:01:44,521 - root - INFO - File 19-01-25.csv stored successfully
2022-11-10 19:01:44,525 - root - INFO -  [*] Waiting for messages.
2022-11-10 19:01:44,585 - root - DEBUG - Connection active
2022-11-10 19:01:44,586 - root - INFO - Recieved 19-01-26.csv
2022-11-10 19:01:44,605 - root - INFO - File 19-01-26.csv stored successfully
2022-11-10 19:01:44,606 - root - INFO -  [*] Waiting for messages.
2022-11-10 19:01:44,669 - root - DEBUG - Connection active
2022-11-10 19:01:44,671 - root - INFO - Recieved 19-01-27.csv
2022-11-10 19:01:44,691 - root - INFO - File 19-01-27.csv stored successfully
2022-11-10 19:01:44,698 - root - INFO -  [*] Waiting for messages.
2022-11-10 19:01:44,767 - root - DEBUG - Connection active
2022-11-10 19:01:44,768 - root - INFO - Recieved 19-01-28.csv
2022-11-10 19:01:44,785 - root - INFO - File 19-01-28.csv stored successfully
2022-11-10 19:01:44,787 - root - INFO -  [*] Waiting for messages.
2022-11-10 19:01:44,868 - root - DEBUG - Connection active
2022-11-10 19:01:44,870 - root - INFO - Recieved 19-01-29.csv
2022-11-10 19:01:44,886 - root - INFO - File 19-01-29.csv stored successfully
2022-11-10 19:01:44,887 - root - INFO -  [*] Waiting for messages.
2022-11-10 19:01:45,194 - root - ERROR - Connection closed by Broker
2022-11-10 19:01:45,213 - root - ERROR - Connection check failed, retrying in 5 seconds
2022-11-10 19:01:50,225 - root - ERROR - Attempting to restore connection
2022-11-10 19:01:50,225 - root - INFO - Initiating Connection to RabbitMQ Instance
2022-11-10 19:01:50,226 - root - INFO - Attempting Devmode Connection to RabbitMQ
2022-11-10 19:01:50,237 - root - ERROR - Connection to RabbitMQ unsucesfull, retying in 5 seconds
2022-11-10 19:01:55,247 - root - INFO - Initiating Connection to RabbitMQ Instance
2022-11-10 19:01:55,248 - root - INFO - Attempting Devmode Connection to RabbitMQ
2022-11-10 19:01:59,336 - root - ERROR - Connection to RabbitMQ unsucesfull, retying in 5 seconds
2022-11-10 19:02:04,347 - root - INFO - Initiating Connection to RabbitMQ Instance
2022-11-10 19:02:04,347 - root - INFO - Attempting Devmode Connection to RabbitMQ
2022-11-10 19:02:08,427 - root - ERROR - Connection to RabbitMQ unsucesfull, retying in 5 seconds
2022-11-10 19:02:13,429 - root - INFO - Initiating Connection to RabbitMQ Instance
2022-11-10 19:02:13,430 - root - INFO - Attempting Devmode Connection to RabbitMQ
2022-11-10 19:02:17,527 - root - ERROR - Connection to RabbitMQ unsucesfull, retying in 5 seconds
2022-11-10 19:02:22,534 - root - INFO - Initiating Connection to RabbitMQ Instance
2022-11-10 19:02:22,534 - root - INFO - Attempting Devmode Connection to RabbitMQ
2022-11-10 19:02:26,631 - root - ERROR - Connection to RabbitMQ unsucesfull, retying in 5 seconds
2022-11-10 19:02:31,637 - root - INFO - Initiating Connection to RabbitMQ Instance
2022-11-10 19:02:31,637 - root - INFO - Attempting Devmode Connection to RabbitMQ
2022-11-10 19:02:35,732 - root - ERROR - Connection to RabbitMQ unsucesfull, retying in 5 seconds
