2022-11-09 15:17:15,013 - root - DEBUG - Connection active
2022-11-09 15:17:15,016 - root - INFO - Recieved CMC_Q02_0PLANT_ATTR.csv
2022-11-09 15:17:15,021 - root - INFO - File CMC_Q02_0PLANT_ATTR.csv stored successfully
2022-11-09 15:17:15,022 - root - INFO -  [*] Waiting for messages.
2022-11-09 15:17:18,996 - root - ERROR - Connection closed by Broker
2022-11-09 15:17:19,010 - root - ERROR - Connection check failed, sleeping 5 seconds
2022-11-09 15:17:24,028 - root - ERROR - Unknown Connection Failure, network might be down..
2022-11-09 15:17:24,028 - root - ERROR - Traceback (most recent call last):
  File "C:\Users\rfranqui\OneDrive - Entegris\Documents\P\Projects\RabbitMQ\recieve.py", line 138, in main
    connection = pika.BlockingConnection(pika.ConnectionParameters(host='localhost'))
  File "C:\Users\rfranqui\Miniconda3\lib\site-packages\pika\adapters\blocking_connection.py", line 360, in __init__
    self._impl = self._create_connection(parameters, _impl_class)
  File "C:\Users\rfranqui\Miniconda3\lib\site-packages\pika\adapters\blocking_connection.py", line 451, in _create_connection
    raise self._reap_last_connection_workflow_error(error)
pika.exceptions.IncompatibleProtocolError: StreamLostError: ('Transport indicated EOF',)

2022-11-09 15:17:24,029 - root - INFO - Dev Mode: Initiating Connection to RabbitMQ Instance
2022-11-09 15:17:24,053 - root - ERROR - Dev Mode: Connection to RabbitMQ unsucesfull, retying in 5 seconds
2022-11-09 15:17:29,053 - root - INFO - Dev Mode: Initiating Connection to RabbitMQ Instance
2022-11-09 15:17:29,062 - root - ERROR - Dev Mode: Connection to RabbitMQ unsucesfull, retying in 5 seconds
2022-11-09 15:17:34,074 - root - INFO - Dev Mode: Initiating Connection to RabbitMQ Instance
2022-11-09 15:17:38,166 - root - ERROR - Dev Mode: Connection to RabbitMQ unsucesfull, retying in 5 seconds
2022-11-09 15:17:43,167 - root - INFO - Dev Mode: Initiating Connection to RabbitMQ Instance
2022-11-09 15:17:47,265 - root - ERROR - Dev Mode: Connection to RabbitMQ unsucesfull, retying in 5 seconds
2022-11-09 15:17:52,267 - root - INFO - Dev Mode: Initiating Connection to RabbitMQ Instance
2022-11-09 15:17:56,362 - root - ERROR - Dev Mode: Connection to RabbitMQ unsucesfull, retying in 5 seconds
2022-11-09 15:18:01,364 - root - INFO - Dev Mode: Initiating Connection to RabbitMQ Instance
2022-11-09 15:18:04,939 - root - ERROR - Dev Mode: Connection to RabbitMQ unsucesfull, retying in 5 seconds
2022-11-09 15:18:09,944 - root - INFO - Dev Mode: Initiating Connection to RabbitMQ Instance
2022-11-09 15:18:09,977 - root - INFO - Dev Mode: Initiating Connection to RabbitMQ Instance
2022-11-09 15:18:09,992 - root - INFO -  [*] Waiting for messages. To exit press CTRL+C
