2022-11-11 09:36:10,786 - root - DEBUG - Connection active
2022-11-11 09:36:10,806 - root - INFO - Recieved 09-36-06.csv
2022-11-11 09:36:10,827 - root - INFO - File 09-36-06.csv stored successfully
2022-11-11 09:36:10,829 - root - INFO -  [*] Waiting for messages.
2022-11-11 09:36:10,943 - root - DEBUG - Connection active
2022-11-11 09:36:10,947 - root - INFO - Recieved 09-36-07.csv
2022-11-11 09:36:10,989 - root - INFO - File 09-36-07.csv stored successfully
2022-11-11 09:36:10,994 - root - INFO -  [*] Waiting for messages.
2022-11-11 09:36:11,152 - root - DEBUG - Connection active
2022-11-11 09:36:11,154 - root - INFO - Recieved 09-36-08.csv
2022-11-11 09:36:11,178 - root - INFO - File 09-36-08.csv stored successfully
2022-11-11 09:36:11,187 - root - INFO -  [*] Waiting for messages.
2022-11-11 09:36:11,331 - root - DEBUG - Connection active
2022-11-11 09:36:11,339 - root - INFO - Recieved 09-36-09.csv
2022-11-11 09:36:11,355 - root - INFO - File 09-36-09.csv stored successfully
2022-11-11 09:36:11,358 - root - INFO -  [*] Waiting for messages.
2022-11-11 09:36:11,509 - root - DEBUG - Connection active
2022-11-11 09:36:11,511 - root - INFO - Recieved 09-36-10.csv
2022-11-11 09:36:11,533 - root - INFO - File 09-36-10.csv stored successfully
2022-11-11 09:36:11,535 - root - INFO -  [*] Waiting for messages.
2022-11-11 09:36:16,569 - root - DEBUG - Connection active
2022-11-11 09:36:16,570 - root - INFO - Recieved 09-36-11.csv
2022-11-11 09:36:16,588 - root - INFO - File 09-36-11.csv stored successfully
2022-11-11 09:36:16,591 - root - INFO -  [*] Waiting for messages.
2022-11-11 09:36:16,707 - root - DEBUG - Connection active
2022-11-11 09:36:16,708 - root - INFO - Recieved 09-36-12.csv
2022-11-11 09:36:16,720 - root - INFO - File 09-36-12.csv stored successfully
2022-11-11 09:36:16,721 - root - INFO -  [*] Waiting for messages.
2022-11-11 09:36:16,790 - root - DEBUG - Connection active
2022-11-11 09:36:16,790 - root - INFO - Recieved 09-36-13.csv
2022-11-11 09:36:16,801 - root - INFO - File 09-36-13.csv stored successfully
2022-11-11 09:36:16,801 - root - INFO -  [*] Waiting for messages.
2022-11-11 09:36:16,875 - root - DEBUG - Connection active
2022-11-11 09:36:16,876 - root - INFO - Recieved 09-36-14.csv
2022-11-11 09:36:16,893 - root - INFO - File 09-36-14.csv stored successfully
2022-11-11 09:36:16,899 - root - INFO -  [*] Waiting for messages.
2022-11-11 09:36:17,011 - root - DEBUG - Connection active
2022-11-11 09:36:17,015 - root - INFO - Recieved 09-36-15.csv
2022-11-11 09:36:17,031 - root - INFO - File 09-36-15.csv stored successfully
2022-11-11 09:36:17,038 - root - INFO -  [*] Waiting for messages.
2022-11-11 09:36:17,154 - root - DEBUG - Connection active
2022-11-11 09:36:17,157 - root - INFO - Recieved 09-36-16.csv
2022-11-11 09:36:17,167 - root - INFO - File 09-36-16.csv stored successfully
2022-11-11 09:36:17,168 - root - INFO -  [*] Waiting for messages.
2022-11-11 09:36:23,140 - root - DEBUG - Connection active
2022-11-11 09:36:23,145 - root - INFO - Recieved 09-36-17.csv
2022-11-11 09:36:23,164 - root - INFO - File 09-36-17.csv stored successfully
2022-11-11 09:36:23,167 - root - INFO -  [*] Waiting for messages.
2022-11-11 09:36:23,303 - root - DEBUG - Connection active
2022-11-11 09:36:23,307 - root - INFO - Recieved 09-36-19.csv
2022-11-11 09:36:23,340 - root - INFO - File 09-36-19.csv stored successfully
2022-11-11 09:36:23,349 - root - INFO -  [*] Waiting for messages.
2022-11-11 09:36:23,462 - root - DEBUG - Connection active
2022-11-11 09:36:23,462 - root - INFO - Recieved 09-36-20.csv
2022-11-11 09:36:23,481 - root - INFO - File 09-36-20.csv stored successfully
2022-11-11 09:36:23,483 - root - INFO -  [*] Waiting for messages.
2022-11-11 09:36:23,616 - root - DEBUG - Connection active
2022-11-11 09:36:23,617 - root - INFO - Recieved 09-36-21.csv
2022-11-11 09:36:23,641 - root - INFO - File 09-36-21.csv stored successfully
2022-11-11 09:36:23,645 - root - INFO -  [*] Waiting for messages.
2022-11-11 09:36:23,775 - root - DEBUG - Connection active
2022-11-11 09:36:23,776 - root - INFO - Recieved 09-36-22.csv
2022-11-11 09:36:23,797 - root - INFO - File 09-36-22.csv stored successfully
2022-11-11 09:36:23,799 - root - INFO -  [*] Waiting for messages.
2022-11-11 09:36:23,908 - root - DEBUG - Connection active
2022-11-11 09:36:23,909 - root - INFO - Recieved 09-36-23.csv
2022-11-11 09:36:23,924 - root - INFO - File 09-36-23.csv stored successfully
2022-11-11 09:36:23,925 - root - INFO -  [*] Waiting for messages.
2022-11-11 09:36:33,935 - root - ERROR - Unknown Connection Failure, network might be down..
