2022-11-09 18:20:09,976 - root - DEBUG - Connection active
2022-11-09 18:20:09,984 - root - INFO - Recieved ag.txt
2022-11-09 18:20:09,987 - root - INFO - File ag.txt stored successfully
2022-11-09 18:20:09,988 - root - INFO -  [*] Waiting for messages.
2022-11-09 18:20:10,044 - root - DEBUG - Connection active
2022-11-09 18:20:10,046 - root - INFO - Recieved mike.txt
2022-11-09 18:20:10,052 - root - INFO - File mike.txt stored successfully
2022-11-09 18:20:10,053 - root - INFO -  [*] Waiting for messages.
2022-11-09 18:20:10,119 - root - DEBUG - Connection active
2022-11-09 18:20:10,121 - root - INFO - Recieved one.txt
2022-11-09 18:20:10,124 - root - INFO - File one.txt stored successfully
2022-11-09 18:20:10,125 - root - INFO -  [*] Waiting for messages.
2022-11-09 18:20:10,223 - root - DEBUG - Connection active
2022-11-09 18:20:10,231 - root - INFO - Recieved CMC_Q02_0MATERIAL_ATTR.csv
2022-11-09 18:20:10,250 - root - INFO - File CMC_Q02_0MATERIAL_ATTR.csv stored successfully
2022-11-09 18:20:10,252 - root - INFO -  [*] Waiting for messages.
2022-11-09 18:20:10,536 - root - DEBUG - Connection active
2022-11-09 18:20:10,538 - root - INFO - Recieved CMC_Q02_0PLANT_ATTR.csv
2022-11-09 18:20:10,550 - root - INFO - File CMC_Q02_0PLANT_ATTR.csv stored successfully
2022-11-09 18:20:10,552 - root - INFO -  [*] Waiting for messages.
2022-11-09 18:20:10,982 - root - DEBUG - Connection active
2022-11-09 18:20:10,990 - root - INFO - Recieved CMC_Q02_0PROD_HIER_TEXT.csv
2022-11-09 18:20:11,007 - root - INFO - File CMC_Q02_0PROD_HIER_TEXT.csv stored successfully
2022-11-09 18:20:11,010 - root - INFO -  [*] Waiting for messages.
2022-11-09 18:20:12,065 - root - DEBUG - Connection active
2022-11-09 18:20:12,273 - root - INFO - Recieved CMC_Q02_MARM.csv
2022-11-09 18:20:12,335 - root - INFO - File CMC_Q02_MARM.csv stored successfully
2022-11-09 18:20:12,336 - root - INFO -  [*] Waiting for messages.
2022-11-09 18:20:24,494 - root - DEBUG - Connection active
2022-11-09 18:20:24,505 - root - INFO - Recieved CMC_Q02_MAT_PLANT_ATTR.csv
2022-11-09 18:20:24,546 - root - INFO - File CMC_Q02_MAT_PLANT_ATTR.csv stored successfully
2022-11-09 18:20:24,546 - root - INFO -  [*] Waiting for messages.
2022-11-09 18:20:24,888 - root - DEBUG - Connection active
2022-11-09 18:20:24,894 - root - INFO - Recieved CMC_Q02_TCURR.csv
2022-11-09 18:20:24,914 - root - INFO - File CMC_Q02_TCURR.csv stored successfully
2022-11-09 18:20:24,916 - root - INFO -  [*] Waiting for messages.
2022-11-09 18:20:25,107 - root - DEBUG - Connection active
2022-11-09 18:20:25,109 - root - INFO - Recieved dads.txt
2022-11-09 18:20:25,112 - root - INFO - File dads.txt stored successfully
2022-11-09 18:20:25,115 - root - INFO -  [*] Waiting for messages.
2022-11-09 18:20:25,168 - root - DEBUG - Connection active
2022-11-09 18:20:25,169 - root - INFO - Recieved fdsfdsf.txt
2022-11-09 18:20:25,172 - root - INFO - File fdsfdsf.txt stored successfully
2022-11-09 18:20:25,172 - root - INFO -  [*] Waiting for messages.
