2022-11-09 15:03:28,691 - root - INFO - No new files will check in 5 seconds
2022-11-09 15:03:33,702 - root - INFO - No new files will check in 5 seconds
2022-11-09 15:03:38,711 - root - INFO - No new files will check in 5 seconds
2022-11-09 15:03:43,721 - root - INFO - No new files will check in 5 seconds
2022-11-09 15:03:48,728 - root - INFO - No new files will check in 5 seconds
2022-11-09 15:03:53,738 - root - INFO - No new files will check in 5 seconds
2022-11-09 15:03:58,741 - root - INFO - No new files will check in 5 seconds
2022-11-09 15:04:03,754 - root - INFO - No new files will check in 5 seconds
2022-11-09 15:04:08,762 - root - INFO - No new files will check in 5 seconds
2022-11-09 15:04:13,768 - root - INFO - No new files will check in 5 seconds
2022-11-09 15:04:18,779 - root - INFO - No new files will check in 5 seconds
2022-11-09 15:04:23,871 - root - DEBUG - Connection active
2022-11-09 15:04:23,884 - root - INFO - Moved \ag.txt' to long term storage
2022-11-09 15:04:23,900 - root - DEBUG - Connection active
2022-11-09 15:04:23,918 - root - INFO - Moved \CMC_Q02_0MATERIAL_ATTR.csv' to long term storage
2022-11-09 15:04:23,991 - root - DEBUG - Connection active
2022-11-09 15:04:24,008 - root - INFO - Moved \CMC_Q02_0PLANT_ATTR.csv' to long term storage
2022-11-09 15:04:24,026 - root - DEBUG - Connection active
2022-11-09 15:04:24,057 - root - INFO - Moved \CMC_Q02_0PROD_HIER_TEXT.csv' to long term storage
2022-11-09 15:04:24,108 - root - DEBUG - Connection active
2022-11-09 15:04:24,332 - root - INFO - Moved \CMC_Q02_MARM.csv' to long term storage
