2022-11-09 14:51:02,636 - root - INFO - No new files will check in 5 seconds
2022-11-09 14:51:07,649 - root - INFO - No new files will check in 5 seconds
2022-11-09 14:51:12,652 - root - INFO - No new files will check in 5 seconds
2022-11-09 14:51:17,668 - root - INFO - No new files will check in 5 seconds
2022-11-09 14:51:21,836 - root - ERROR - Traceback (most recent call last):
  File "C:\Users\rfranqui\OneDrive - Entegris\Documents\P\Projects\RabbitMQ\send.py", line 271, in main
    sleep(5)
KeyboardInterrupt

2022-11-09 14:51:33,509 - root - DEBUG - Connection active
2022-11-09 14:51:33,510 - root - INFO - No new files will check in 5 seconds
2022-11-09 14:51:38,520 - root - INFO - No new files will check in 5 seconds
2022-11-09 14:51:43,531 - root - INFO - No new files will check in 5 seconds
2022-11-09 14:51:48,548 - root - INFO - No new files will check in 5 seconds
2022-11-09 14:51:53,551 - root - INFO - No new files will check in 5 seconds
2022-11-09 14:51:58,579 - root - DEBUG - Connection active
2022-11-09 14:51:58,597 - root - INFO - Moved \dads.txt' to long term storage
2022-11-09 14:51:58,599 - root - INFO - No new files will check in 5 seconds
2022-11-09 14:52:03,611 - root - INFO - No new files will check in 5 seconds
2022-11-09 14:52:08,620 - root - INFO - No new files will check in 5 seconds
2022-11-09 14:52:13,630 - root - INFO - No new files will check in 5 seconds
2022-11-09 14:52:18,643 - root - INFO - No new files will check in 5 seconds
