2022-11-09 14:52:23,645 - root - INFO - No new files will check in 5 seconds
2022-11-09 14:52:28,662 - root - INFO - No new files will check in 5 seconds
2022-11-09 14:52:33,675 - root - INFO - No new files will check in 5 seconds
2022-11-09 14:52:38,682 - root - INFO - No new files will check in 5 seconds
2022-11-09 14:52:43,695 - root - INFO - No new files will check in 5 seconds
2022-11-09 14:52:48,709 - root - INFO - No new files will check in 5 seconds
2022-11-09 14:52:53,715 - root - INFO - No new files will check in 5 seconds
2022-11-09 14:52:58,726 - root - INFO - No new files will check in 5 seconds
2022-11-09 14:53:03,742 - root - INFO - No new files will check in 5 seconds
2022-11-09 14:53:08,747 - root - INFO - No new files will check in 5 seconds
2022-11-09 14:53:13,761 - root - INFO - No new files will check in 5 seconds
2022-11-09 14:53:18,765 - root - INFO - No new files will check in 5 seconds
2022-11-09 14:53:20,207 - root - ERROR - Traceback (most recent call last):
  File "C:\Users\rfranqui\OneDrive - Entegris\Documents\P\Projects\RabbitMQ\send.py", line 271, in main
    else:
KeyboardInterrupt

2022-11-09 14:53:22,067 - root - DEBUG - Connection active
2022-11-09 14:53:22,068 - root - INFO - No new files will check in 5 seconds
2022-11-09 14:53:27,084 - root - INFO - No new files will check in 5 seconds
2022-11-09 14:53:32,089 - root - INFO - No new files will check in 5 seconds
2022-11-09 14:53:37,106 - root - INFO - No new files will check in 5 seconds
2022-11-09 14:53:42,117 - root - INFO - No new files will check in 5 seconds
2022-11-09 14:53:47,130 - root - INFO - No new files will check in 5 seconds
2022-11-09 14:53:52,143 - root - INFO - No new files will check in 5 seconds
2022-11-09 14:53:57,154 - root - INFO - No new files will check in 5 seconds
2022-11-09 14:54:02,166 - root - INFO - No new files will check in 5 seconds
2022-11-09 14:54:07,172 - root - INFO - No new files will check in 5 seconds
2022-11-09 14:54:12,177 - root - INFO - No new files will check in 5 seconds
2022-11-09 14:54:17,190 - root - INFO - No new files will check in 5 seconds
