2022-11-09 15:15:52,137 - root - INFO - No new files will check in 5 seconds
2022-11-09 15:15:57,153 - root - INFO - No new files will check in 5 seconds
2022-11-09 15:16:02,168 - root - INFO - No new files will check in 5 seconds
2022-11-09 15:16:07,175 - root - INFO - No new files will check in 5 seconds
2022-11-09 15:16:12,188 - root - INFO - No new files will check in 5 seconds
2022-11-09 15:16:17,203 - root - INFO - No new files will check in 5 seconds
2022-11-09 15:16:17,551 - root - ERROR - Fatal Error
2022-11-09 15:16:17,553 - root - ERROR - Traceback (most recent call last):
  File "C:\Users\rfranqui\OneDrive - Entegris\Documents\P\Projects\RabbitMQ\send.py", line 273, in main
    continue
KeyboardInterrupt

2022-11-09 15:16:17,555 - root - INFO - Will Attempt Reconection in 5 seconds
2022-11-09 15:17:14,807 - root - DEBUG - Connection active
2022-11-09 15:17:14,829 - root - DEBUG - Connection active
2022-11-09 15:17:14,848 - root - INFO - Moved \ag.txt' to long term storage
2022-11-09 15:17:14,864 - root - DEBUG - Connection active
2022-11-09 15:17:14,891 - root - INFO - Moved \CMC_Q02_0MATERIAL_ATTR.csv' to long term storage
2022-11-09 15:17:14,978 - root - DEBUG - Connection active
2022-11-09 15:17:15,001 - root - INFO - Moved \CMC_Q02_0PLANT_ATTR.csv' to long term storage
2022-11-09 15:17:15,021 - root - DEBUG - Connection active
2022-11-09 15:17:15,049 - root - INFO - Moved \CMC_Q02_0PROD_HIER_TEXT.csv' to long term storage
2022-11-09 15:17:15,106 - root - DEBUG - Connection active
2022-11-09 15:17:15,329 - root - INFO - Moved \CMC_Q02_MARM.csv' to long term storage
