2022-11-11 09:19:17,034 - root - INFO - No new files will check in 5 seconds
2022-11-11 09:19:22,047 - root - INFO - No new files will check in 5 seconds
2022-11-11 09:19:27,059 - root - INFO - No new files will check in 5 seconds
2022-11-11 09:19:32,072 - root - INFO - No new files will check in 5 seconds
2022-11-11 09:19:37,086 - root - INFO - No new files will check in 5 seconds
2022-11-11 09:19:42,097 - root - INFO - No new files will check in 5 seconds
2022-11-11 09:19:47,099 - root - INFO - No new files will check in 5 seconds
2022-11-11 09:19:52,114 - root - INFO - No new files will check in 5 seconds
2022-11-11 09:19:56,420 - root - ERROR - Fatal Error
2022-11-11 09:19:56,422 - root - DEBUG - Traceback (most recent call last):
  File "C:\Users\rfranqui\OneDrive - Entegris\Documents\P\Projects\RabbitMQ\send.py", line 245, in main
    except:
KeyboardInterrupt

2022-11-11 09:19:56,424 - root - INFO - Will Attempt Reconection in 5 seconds
2022-11-11 09:19:58,968 - root - INFO - No new files will check in 5 seconds
2022-11-11 09:20:01,624 - root - ERROR - Fatal Error
2022-11-11 09:20:01,626 - root - DEBUG - Traceback (most recent call last):
  File "C:\Users\rfranqui\OneDrive - Entegris\Documents\P\Projects\RabbitMQ\send.py", line 238, in main
    sleep(5)
KeyboardInterrupt

2022-11-11 09:20:01,627 - root - INFO - Will Attempt Reconection in 5 seconds
2022-11-11 09:20:06,642 - root - INFO - No new files will check in 5 seconds
2022-11-11 09:20:11,653 - root - INFO - No new files will check in 5 seconds
2022-11-11 09:20:16,666 - root - INFO - No new files will check in 5 seconds
2022-11-11 09:20:21,713 - root - INFO - No new files will check in 5 seconds
2022-11-11 09:20:26,726 - root - INFO - No new files will check in 5 seconds
2022-11-11 09:20:31,740 - root - INFO - No new files will check in 5 seconds
2022-11-11 09:20:36,745 - root - INFO - No new files will check in 5 seconds
2022-11-11 09:20:41,748 - root - INFO - No new files will check in 5 seconds
2022-11-11 09:20:46,751 - root - INFO - No new files will check in 5 seconds
2022-11-11 09:20:51,756 - root - INFO - No new files will check in 5 seconds
