2022-11-09 14:57:28,847 - root - INFO - No new files will check in 5 seconds
2022-11-09 14:57:33,869 - root - INFO - No new files will check in 5 seconds
2022-11-09 14:57:38,878 - root - INFO - No new files will check in 5 seconds
2022-11-09 14:57:43,881 - root - INFO - No new files will check in 5 seconds
2022-11-09 14:57:48,885 - root - INFO - No new files will check in 5 seconds
2022-11-09 14:57:53,897 - root - INFO - No new files will check in 5 seconds
2022-11-09 14:57:58,907 - root - INFO - No new files will check in 5 seconds
2022-11-09 14:58:03,941 - root - DEBUG - Connection active
2022-11-09 14:58:03,959 - root - INFO - Moved \ag.txt' to long term storage
2022-11-09 14:58:03,976 - root - DEBUG - Connection active
2022-11-09 14:58:04,000 - root - INFO - Moved \CMC_Q02_0MATERIAL_ATTR.csv' to long term storage
2022-11-09 14:58:04,092 - root - DEBUG - Connection active
2022-11-09 14:58:04,110 - root - INFO - Moved \CMC_Q02_0PLANT_ATTR.csv' to long term storage
2022-11-09 14:58:04,123 - root - DEBUG - Connection active
2022-11-09 14:58:04,143 - root - INFO - Moved \CMC_Q02_0PROD_HIER_TEXT.csv' to long term storage
2022-11-09 14:58:04,208 - root - DEBUG - Connection active
2022-11-09 14:58:04,481 - root - INFO - Moved \CMC_Q02_MARM.csv' to long term storage
2022-11-09 14:58:12,497 - root - DEBUG - Connection active
2022-11-09 14:58:12,533 - root - INFO - Moved \CMC_Q02_MAT_PLANT_ATTR.csv' to long term storage
2022-11-09 14:58:12,717 - root - DEBUG - Connection active
2022-11-09 14:58:12,746 - root - INFO - Moved \CMC_Q02_TCURR.csv' to long term storage
2022-11-09 14:58:12,968 - root - DEBUG - Connection active
2022-11-09 14:58:12,989 - root - INFO - Moved \dads.txt' to long term storage
2022-11-09 14:58:13,008 - root - DEBUG - Connection active
2022-11-09 14:58:13,030 - root - INFO - Moved \fdsfdsf.txt' to long term storage
2022-11-09 14:58:13,050 - root - DEBUG - Connection active
2022-11-09 14:58:13,075 - root - INFO - Moved \mike.txt' to long term storage
2022-11-09 14:58:13,093 - root - DEBUG - Connection active
2022-11-09 14:58:13,117 - root - INFO - Moved \one.txt' to long term storage
2022-11-09 14:58:13,124 - root - INFO - No new files will check in 5 seconds
2022-11-09 14:58:18,134 - root - INFO - No new files will check in 5 seconds
2022-11-09 14:58:23,148 - root - INFO - No new files will check in 5 seconds
