2022-11-10 19:04:19,469 - root - INFO - Initiating Connection to RabbitMQ Instance
2022-11-10 19:04:19,474 - root - INFO - Attempting Devmode Connection to RabbitMQ
2022-11-10 19:04:19,495 - root - INFO - Connection to RabbitMQ sucessful
2022-11-10 19:04:19,520 - root - DEBUG - Connection active
2022-11-10 19:04:19,524 - root - INFO - Moved \19-04-14.csv' to long term storage
2022-11-10 19:04:19,536 - root - INFO - Initiating Connection to RabbitMQ Instance
2022-11-10 19:04:19,537 - root - INFO - Attempting Devmode Connection to RabbitMQ
2022-11-10 19:04:19,567 - root - INFO - Connection to RabbitMQ sucessful
2022-11-10 19:04:19,583 - root - DEBUG - Connection active
2022-11-10 19:04:19,588 - root - INFO - Moved \19-04-15.csv' to long term storage
2022-11-10 19:04:19,600 - root - INFO - Initiating Connection to RabbitMQ Instance
2022-11-10 19:04:19,601 - root - INFO - Attempting Devmode Connection to RabbitMQ
2022-11-10 19:04:19,624 - root - INFO - Connection to RabbitMQ sucessful
2022-11-10 19:04:19,645 - root - DEBUG - Connection active
2022-11-10 19:04:19,651 - root - INFO - Moved \19-04-16.csv' to long term storage
2022-11-10 19:04:19,661 - root - INFO - Initiating Connection to RabbitMQ Instance
2022-11-10 19:04:19,662 - root - INFO - Attempting Devmode Connection to RabbitMQ
2022-11-10 19:04:19,690 - root - INFO - Connection to RabbitMQ sucessful
2022-11-10 19:04:19,709 - root - DEBUG - Connection active
2022-11-10 19:04:19,721 - root - INFO - Moved \19-04-17.csv' to long term storage
2022-11-10 19:04:19,731 - root - INFO - No new files will check in 5 seconds
2022-11-10 19:04:24,742 - root - INFO - No new files will check in 5 seconds
2022-11-10 19:04:29,744 - root - INFO - No new files will check in 5 seconds
2022-11-10 19:04:34,750 - root - INFO - No new files will check in 5 seconds
2022-11-10 19:04:39,753 - root - INFO - No new files will check in 5 seconds
2022-11-10 19:04:44,766 - root - INFO - No new files will check in 5 seconds
2022-11-10 19:04:49,774 - root - INFO - No new files will check in 5 seconds
2022-11-10 19:04:54,790 - root - INFO - No new files will check in 5 seconds
2022-11-10 19:04:59,797 - root - INFO - No new files will check in 5 seconds
2022-11-10 19:05:04,811 - root - INFO - No new files will check in 5 seconds
2022-11-10 19:05:09,814 - root - INFO - No new files will check in 5 seconds
2022-11-10 19:05:14,816 - root - INFO - No new files will check in 5 seconds
