2022-11-11 15:06:52,398 - root - DEBUG - Connection active
2022-11-11 15:06:52,408 - root - INFO - Recieved 15-04-20.csv
2022-11-11 15:06:52,421 - root - INFO - File 15-04-20.csv stored successfully
2022-11-11 15:06:52,422 - root - INFO -  [*] Waiting for messages.
2022-11-11 15:06:52,481 - root - DEBUG - Connection active
2022-11-11 15:06:52,481 - root - INFO - Recieved 15-04-21.csv
2022-11-11 15:06:52,494 - root - INFO - File 15-04-21.csv stored successfully
2022-11-11 15:06:52,495 - root - INFO -  [*] Waiting for messages.
2022-11-11 15:06:52,564 - root - DEBUG - Connection active
2022-11-11 15:06:52,565 - root - INFO - Recieved 15-04-22.csv
2022-11-11 15:06:52,580 - root - INFO - File 15-04-22.csv stored successfully
2022-11-11 15:06:52,581 - root - INFO -  [*] Waiting for messages.
2022-11-11 15:06:52,636 - root - DEBUG - Connection active
2022-11-11 15:06:52,637 - root - INFO - Recieved 15-04-23.csv
2022-11-11 15:06:52,649 - root - INFO - File 15-04-23.csv stored successfully
2022-11-11 15:06:52,652 - root - INFO -  [*] Waiting for messages.
2022-11-11 15:06:52,708 - root - DEBUG - Connection active
2022-11-11 15:06:52,709 - root - INFO - Recieved 15-04-24.csv
2022-11-11 15:06:52,721 - root - INFO - File 15-04-24.csv stored successfully
2022-11-11 15:06:52,723 - root - INFO -  [*] Waiting for messages.
2022-11-11 15:06:52,797 - root - DEBUG - Connection active
2022-11-11 15:06:52,798 - root - INFO - Recieved 15-04-25.csv
2022-11-11 15:06:52,814 - root - INFO - File 15-04-25.csv stored successfully
2022-11-11 15:06:52,818 - root - INFO -  [*] Waiting for messages.
2022-11-11 15:06:53,031 - root - DEBUG - Connection active
2022-11-11 15:06:53,040 - root - INFO - Recieved 15-04-26.csv
2022-11-11 15:06:53,065 - root - INFO - File 15-04-26.csv stored successfully
2022-11-11 15:06:53,072 - root - INFO -  [*] Waiting for messages.
2022-11-11 15:06:53,183 - root - DEBUG - Connection active
2022-11-11 15:06:53,185 - root - INFO - Recieved 15-04-27.csv
2022-11-11 15:06:53,199 - root - INFO - File 15-04-27.csv stored successfully
2022-11-11 15:06:53,201 - root - INFO -  [*] Waiting for messages.
2022-11-11 15:06:53,291 - root - DEBUG - Connection active
2022-11-11 15:06:53,293 - root - INFO - Recieved 15-04-28.csv
2022-11-11 15:06:53,308 - root - INFO - File 15-04-28.csv stored successfully
2022-11-11 15:06:53,313 - root - INFO -  [*] Waiting for messages.
2022-11-11 15:06:53,428 - root - DEBUG - Connection active
2022-11-11 15:06:53,430 - root - INFO - Recieved 15-04-29.csv
2022-11-11 15:06:53,445 - root - INFO - File 15-04-29.csv stored successfully
2022-11-11 15:06:53,446 - root - INFO -  [*] Waiting for messages.
2022-11-11 15:06:53,544 - root - DEBUG - Connection active
2022-11-11 15:06:53,545 - root - INFO - Recieved 15-04-30.csv
2022-11-11 15:06:53,561 - root - INFO - File 15-04-30.csv stored successfully
2022-11-11 15:06:53,563 - root - INFO -  [*] Waiting for messages.
2022-11-11 15:06:53,700 - root - DEBUG - Connection active
2022-11-11 15:06:53,702 - root - INFO - Recieved 15-04-31.csv
2022-11-11 15:06:53,716 - root - INFO - File 15-04-31.csv stored successfully
2022-11-11 15:06:53,719 - root - INFO -  [*] Waiting for messages.
2022-11-11 15:06:53,837 - root - DEBUG - Connection active
2022-11-11 15:06:53,838 - root - INFO - Recieved 15-04-32.csv
2022-11-11 15:06:53,851 - root - INFO - File 15-04-32.csv stored successfully
2022-11-11 15:06:53,853 - root - INFO -  [*] Waiting for messages.
2022-11-11 15:06:53,948 - root - DEBUG - Connection active
2022-11-11 15:06:53,949 - root - INFO - Recieved 15-04-33.csv
2022-11-11 15:06:53,964 - root - INFO - File 15-04-33.csv stored successfully
2022-11-11 15:06:53,965 - root - INFO -  [*] Waiting for messages.
2022-11-11 15:06:54,092 - root - DEBUG - Connection active
2022-11-11 15:06:54,093 - root - INFO - Recieved 15-04-34.csv
2022-11-11 15:06:54,120 - root - INFO - File 15-04-34.csv stored successfully
2022-11-11 15:06:54,127 - root - INFO -  [*] Waiting for messages.
2022-11-11 15:06:54,287 - root - DEBUG - Connection active
2022-11-11 15:06:54,290 - root - INFO - Recieved 15-04-36.csv
2022-11-11 15:06:54,303 - root - INFO - File 15-04-36.csv stored successfully
2022-11-11 15:06:54,305 - root - INFO -  [*] Waiting for messages.
2022-11-11 15:06:54,373 - root - DEBUG - Connection active
2022-11-11 15:06:54,374 - root - INFO - Recieved 15-04-37.csv
2022-11-11 15:06:54,388 - root - INFO - File 15-04-37.csv stored successfully
2022-11-11 15:06:54,390 - root - INFO -  [*] Waiting for messages.
2022-11-11 15:06:54,479 - root - DEBUG - Connection active
2022-11-11 15:06:54,481 - root - INFO - Recieved 15-04-38.csv
2022-11-11 15:06:54,494 - root - INFO - File 15-04-38.csv stored successfully
2022-11-11 15:06:54,495 - root - INFO -  [*] Waiting for messages.
2022-11-11 15:06:54,611 - root - DEBUG - Connection active
2022-11-11 15:06:54,613 - root - INFO - Recieved 15-04-39.csv
2022-11-11 15:06:54,627 - root - INFO - File 15-04-39.csv stored successfully
2022-11-11 15:06:54,629 - root - INFO -  [*] Waiting for messages.
2022-11-11 15:06:54,734 - root - DEBUG - Connection active
2022-11-11 15:06:54,738 - root - INFO - Recieved 15-04-40.csv
2022-11-11 15:06:54,763 - root - INFO - File 15-04-40.csv stored successfully
2022-11-11 15:06:54,765 - root - INFO -  [*] Waiting for messages.
2022-11-11 15:06:54,873 - root - DEBUG - Connection active
2022-11-11 15:06:54,875 - root - INFO - Recieved 15-04-41.csv
2022-11-11 15:06:54,893 - root - INFO - File 15-04-41.csv stored successfully
2022-11-11 15:06:54,896 - root - INFO -  [*] Waiting for messages.
2022-11-11 15:06:55,056 - root - DEBUG - Connection active
2022-11-11 15:06:55,061 - root - INFO - Recieved 15-04-42.csv
2022-11-11 15:06:55,080 - root - INFO - File 15-04-42.csv stored successfully
2022-11-11 15:06:55,083 - root - INFO -  [*] Waiting for messages.
2022-11-11 15:06:55,232 - root - DEBUG - Connection active
2022-11-11 15:06:55,242 - root - INFO - Recieved 15-04-43.csv
2022-11-11 15:06:55,260 - root - INFO - File 15-04-43.csv stored successfully
2022-11-11 15:06:55,267 - root - INFO -  [*] Waiting for messages.
2022-11-11 15:06:55,466 - root - DEBUG - Connection active
2022-11-11 15:06:55,468 - root - INFO - Recieved 15-04-44.csv
2022-11-11 15:06:55,492 - root - INFO - File 15-04-44.csv stored successfully
2022-11-11 15:06:55,496 - root - INFO -  [*] Waiting for messages.
2022-11-11 15:06:55,689 - root - DEBUG - Connection active
2022-11-11 15:06:55,691 - root - INFO - Recieved 15-04-45.csv
2022-11-11 15:06:55,707 - root - INFO - File 15-04-45.csv stored successfully
2022-11-11 15:06:55,714 - root - INFO -  [*] Waiting for messages.
2022-11-11 15:06:55,815 - root - DEBUG - Connection active
2022-11-11 15:06:55,818 - root - INFO - Recieved 15-04-46.csv
2022-11-11 15:06:55,829 - root - INFO - File 15-04-46.csv stored successfully
2022-11-11 15:06:55,830 - root - INFO -  [*] Waiting for messages.
2022-11-11 15:06:55,915 - root - DEBUG - Connection active
2022-11-11 15:06:55,916 - root - INFO - Recieved 15-04-47.csv
2022-11-11 15:06:55,930 - root - INFO - File 15-04-47.csv stored successfully
2022-11-11 15:06:55,932 - root - INFO -  [*] Waiting for messages.
2022-11-11 15:06:56,017 - root - DEBUG - Connection active
2022-11-11 15:06:56,020 - root - INFO - Recieved 15-04-48.csv
2022-11-11 15:06:56,031 - root - INFO - File 15-04-48.csv stored successfully
2022-11-11 15:06:56,034 - root - INFO -  [*] Waiting for messages.
2022-11-11 15:06:56,136 - root - DEBUG - Connection active
2022-11-11 15:06:56,140 - root - INFO - Recieved 15-04-49.csv
2022-11-11 15:06:56,156 - root - INFO - File 15-04-49.csv stored successfully
2022-11-11 15:06:56,159 - root - INFO -  [*] Waiting for messages.
2022-11-11 15:06:56,226 - root - DEBUG - Connection active
2022-11-11 15:06:56,227 - root - INFO - Recieved 15-04-50.csv
2022-11-11 15:06:56,240 - root - INFO - File 15-04-50.csv stored successfully
2022-11-11 15:06:56,241 - root - INFO -  [*] Waiting for messages.
2022-11-11 15:06:56,318 - root - DEBUG - Connection active
2022-11-11 15:06:56,319 - root - INFO - Recieved 15-04-51.csv
2022-11-11 15:06:56,332 - root - INFO - File 15-04-51.csv stored successfully
2022-11-11 15:06:56,333 - root - INFO -  [*] Waiting for messages.
2022-11-11 15:06:56,404 - root - DEBUG - Connection active
2022-11-11 15:06:56,406 - root - INFO - Recieved 15-04-52.csv
2022-11-11 15:06:56,417 - root - INFO - File 15-04-52.csv stored successfully
2022-11-11 15:06:56,418 - root - INFO -  [*] Waiting for messages.
2022-11-11 15:06:56,485 - root - DEBUG - Connection active
2022-11-11 15:06:56,486 - root - INFO - Recieved 15-04-53.csv
2022-11-11 15:06:56,499 - root - INFO - File 15-04-53.csv stored successfully
2022-11-11 15:06:56,500 - root - INFO -  [*] Waiting for messages.
2022-11-11 15:06:56,566 - root - DEBUG - Connection active
2022-11-11 15:06:56,567 - root - INFO - Recieved 15-04-54.csv
2022-11-11 15:06:56,580 - root - INFO - File 15-04-54.csv stored successfully
2022-11-11 15:06:56,581 - root - INFO -  [*] Waiting for messages.
2022-11-11 15:06:56,676 - root - DEBUG - Connection active
2022-11-11 15:06:56,678 - root - INFO - Recieved 15-04-55.csv
2022-11-11 15:06:56,690 - root - INFO - File 15-04-55.csv stored successfully
2022-11-11 15:06:56,693 - root - INFO -  [*] Waiting for messages.
2022-11-11 15:06:56,790 - root - DEBUG - Connection active
2022-11-11 15:06:56,791 - root - INFO - Recieved 15-04-56.csv
2022-11-11 15:06:56,806 - root - INFO - File 15-04-56.csv stored successfully
2022-11-11 15:06:56,807 - root - INFO -  [*] Waiting for messages.
2022-11-11 15:06:56,911 - root - DEBUG - Connection active
2022-11-11 15:06:56,912 - root - INFO - Recieved 15-04-57.csv
2022-11-11 15:06:56,927 - root - INFO - File 15-04-57.csv stored successfully
2022-11-11 15:06:56,928 - root - INFO -  [*] Waiting for messages.
2022-11-11 15:06:57,013 - root - DEBUG - Connection active
2022-11-11 15:06:57,014 - root - INFO - Recieved 15-04-58.csv
2022-11-11 15:06:57,029 - root - INFO - File 15-04-58.csv stored successfully
2022-11-11 15:06:57,038 - root - INFO -  [*] Waiting for messages.
2022-11-11 15:06:57,174 - root - DEBUG - Connection active
2022-11-11 15:06:57,176 - root - INFO - Recieved 15-04-59.csv
2022-11-11 15:06:57,191 - root - INFO - File 15-04-59.csv stored successfully
2022-11-11 15:06:57,196 - root - INFO -  [*] Waiting for messages.
2022-11-11 15:06:57,348 - root - DEBUG - Connection active
2022-11-11 15:06:57,350 - root - INFO - Recieved 15-05-00.csv
2022-11-11 15:06:57,366 - root - INFO - File 15-05-00.csv stored successfully
2022-11-11 15:06:57,367 - root - INFO -  [*] Waiting for messages.
2022-11-11 15:06:57,463 - root - DEBUG - Connection active
2022-11-11 15:06:57,465 - root - INFO - Recieved 15-05-01.csv
2022-11-11 15:06:57,478 - root - INFO - File 15-05-01.csv stored successfully
2022-11-11 15:06:57,479 - root - INFO -  [*] Waiting for messages.
2022-11-11 15:06:57,575 - root - DEBUG - Connection active
2022-11-11 15:06:57,576 - root - INFO - Recieved 15-05-02.csv
2022-11-11 15:06:57,590 - root - INFO - File 15-05-02.csv stored successfully
2022-11-11 15:06:57,591 - root - INFO -  [*] Waiting for messages.
2022-11-11 15:06:57,678 - root - DEBUG - Connection active
2022-11-11 15:06:57,688 - root - INFO - Recieved 15-05-03.csv
2022-11-11 15:06:57,701 - root - INFO - File 15-05-03.csv stored successfully
2022-11-11 15:06:57,704 - root - INFO -  [*] Waiting for messages.
2022-11-11 15:06:57,807 - root - DEBUG - Connection active
2022-11-11 15:06:57,811 - root - INFO - Recieved 15-05-04.csv
2022-11-11 15:06:57,829 - root - INFO - File 15-05-04.csv stored successfully
2022-11-11 15:06:57,831 - root - INFO -  [*] Waiting for messages.
2022-11-11 15:06:57,920 - root - DEBUG - Connection active
2022-11-11 15:06:57,921 - root - INFO - Recieved 15-05-06.csv
2022-11-11 15:06:57,934 - root - INFO - File 15-05-06.csv stored successfully
2022-11-11 15:06:57,936 - root - INFO -  [*] Waiting for messages.
2022-11-11 15:06:58,015 - root - DEBUG - Connection active
2022-11-11 15:06:58,016 - root - INFO - Recieved 15-05-07.csv
2022-11-11 15:06:58,028 - root - INFO - File 15-05-07.csv stored successfully
2022-11-11 15:06:58,030 - root - INFO -  [*] Waiting for messages.
2022-11-11 15:06:58,108 - root - DEBUG - Connection active
2022-11-11 15:06:58,110 - root - INFO - Recieved 15-05-08.csv
2022-11-11 15:06:58,125 - root - INFO - File 15-05-08.csv stored successfully
2022-11-11 15:06:58,126 - root - INFO -  [*] Waiting for messages.
2022-11-11 15:06:58,216 - root - DEBUG - Connection active
2022-11-11 15:06:58,217 - root - INFO - Recieved 15-05-09.csv
2022-11-11 15:06:58,231 - root - INFO - File 15-05-09.csv stored successfully
2022-11-11 15:06:58,233 - root - INFO -  [*] Waiting for messages.
2022-11-11 15:06:58,309 - root - DEBUG - Connection active
2022-11-11 15:06:58,311 - root - INFO - Recieved 15-05-10.csv
2022-11-11 15:06:58,326 - root - INFO - File 15-05-10.csv stored successfully
2022-11-11 15:06:58,327 - root - INFO -  [*] Waiting for messages.
2022-11-11 15:06:58,413 - root - DEBUG - Connection active
2022-11-11 15:06:58,414 - root - INFO - Recieved 15-05-11.csv
2022-11-11 15:06:58,427 - root - INFO - File 15-05-11.csv stored successfully
2022-11-11 15:06:58,428 - root - INFO -  [*] Waiting for messages.
2022-11-11 15:06:58,520 - root - DEBUG - Connection active
2022-11-11 15:06:58,521 - root - INFO - Recieved 15-05-12.csv
2022-11-11 15:06:58,536 - root - INFO - File 15-05-12.csv stored successfully
2022-11-11 15:06:58,537 - root - INFO -  [*] Waiting for messages.
2022-11-11 15:06:58,635 - root - DEBUG - Connection active
2022-11-11 15:06:58,636 - root - INFO - Recieved 15-05-13.csv
2022-11-11 15:06:58,648 - root - INFO - File 15-05-13.csv stored successfully
2022-11-11 15:06:58,649 - root - INFO -  [*] Waiting for messages.
2022-11-11 15:06:58,733 - root - DEBUG - Connection active
2022-11-11 15:06:58,734 - root - INFO - Recieved 15-05-14.csv
2022-11-11 15:06:58,747 - root - INFO - File 15-05-14.csv stored successfully
2022-11-11 15:06:58,749 - root - INFO -  [*] Waiting for messages.
2022-11-11 15:06:58,836 - root - DEBUG - Connection active
2022-11-11 15:06:58,837 - root - INFO - Recieved 15-05-15.csv
2022-11-11 15:06:58,856 - root - INFO - File 15-05-15.csv stored successfully
2022-11-11 15:06:58,859 - root - INFO -  [*] Waiting for messages.
2022-11-11 15:06:58,984 - root - DEBUG - Connection active
2022-11-11 15:06:58,985 - root - INFO - Recieved 15-05-16.csv
2022-11-11 15:06:59,000 - root - INFO - File 15-05-16.csv stored successfully
2022-11-11 15:06:59,004 - root - INFO -  [*] Waiting for messages.
2022-11-11 15:06:59,107 - root - DEBUG - Connection active
2022-11-11 15:06:59,109 - root - INFO - Recieved 15-05-17.csv
2022-11-11 15:06:59,122 - root - INFO - File 15-05-17.csv stored successfully
2022-11-11 15:06:59,128 - root - INFO -  [*] Waiting for messages.
2022-11-11 15:06:59,203 - root - DEBUG - Connection active
2022-11-11 15:06:59,204 - root - INFO - Recieved 15-05-18.csv
2022-11-11 15:06:59,215 - root - INFO - File 15-05-18.csv stored successfully
2022-11-11 15:06:59,219 - root - INFO -  [*] Waiting for messages.
2022-11-11 15:06:59,353 - root - DEBUG - Connection active
2022-11-11 15:06:59,363 - root - INFO - Recieved 15-05-43.csv
2022-11-11 15:06:59,398 - root - INFO - File 15-05-43.csv stored successfully
2022-11-11 15:06:59,399 - root - INFO -  [*] Waiting for messages.
2022-11-11 15:06:59,632 - root - DEBUG - Connection active
2022-11-11 15:06:59,641 - root - INFO - Recieved 15-05-44.csv
2022-11-11 15:06:59,666 - root - INFO - File 15-05-44.csv stored successfully
2022-11-11 15:06:59,668 - root - INFO -  [*] Waiting for messages.
2022-11-11 15:06:59,846 - root - DEBUG - Connection active
2022-11-11 15:06:59,855 - root - INFO - Recieved 15-05-45.csv
2022-11-11 15:06:59,878 - root - INFO - File 15-05-45.csv stored successfully
2022-11-11 15:06:59,881 - root - INFO -  [*] Waiting for messages.
2022-11-11 15:07:00,270 - root - DEBUG - Connection active
2022-11-11 15:07:00,288 - root - INFO - Recieved 15-05-46.csv
2022-11-11 15:07:00,317 - root - INFO - File 15-05-46.csv stored successfully
2022-11-11 15:07:00,320 - root - INFO -  [*] Waiting for messages.
2022-11-11 15:07:00,573 - root - DEBUG - Connection active
2022-11-11 15:07:00,586 - root - INFO - Recieved 15-05-47.csv
2022-11-11 15:07:00,610 - root - INFO - File 15-05-47.csv stored successfully
2022-11-11 15:07:00,614 - root - INFO -  [*] Waiting for messages.
2022-11-11 15:07:00,863 - root - DEBUG - Connection active
2022-11-11 15:07:00,873 - root - INFO - Recieved 15-05-48.csv
2022-11-11 15:07:00,894 - root - INFO - File 15-05-48.csv stored successfully
2022-11-11 15:07:00,896 - root - INFO -  [*] Waiting for messages.
2022-11-11 15:07:01,161 - root - DEBUG - Connection active
2022-11-11 15:07:01,169 - root - INFO - Recieved 15-05-49.csv
2022-11-11 15:07:01,201 - root - INFO - File 15-05-49.csv stored successfully
2022-11-11 15:07:01,202 - root - INFO -  [*] Waiting for messages.
2022-11-11 15:07:01,475 - root - DEBUG - Connection active
2022-11-11 15:07:01,484 - root - INFO - Recieved 15-05-51.csv
2022-11-11 15:07:01,508 - root - INFO - File 15-05-51.csv stored successfully
2022-11-11 15:07:01,510 - root - INFO -  [*] Waiting for messages.
2022-11-11 15:07:01,750 - root - DEBUG - Connection active
2022-11-11 15:07:01,759 - root - INFO - Recieved 15-05-52.csv
2022-11-11 15:07:01,784 - root - INFO - File 15-05-52.csv stored successfully
2022-11-11 15:07:01,785 - root - INFO -  [*] Waiting for messages.
2022-11-11 15:07:02,018 - root - DEBUG - Connection active
2022-11-11 15:07:02,029 - root - INFO - Recieved 15-05-53.csv
2022-11-11 15:07:02,050 - root - INFO - File 15-05-53.csv stored successfully
2022-11-11 15:07:02,051 - root - INFO -  [*] Waiting for messages.
2022-11-11 15:07:02,284 - root - DEBUG - Connection active
2022-11-11 15:07:02,294 - root - INFO - Recieved 15-05-54.csv
2022-11-11 15:07:02,316 - root - INFO - File 15-05-54.csv stored successfully
2022-11-11 15:07:02,319 - root - INFO -  [*] Waiting for messages.
2022-11-11 15:07:02,549 - root - DEBUG - Connection active
2022-11-11 15:07:02,557 - root - INFO - Recieved 15-05-55.csv
2022-11-11 15:07:02,576 - root - INFO - File 15-05-55.csv stored successfully
2022-11-11 15:07:02,578 - root - INFO -  [*] Waiting for messages.
2022-11-11 15:07:02,860 - root - DEBUG - Connection active
2022-11-11 15:07:02,870 - root - INFO - Recieved 15-05-56.csv
2022-11-11 15:07:02,892 - root - INFO - File 15-05-56.csv stored successfully
2022-11-11 15:07:02,894 - root - INFO -  [*] Waiting for messages.
2022-11-11 15:07:03,101 - root - DEBUG - Connection active
2022-11-11 15:07:03,111 - root - INFO - Recieved 15-05-57.csv
2022-11-11 15:07:03,131 - root - INFO - File 15-05-57.csv stored successfully
2022-11-11 15:07:03,133 - root - INFO -  [*] Waiting for messages.
2022-11-11 15:07:03,346 - root - DEBUG - Connection active
2022-11-11 15:07:03,354 - root - INFO - Recieved 15-05-59.csv
2022-11-11 15:07:03,373 - root - INFO - File 15-05-59.csv stored successfully
2022-11-11 15:07:03,374 - root - INFO -  [*] Waiting for messages.
2022-11-11 15:07:03,605 - root - DEBUG - Connection active
2022-11-11 15:07:03,614 - root - INFO - Recieved 15-06-00.csv
2022-11-11 15:07:03,638 - root - INFO - File 15-06-00.csv stored successfully
2022-11-11 15:07:03,639 - root - INFO -  [*] Waiting for messages.
2022-11-11 15:07:03,886 - root - DEBUG - Connection active
2022-11-11 15:07:03,899 - root - INFO - Recieved 15-06-01.csv
2022-11-11 15:07:03,919 - root - INFO - File 15-06-01.csv stored successfully
2022-11-11 15:07:03,920 - root - INFO -  [*] Waiting for messages.
2022-11-11 15:07:04,194 - root - DEBUG - Connection active
2022-11-11 15:07:04,205 - root - INFO - Recieved 15-06-02.csv
2022-11-11 15:07:04,234 - root - INFO - File 15-06-02.csv stored successfully
2022-11-11 15:07:04,235 - root - INFO -  [*] Waiting for messages.
2022-11-11 15:07:04,457 - root - DEBUG - Connection active
2022-11-11 15:07:04,470 - root - INFO - Recieved 15-06-03.csv
2022-11-11 15:07:04,490 - root - INFO - File 15-06-03.csv stored successfully
2022-11-11 15:07:04,493 - root - INFO -  [*] Waiting for messages.
2022-11-11 15:07:04,709 - root - DEBUG - Connection active
2022-11-11 15:07:04,716 - root - INFO - Recieved 15-06-04.csv
2022-11-11 15:07:04,734 - root - INFO - File 15-06-04.csv stored successfully
2022-11-11 15:07:04,735 - root - INFO -  [*] Waiting for messages.
2022-11-11 15:07:04,999 - root - DEBUG - Connection active
2022-11-11 15:07:05,006 - root - INFO - Recieved 15-06-05.csv
2022-11-11 15:07:05,022 - root - INFO - File 15-06-05.csv stored successfully
2022-11-11 15:07:05,026 - root - INFO -  [*] Waiting for messages.
2022-11-11 15:07:05,327 - root - DEBUG - Connection active
2022-11-11 15:07:05,337 - root - INFO - Recieved 15-06-07.csv
2022-11-11 15:07:05,365 - root - INFO - File 15-06-07.csv stored successfully
2022-11-11 15:07:05,369 - root - INFO -  [*] Waiting for messages.
2022-11-11 15:07:05,598 - root - DEBUG - Connection active
2022-11-11 15:07:05,609 - root - INFO - Recieved 15-06-08.csv
2022-11-11 15:07:05,645 - root - INFO - File 15-06-08.csv stored successfully
2022-11-11 15:07:05,648 - root - INFO -  [*] Waiting for messages.
2022-11-11 15:07:05,916 - root - DEBUG - Connection active
2022-11-11 15:07:05,925 - root - INFO - Recieved 15-06-09.csv
2022-11-11 15:07:05,946 - root - INFO - File 15-06-09.csv stored successfully
2022-11-11 15:07:05,950 - root - INFO -  [*] Waiting for messages.
2022-11-11 15:07:06,199 - root - DEBUG - Connection active
2022-11-11 15:07:06,206 - root - INFO - Recieved 15-06-10.csv
2022-11-11 15:07:06,224 - root - INFO - File 15-06-10.csv stored successfully
2022-11-11 15:07:06,226 - root - INFO -  [*] Waiting for messages.
2022-11-11 15:07:06,443 - root - DEBUG - Connection active
2022-11-11 15:07:06,450 - root - INFO - Recieved 15-06-11.csv
2022-11-11 15:07:06,471 - root - INFO - File 15-06-11.csv stored successfully
2022-11-11 15:07:06,472 - root - INFO -  [*] Waiting for messages.
2022-11-11 15:07:06,681 - root - DEBUG - Connection active
2022-11-11 15:07:06,689 - root - INFO - Recieved 15-06-12.csv
2022-11-11 15:07:06,709 - root - INFO - File 15-06-12.csv stored successfully
2022-11-11 15:07:06,709 - root - INFO -  [*] Waiting for messages.
2022-11-11 15:07:06,967 - root - DEBUG - Connection active
2022-11-11 15:07:06,977 - root - INFO - Recieved 15-06-13.csv
2022-11-11 15:07:07,004 - root - INFO - File 15-06-13.csv stored successfully
2022-11-11 15:07:07,005 - root - INFO -  [*] Waiting for messages.
2022-11-11 15:07:07,383 - root - DEBUG - Connection active
2022-11-11 15:07:07,396 - root - INFO - Recieved 15-06-15.csv
2022-11-11 15:07:07,434 - root - INFO - File 15-06-15.csv stored successfully
2022-11-11 15:07:07,436 - root - INFO -  [*] Waiting for messages.
2022-11-11 15:07:07,746 - root - DEBUG - Connection active
2022-11-11 15:07:07,758 - root - INFO - Recieved 15-06-16.csv
2022-11-11 15:07:07,786 - root - INFO - File 15-06-16.csv stored successfully
2022-11-11 15:07:07,788 - root - INFO -  [*] Waiting for messages.
2022-11-11 15:07:08,083 - root - DEBUG - Connection active
2022-11-11 15:07:08,096 - root - INFO - Recieved 15-06-17.csv
2022-11-11 15:07:08,125 - root - INFO - File 15-06-17.csv stored successfully
2022-11-11 15:07:08,126 - root - INFO -  [*] Waiting for messages.
2022-11-11 15:07:08,485 - root - DEBUG - Connection active
2022-11-11 15:07:08,495 - root - INFO - Recieved 15-06-18.csv
2022-11-11 15:07:08,525 - root - INFO - File 15-06-18.csv stored successfully
2022-11-11 15:07:08,528 - root - INFO -  [*] Waiting for messages.
2022-11-11 15:07:08,722 - root - DEBUG - Connection active
2022-11-11 15:07:08,730 - root - INFO - Recieved 15-06-19.csv
2022-11-11 15:07:08,748 - root - INFO - File 15-06-19.csv stored successfully
2022-11-11 15:07:08,749 - root - INFO -  [*] Waiting for messages.
2022-11-11 15:07:08,999 - root - DEBUG - Connection active
2022-11-11 15:07:09,010 - root - INFO - Recieved 15-06-20.csv
2022-11-11 15:07:09,025 - root - INFO - File 15-06-20.csv stored successfully
2022-11-11 15:07:09,026 - root - INFO -  [*] Waiting for messages.
2022-11-11 15:07:09,286 - root - DEBUG - Connection active
2022-11-11 15:07:09,294 - root - INFO - Recieved 15-06-22.csv
2022-11-11 15:07:09,314 - root - INFO - File 15-06-22.csv stored successfully
2022-11-11 15:07:09,315 - root - INFO -  [*] Waiting for messages.
2022-11-11 15:07:09,561 - root - DEBUG - Connection active
2022-11-11 15:07:09,570 - root - INFO - Recieved 15-06-23.csv
2022-11-11 15:07:09,592 - root - INFO - File 15-06-23.csv stored successfully
2022-11-11 15:07:09,594 - root - INFO -  [*] Waiting for messages.
2022-11-11 15:07:09,810 - root - DEBUG - Connection active
2022-11-11 15:07:09,819 - root - INFO - Recieved 15-06-24.csv
2022-11-11 15:07:09,839 - root - INFO - File 15-06-24.csv stored successfully
2022-11-11 15:07:09,842 - root - INFO -  [*] Waiting for messages.
2022-11-11 15:07:10,071 - root - DEBUG - Connection active
2022-11-11 15:07:10,081 - root - INFO - Recieved 15-06-25.csv
2022-11-11 15:07:10,099 - root - INFO - File 15-06-25.csv stored successfully
2022-11-11 15:07:10,101 - root - INFO -  [*] Waiting for messages.
2022-11-11 15:07:10,322 - root - DEBUG - Connection active
2022-11-11 15:07:10,330 - root - INFO - Recieved 15-06-26.csv
2022-11-11 15:07:10,350 - root - INFO - File 15-06-26.csv stored successfully
2022-11-11 15:07:10,350 - root - INFO -  [*] Waiting for messages.
2022-11-11 15:07:10,572 - root - DEBUG - Connection active
2022-11-11 15:07:10,581 - root - INFO - Recieved 15-06-27.csv
2022-11-11 15:07:10,601 - root - INFO - File 15-06-27.csv stored successfully
2022-11-11 15:07:10,602 - root - INFO -  [*] Waiting for messages.
2022-11-11 15:07:10,943 - root - DEBUG - Connection active
2022-11-11 15:07:10,954 - root - INFO - Recieved 15-06-28.csv
2022-11-11 15:07:11,009 - root - INFO - File 15-06-28.csv stored successfully
2022-11-11 15:07:11,014 - root - INFO -  [*] Waiting for messages.
2022-11-11 15:07:11,288 - root - DEBUG - Connection active
2022-11-11 15:07:11,302 - root - INFO - Recieved 15-06-29.csv
2022-11-11 15:07:11,328 - root - INFO - File 15-06-29.csv stored successfully
2022-11-11 15:07:11,330 - root - INFO -  [*] Waiting for messages.
2022-11-11 15:07:11,654 - root - DEBUG - Connection active
2022-11-11 15:07:11,664 - root - INFO - Recieved 15-06-31.csv
2022-11-11 15:07:11,689 - root - INFO - File 15-06-31.csv stored successfully
2022-11-11 15:07:11,690 - root - INFO -  [*] Waiting for messages.
2022-11-11 15:07:11,927 - root - DEBUG - Connection active
2022-11-11 15:07:11,935 - root - INFO - Recieved 15-06-32.csv
2022-11-11 15:07:11,951 - root - INFO - File 15-06-32.csv stored successfully
2022-11-11 15:07:11,953 - root - INFO -  [*] Waiting for messages.
2022-11-11 15:07:12,244 - root - DEBUG - Connection active
2022-11-11 15:07:12,253 - root - INFO - Recieved 15-06-33.csv
2022-11-11 15:07:12,275 - root - INFO - File 15-06-33.csv stored successfully
2022-11-11 15:07:12,280 - root - INFO -  [*] Waiting for messages.
2022-11-11 15:07:12,506 - root - DEBUG - Connection active
2022-11-11 15:07:12,515 - root - INFO - Recieved 15-06-34.csv
2022-11-11 15:07:12,537 - root - INFO - File 15-06-34.csv stored successfully
2022-11-11 15:07:12,540 - root - INFO -  [*] Waiting for messages.
2022-11-11 15:07:12,825 - root - DEBUG - Connection active
2022-11-11 15:07:12,835 - root - INFO - Recieved 15-06-35.csv
2022-11-11 15:07:12,860 - root - INFO - File 15-06-35.csv stored successfully
2022-11-11 15:07:12,860 - root - INFO -  [*] Waiting for messages.
2022-11-11 15:07:13,119 - root - DEBUG - Connection active
2022-11-11 15:07:13,127 - root - INFO - Recieved 15-06-37.csv
2022-11-11 15:07:13,149 - root - INFO - File 15-06-37.csv stored successfully
2022-11-11 15:07:13,150 - root - INFO -  [*] Waiting for messages.
2022-11-11 15:07:13,395 - root - DEBUG - Connection active
2022-11-11 15:07:13,404 - root - INFO - Recieved 15-06-38.csv
2022-11-11 15:07:13,425 - root - INFO - File 15-06-38.csv stored successfully
2022-11-11 15:07:13,427 - root - INFO -  [*] Waiting for messages.
2022-11-11 15:07:13,676 - root - DEBUG - Connection active
2022-11-11 15:07:13,685 - root - INFO - Recieved 15-06-39.csv
2022-11-11 15:07:13,706 - root - INFO - File 15-06-39.csv stored successfully
2022-11-11 15:07:13,707 - root - INFO -  [*] Waiting for messages.
2022-11-11 15:07:13,861 - root - DEBUG - Connection active
2022-11-11 15:07:13,863 - root - INFO - Recieved 15-04-21.csv
2022-11-11 15:07:13,872 - root - INFO - File 15-04-21.csv stored successfully
2022-11-11 15:07:13,874 - root - INFO -  [*] Waiting for messages.
2022-11-11 15:07:13,974 - root - DEBUG - Connection active
2022-11-11 15:07:13,979 - root - INFO - Recieved 15-04-22.csv
2022-11-11 15:07:13,989 - root - INFO - File 15-04-22.csv stored successfully
2022-11-11 15:07:13,993 - root - INFO -  [*] Waiting for messages.
2022-11-11 15:07:14,065 - root - DEBUG - Connection active
2022-11-11 15:07:14,077 - root - INFO - Recieved 15-06-41.csv
2022-11-11 15:07:14,105 - root - INFO - File 15-06-41.csv stored successfully
2022-11-11 15:07:14,108 - root - INFO -  [*] Waiting for messages.
2022-11-11 15:07:14,133 - root - DEBUG - Connection active
2022-11-11 15:07:14,137 - root - INFO - Recieved 15-04-23.csv
2022-11-11 15:07:14,146 - root - INFO - File 15-04-23.csv stored successfully
2022-11-11 15:07:14,150 - root - INFO -  [*] Waiting for messages.
2022-11-11 15:07:14,184 - root - DEBUG - Connection active
2022-11-11 15:07:14,185 - root - INFO - Recieved 15-04-25.csv
2022-11-11 15:07:14,196 - root - INFO - File 15-04-25.csv stored successfully
2022-11-11 15:07:14,197 - root - INFO -  [*] Waiting for messages.
2022-11-11 15:07:14,277 - root - DEBUG - Connection active
2022-11-11 15:07:14,279 - root - INFO - Recieved 15-04-26.csv
2022-11-11 15:07:14,287 - root - INFO - File 15-04-26.csv stored successfully
2022-11-11 15:07:14,289 - root - INFO -  [*] Waiting for messages.
2022-11-11 15:07:14,380 - root - DEBUG - Connection active
2022-11-11 15:07:14,394 - root - INFO - Recieved 15-06-42.csv
2022-11-11 15:07:14,419 - root - INFO - File 15-06-42.csv stored successfully
2022-11-11 15:07:14,420 - root - INFO -  [*] Waiting for messages.
2022-11-11 15:07:14,457 - root - DEBUG - Connection active
2022-11-11 15:07:14,461 - root - INFO - Recieved 15-04-27.csv
2022-11-11 15:07:14,471 - root - INFO - File 15-04-27.csv stored successfully
2022-11-11 15:07:14,474 - root - INFO -  [*] Waiting for messages.
2022-11-11 15:07:14,509 - root - DEBUG - Connection active
2022-11-11 15:07:14,510 - root - INFO - Recieved 15-04-28.csv
2022-11-11 15:07:14,520 - root - INFO - File 15-04-28.csv stored successfully
2022-11-11 15:07:14,521 - root - INFO -  [*] Waiting for messages.
2022-11-11 15:07:14,552 - root - DEBUG - Connection active
2022-11-11 15:07:14,553 - root - INFO - Recieved 15-04-29.csv
2022-11-11 15:07:14,564 - root - INFO - File 15-04-29.csv stored successfully
2022-11-11 15:07:14,566 - root - INFO -  [*] Waiting for messages.
2022-11-11 15:07:14,650 - root - DEBUG - Connection active
2022-11-11 15:07:14,651 - root - INFO - Recieved 15-04-30.csv
2022-11-11 15:07:14,661 - root - INFO - File 15-04-30.csv stored successfully
2022-11-11 15:07:14,662 - root - INFO -  [*] Waiting for messages.
2022-11-11 15:07:14,755 - root - DEBUG - Connection active
2022-11-11 15:07:14,764 - root - INFO - Recieved 15-06-43.csv
2022-11-11 15:07:14,791 - root - INFO - File 15-06-43.csv stored successfully
2022-11-11 15:07:14,795 - root - INFO -  [*] Waiting for messages.
2022-11-11 15:07:14,842 - root - DEBUG - Connection active
2022-11-11 15:07:14,846 - root - INFO - Recieved 15-04-31.csv
2022-11-11 15:07:14,858 - root - INFO - File 15-04-31.csv stored successfully
2022-11-11 15:07:14,860 - root - INFO -  [*] Waiting for messages.
2022-11-11 15:07:14,900 - root - DEBUG - Connection active
2022-11-11 15:07:14,901 - root - INFO - Recieved 15-04-32.csv
2022-11-11 15:07:14,913 - root - INFO - File 15-04-32.csv stored successfully
2022-11-11 15:07:14,915 - root - INFO -  [*] Waiting for messages.
2022-11-11 15:07:14,968 - root - DEBUG - Connection active
2022-11-11 15:07:14,970 - root - INFO - Recieved 15-04-33.csv
2022-11-11 15:07:14,983 - root - INFO - File 15-04-33.csv stored successfully
2022-11-11 15:07:14,984 - root - INFO -  [*] Waiting for messages.
2022-11-11 15:07:15,053 - root - DEBUG - Connection active
2022-11-11 15:07:15,054 - root - INFO - Recieved 15-04-34.csv
2022-11-11 15:07:15,066 - root - INFO - File 15-04-34.csv stored successfully
2022-11-11 15:07:15,067 - root - INFO -  [*] Waiting for messages.
2022-11-11 15:07:15,102 - root - DEBUG - Connection active
2022-11-11 15:07:15,112 - root - INFO - Recieved 15-06-45.csv
2022-11-11 15:07:15,142 - root - INFO - File 15-06-45.csv stored successfully
2022-11-11 15:07:15,145 - root - INFO -  [*] Waiting for messages.
2022-11-11 15:07:15,186 - root - DEBUG - Connection active
2022-11-11 15:07:15,187 - root - INFO - Recieved 15-04-35.csv
2022-11-11 15:07:15,196 - root - INFO - File 15-04-35.csv stored successfully
2022-11-11 15:07:15,199 - root - INFO -  [*] Waiting for messages.
2022-11-11 15:07:15,253 - root - DEBUG - Connection active
2022-11-11 15:07:15,254 - root - INFO - Recieved 15-04-36.csv
2022-11-11 15:07:15,263 - root - INFO - File 15-04-36.csv stored successfully
2022-11-11 15:07:15,264 - root - INFO -  [*] Waiting for messages.
2022-11-11 15:07:15,343 - root - DEBUG - Connection active
2022-11-11 15:07:15,345 - root - INFO - Recieved 15-04-37.csv
2022-11-11 15:07:15,354 - root - INFO - File 15-04-37.csv stored successfully
2022-11-11 15:07:15,355 - root - INFO -  [*] Waiting for messages.
2022-11-11 15:07:15,422 - root - DEBUG - Connection active
2022-11-11 15:07:15,432 - root - INFO - Recieved 15-06-46.csv
2022-11-11 15:07:15,462 - root - INFO - File 15-06-46.csv stored successfully
2022-11-11 15:07:15,464 - root - INFO -  [*] Waiting for messages.
2022-11-11 15:07:15,501 - root - DEBUG - Connection active
2022-11-11 15:07:15,502 - root - INFO - Recieved 15-04-38.csv
2022-11-11 15:07:15,514 - root - INFO - File 15-04-38.csv stored successfully
2022-11-11 15:07:15,517 - root - INFO -  [*] Waiting for messages.
2022-11-11 15:07:15,556 - root - DEBUG - Connection active
2022-11-11 15:07:15,559 - root - INFO - Recieved 15-04-39.csv
2022-11-11 15:07:15,573 - root - INFO - File 15-04-39.csv stored successfully
2022-11-11 15:07:15,580 - root - INFO -  [*] Waiting for messages.
2022-11-11 15:07:15,669 - root - DEBUG - Connection active
2022-11-11 15:07:15,671 - root - INFO - Recieved 15-04-40.csv
2022-11-11 15:07:15,683 - root - INFO - File 15-04-40.csv stored successfully
2022-11-11 15:07:15,684 - root - INFO -  [*] Waiting for messages.
2022-11-11 15:07:15,797 - root - DEBUG - Connection active
2022-11-11 15:07:15,811 - root - INFO - Recieved 15-06-47.csv
2022-11-11 15:07:15,844 - root - INFO - File 15-06-47.csv stored successfully
2022-11-11 15:07:15,847 - root - INFO -  [*] Waiting for messages.
2022-11-11 15:07:15,885 - root - DEBUG - Connection active
2022-11-11 15:07:15,887 - root - INFO - Recieved 15-04-41.csv
2022-11-11 15:07:15,898 - root - INFO - File 15-04-41.csv stored successfully
2022-11-11 15:07:15,899 - root - INFO -  [*] Waiting for messages.
2022-11-11 15:07:15,923 - root - DEBUG - Connection active
2022-11-11 15:07:15,927 - root - INFO - Recieved 15-04-42.csv
2022-11-11 15:07:15,934 - root - INFO - File 15-04-42.csv stored successfully
2022-11-11 15:07:15,935 - root - INFO -  [*] Waiting for messages.
2022-11-11 15:07:15,976 - root - DEBUG - Connection active
2022-11-11 15:07:15,977 - root - INFO - Recieved 15-04-43.csv
2022-11-11 15:07:15,996 - root - INFO - File 15-04-43.csv stored successfully
2022-11-11 15:07:16,010 - root - INFO -  [*] Waiting for messages.
2022-11-11 15:07:16,076 - root - DEBUG - Connection active
2022-11-11 15:07:16,079 - root - INFO - Recieved 15-04-44.csv
2022-11-11 15:07:16,093 - root - INFO - File 15-04-44.csv stored successfully
2022-11-11 15:07:16,096 - root - INFO -  [*] Waiting for messages.
2022-11-11 15:07:16,165 - root - DEBUG - Connection active
2022-11-11 15:07:16,177 - root - INFO - Recieved 15-06-48.csv
2022-11-11 15:07:16,212 - root - INFO - File 15-06-48.csv stored successfully
2022-11-11 15:07:16,214 - root - INFO -  [*] Waiting for messages.
2022-11-11 15:07:16,248 - root - DEBUG - Connection active
2022-11-11 15:07:16,249 - root - INFO - Recieved 15-04-45.csv
2022-11-11 15:07:16,261 - root - INFO - File 15-04-45.csv stored successfully
2022-11-11 15:07:16,263 - root - INFO -  [*] Waiting for messages.
2022-11-11 15:07:16,298 - root - DEBUG - Connection active
2022-11-11 15:07:16,300 - root - INFO - Recieved 15-04-46.csv
2022-11-11 15:07:16,311 - root - INFO - File 15-04-46.csv stored successfully
2022-11-11 15:07:16,316 - root - INFO -  [*] Waiting for messages.
2022-11-11 15:07:16,367 - root - DEBUG - Connection active
2022-11-11 15:07:16,370 - root - INFO - Recieved 15-04-47.csv
2022-11-11 15:07:16,382 - root - INFO - File 15-04-47.csv stored successfully
2022-11-11 15:07:16,385 - root - INFO -  [*] Waiting for messages.
2022-11-11 15:07:16,480 - root - DEBUG - Connection active
2022-11-11 15:07:16,481 - root - INFO - Recieved 15-04-48.csv
2022-11-11 15:07:16,492 - root - INFO - File 15-04-48.csv stored successfully
2022-11-11 15:07:16,494 - root - INFO -  [*] Waiting for messages.
2022-11-11 15:07:16,538 - root - DEBUG - Connection active
2022-11-11 15:07:16,549 - root - INFO - Recieved 15-06-50.csv
2022-11-11 15:07:16,589 - root - INFO - File 15-06-50.csv stored successfully
2022-11-11 15:07:16,590 - root - INFO -  [*] Waiting for messages.
2022-11-11 15:07:16,627 - root - DEBUG - Connection active
2022-11-11 15:07:16,632 - root - INFO - Recieved 15-04-49.csv
2022-11-11 15:07:16,641 - root - INFO - File 15-04-49.csv stored successfully
2022-11-11 15:07:16,644 - root - INFO -  [*] Waiting for messages.
2022-11-11 15:07:16,739 - root - DEBUG - Connection active
2022-11-11 15:07:16,740 - root - INFO - Recieved 15-04-50.csv
2022-11-11 15:07:16,750 - root - INFO - File 15-04-50.csv stored successfully
2022-11-11 15:07:16,752 - root - INFO -  [*] Waiting for messages.
2022-11-11 15:07:16,877 - root - DEBUG - Connection active
2022-11-11 15:07:16,879 - root - INFO - Recieved 15-04-51.csv
2022-11-11 15:07:16,893 - root - INFO - File 15-04-51.csv stored successfully
2022-11-11 15:07:16,895 - root - INFO -  [*] Waiting for messages.
2022-11-11 15:07:17,003 - root - DEBUG - Connection active
2022-11-11 15:07:17,015 - root - INFO - Recieved 15-06-51.csv
2022-11-11 15:07:17,051 - root - INFO - File 15-06-51.csv stored successfully
2022-11-11 15:07:17,052 - root - INFO -  [*] Waiting for messages.
2022-11-11 15:07:17,096 - root - DEBUG - Connection active
2022-11-11 15:07:17,097 - root - INFO - Recieved 15-04-52.csv
2022-11-11 15:07:17,109 - root - INFO - File 15-04-52.csv stored successfully
2022-11-11 15:07:17,117 - root - INFO -  [*] Waiting for messages.
2022-11-11 15:07:17,168 - root - DEBUG - Connection active
2022-11-11 15:07:17,169 - root - INFO - Recieved 15-04-53.csv
2022-11-11 15:07:17,179 - root - INFO - File 15-04-53.csv stored successfully
2022-11-11 15:07:17,181 - root - INFO -  [*] Waiting for messages.
2022-11-11 15:07:17,287 - root - DEBUG - Connection active
2022-11-11 15:07:17,288 - root - INFO - Recieved 15-04-54.csv
2022-11-11 15:07:17,300 - root - INFO - File 15-04-54.csv stored successfully
2022-11-11 15:07:17,302 - root - INFO -  [*] Waiting for messages.
2022-11-11 15:07:17,376 - root - DEBUG - Connection active
2022-11-11 15:07:17,386 - root - INFO - Recieved 15-06-52.csv
2022-11-11 15:07:17,423 - root - INFO - File 15-06-52.csv stored successfully
2022-11-11 15:07:17,425 - root - INFO -  [*] Waiting for messages.
2022-11-11 15:07:17,472 - root - DEBUG - Connection active
2022-11-11 15:07:17,473 - root - INFO - Recieved 15-04-55.csv
2022-11-11 15:07:17,482 - root - INFO - File 15-04-55.csv stored successfully
2022-11-11 15:07:17,485 - root - INFO -  [*] Waiting for messages.
2022-11-11 15:07:17,535 - root - DEBUG - Connection active
2022-11-11 15:07:17,537 - root - INFO - Recieved 15-04-56.csv
2022-11-11 15:07:17,546 - root - INFO - File 15-04-56.csv stored successfully
2022-11-11 15:07:17,548 - root - INFO -  [*] Waiting for messages.
2022-11-11 15:07:17,594 - root - DEBUG - Connection active
2022-11-11 15:07:17,597 - root - INFO - Recieved 15-04-57.csv
2022-11-11 15:07:17,606 - root - INFO - File 15-04-57.csv stored successfully
2022-11-11 15:07:17,607 - root - INFO -  [*] Waiting for messages.
2022-11-11 15:07:17,688 - root - DEBUG - Connection active
2022-11-11 15:07:17,696 - root - INFO - Recieved 15-06-53.csv
2022-11-11 15:07:17,724 - root - INFO - File 15-06-53.csv stored successfully
2022-11-11 15:07:17,729 - root - INFO -  [*] Waiting for messages.
2022-11-11 15:07:17,772 - root - DEBUG - Connection active
2022-11-11 15:07:17,776 - root - INFO - Recieved 15-04-58.csv
2022-11-11 15:07:17,790 - root - INFO - File 15-04-58.csv stored successfully
2022-11-11 15:07:17,792 - root - INFO -  [*] Waiting for messages.
2022-11-11 15:07:17,833 - root - DEBUG - Connection active
2022-11-11 15:07:17,834 - root - INFO - Recieved 15-04-59.csv
2022-11-11 15:07:17,850 - root - INFO - File 15-04-59.csv stored successfully
2022-11-11 15:07:17,855 - root - INFO -  [*] Waiting for messages.
2022-11-11 15:07:17,934 - root - DEBUG - Connection active
2022-11-11 15:07:17,935 - root - INFO - Recieved 15-05-00.csv
2022-11-11 15:07:17,962 - root - INFO - File 15-05-00.csv stored successfully
2022-11-11 15:07:17,966 - root - INFO -  [*] Waiting for messages.
2022-11-11 15:07:18,047 - root - DEBUG - Connection active
2022-11-11 15:07:18,049 - root - INFO - Recieved 15-05-01.csv
2022-11-11 15:07:18,060 - root - INFO - File 15-05-01.csv stored successfully
2022-11-11 15:07:18,073 - root - INFO -  [*] Waiting for messages.
2022-11-11 15:07:18,259 - root - DEBUG - Connection active
2022-11-11 15:07:18,275 - root - INFO - Recieved 15-06-55.csv
2022-11-11 15:07:18,313 - root - INFO - File 15-06-55.csv stored successfully
2022-11-11 15:07:18,317 - root - INFO -  [*] Waiting for messages.
2022-11-11 15:07:18,440 - root - DEBUG - Connection active
2022-11-11 15:07:18,450 - root - INFO - Recieved 15-05-03.csv
2022-11-11 15:07:18,473 - root - INFO - File 15-05-03.csv stored successfully
2022-11-11 15:07:18,478 - root - INFO -  [*] Waiting for messages.
2022-11-11 15:07:18,648 - root - DEBUG - Connection active
2022-11-11 15:07:18,653 - root - INFO - Recieved 15-05-04.csv
2022-11-11 15:07:18,665 - root - INFO - File 15-05-04.csv stored successfully
2022-11-11 15:07:18,669 - root - INFO -  [*] Waiting for messages.
2022-11-11 15:07:18,906 - root - DEBUG - Connection active
2022-11-11 15:07:18,918 - root - INFO - Recieved 15-06-56.csv
2022-11-11 15:07:18,952 - root - INFO - File 15-06-56.csv stored successfully
2022-11-11 15:07:18,953 - root - INFO -  [*] Waiting for messages.
2022-11-11 15:07:19,031 - root - DEBUG - Connection active
2022-11-11 15:07:19,037 - root - INFO - Recieved 15-05-05.csv
2022-11-11 15:07:19,059 - root - INFO - File 15-05-05.csv stored successfully
2022-11-11 15:07:19,067 - root - INFO -  [*] Waiting for messages.
2022-11-11 15:07:19,139 - root - DEBUG - Connection active
2022-11-11 15:07:19,142 - root - INFO - Recieved 15-05-06.csv
2022-11-11 15:07:19,163 - root - INFO - File 15-05-06.csv stored successfully
2022-11-11 15:07:19,166 - root - INFO -  [*] Waiting for messages.
2022-11-11 15:07:19,299 - root - DEBUG - Connection active
2022-11-11 15:07:19,303 - root - INFO - Recieved 15-05-07.csv
2022-11-11 15:07:19,322 - root - INFO - File 15-05-07.csv stored successfully
2022-11-11 15:07:19,325 - root - INFO -  [*] Waiting for messages.
2022-11-11 15:07:19,473 - root - DEBUG - Connection active
2022-11-11 15:07:19,503 - root - INFO - Recieved 15-06-58.csv
2022-11-11 15:07:19,568 - root - INFO - File 15-06-58.csv stored successfully
2022-11-11 15:07:19,578 - root - INFO -  [*] Waiting for messages.
2022-11-11 15:07:19,671 - root - DEBUG - Connection active
2022-11-11 15:07:19,675 - root - INFO - Recieved 15-05-08.csv
2022-11-11 15:07:19,719 - root - INFO - File 15-05-08.csv stored successfully
2022-11-11 15:07:19,721 - root - INFO -  [*] Waiting for messages.
2022-11-11 15:07:19,781 - root - DEBUG - Connection active
2022-11-11 15:07:19,782 - root - INFO - Recieved 15-05-09.csv
2022-11-11 15:07:19,791 - root - INFO - File 15-05-09.csv stored successfully
2022-11-11 15:07:19,792 - root - INFO -  [*] Waiting for messages.
2022-11-11 15:07:19,878 - root - DEBUG - Connection active
2022-11-11 15:07:19,880 - root - INFO - Recieved 15-05-10.csv
2022-11-11 15:07:19,900 - root - INFO - File 15-05-10.csv stored successfully
2022-11-11 15:07:19,902 - root - INFO -  [*] Waiting for messages.
2022-11-11 15:07:19,956 - root - DEBUG - Connection active
2022-11-11 15:07:19,970 - root - INFO - Recieved 15-06-59.csv
2022-11-11 15:07:20,005 - root - INFO - File 15-06-59.csv stored successfully
2022-11-11 15:07:20,007 - root - INFO -  [*] Waiting for messages.
2022-11-11 15:07:20,045 - root - DEBUG - Connection active
2022-11-11 15:07:20,048 - root - INFO - Recieved 15-05-11.csv
2022-11-11 15:07:20,065 - root - INFO - File 15-05-11.csv stored successfully
2022-11-11 15:07:20,067 - root - INFO -  [*] Waiting for messages.
2022-11-11 15:07:20,139 - root - DEBUG - Connection active
2022-11-11 15:07:20,140 - root - INFO - Recieved 15-05-12.csv
2022-11-11 15:07:20,154 - root - INFO - File 15-05-12.csv stored successfully
2022-11-11 15:07:20,156 - root - INFO -  [*] Waiting for messages.
2022-11-11 15:07:20,253 - root - DEBUG - Connection active
2022-11-11 15:07:20,254 - root - INFO - Recieved 15-05-13.csv
2022-11-11 15:07:20,263 - root - INFO - File 15-05-13.csv stored successfully
2022-11-11 15:07:20,264 - root - INFO -  [*] Waiting for messages.
2022-11-11 15:07:20,318 - root - DEBUG - Connection active
2022-11-11 15:07:20,334 - root - INFO - Recieved 15-07-01.csv
2022-11-11 15:07:20,367 - root - INFO - File 15-07-01.csv stored successfully
2022-11-11 15:07:20,373 - root - INFO -  [*] Waiting for messages.
2022-11-11 15:07:20,428 - root - DEBUG - Connection active
2022-11-11 15:07:20,433 - root - INFO - Recieved 15-05-14.csv
2022-11-11 15:07:20,446 - root - INFO - File 15-05-14.csv stored successfully
2022-11-11 15:07:20,450 - root - INFO -  [*] Waiting for messages.
2022-11-11 15:07:20,522 - root - DEBUG - Connection active
2022-11-11 15:07:20,527 - root - INFO - Recieved 15-05-15.csv
2022-11-11 15:07:20,535 - root - INFO - File 15-05-15.csv stored successfully
2022-11-11 15:07:20,537 - root - INFO -  [*] Waiting for messages.
2022-11-11 15:07:20,638 - root - DEBUG - Connection active
2022-11-11 15:07:20,640 - root - INFO - Recieved 15-05-16.csv
2022-11-11 15:07:20,656 - root - INFO - File 15-05-16.csv stored successfully
2022-11-11 15:07:20,658 - root - INFO -  [*] Waiting for messages.
2022-11-11 15:07:20,736 - root - DEBUG - Connection active
2022-11-11 15:07:20,747 - root - INFO - Recieved 15-07-02.csv
2022-11-11 15:07:20,779 - root - INFO - File 15-07-02.csv stored successfully
2022-11-11 15:07:20,781 - root - INFO -  [*] Waiting for messages.
2022-11-11 15:07:20,809 - root - DEBUG - Connection active
2022-11-11 15:07:20,810 - root - INFO - Recieved 15-05-17.csv
2022-11-11 15:07:20,821 - root - INFO - File 15-05-17.csv stored successfully
2022-11-11 15:07:20,823 - root - INFO -  [*] Waiting for messages.
2022-11-11 15:07:20,862 - root - DEBUG - Connection active
2022-11-11 15:07:20,863 - root - INFO - Recieved 15-05-18.csv
2022-11-11 15:07:20,878 - root - INFO - File 15-05-18.csv stored successfully
2022-11-11 15:07:20,881 - root - INFO -  [*] Waiting for messages.
2022-11-11 15:07:20,954 - root - DEBUG - Connection active
2022-11-11 15:07:20,956 - root - INFO - Recieved 15-05-19.csv
2022-11-11 15:07:20,964 - root - INFO - File 15-05-19.csv stored successfully
2022-11-11 15:07:20,967 - root - INFO -  [*] Waiting for messages.
2022-11-11 15:07:21,037 - root - DEBUG - Connection active
2022-11-11 15:07:21,051 - root - INFO - Recieved 15-07-03.csv
2022-11-11 15:07:21,082 - root - INFO - File 15-07-03.csv stored successfully
2022-11-11 15:07:21,085 - root - INFO -  [*] Waiting for messages.
2022-11-11 15:07:21,135 - root - DEBUG - Connection active
2022-11-11 15:07:21,140 - root - INFO - Recieved 15-05-20.csv
2022-11-11 15:07:21,152 - root - INFO - File 15-05-20.csv stored successfully
2022-11-11 15:07:21,158 - root - INFO -  [*] Waiting for messages.
2022-11-11 15:07:21,194 - root - DEBUG - Connection active
2022-11-11 15:07:21,195 - root - INFO - Recieved 15-05-21.csv
2022-11-11 15:07:21,209 - root - INFO - File 15-05-21.csv stored successfully
2022-11-11 15:07:21,212 - root - INFO -  [*] Waiting for messages.
2022-11-11 15:07:21,316 - root - DEBUG - Connection active
2022-11-11 15:07:21,318 - root - INFO - Recieved 15-05-22.csv
2022-11-11 15:07:21,325 - root - INFO - File 15-05-22.csv stored successfully
2022-11-11 15:07:21,328 - root - INFO -  [*] Waiting for messages.
2022-11-11 15:07:21,422 - root - DEBUG - Connection active
2022-11-11 15:07:21,432 - root - INFO - Recieved 15-07-05.csv
2022-11-11 15:07:21,460 - root - INFO - File 15-07-05.csv stored successfully
2022-11-11 15:07:21,464 - root - INFO -  [*] Waiting for messages.
2022-11-11 15:07:21,504 - root - DEBUG - Connection active
2022-11-11 15:07:21,506 - root - INFO - Recieved 15-05-23.csv
2022-11-11 15:07:21,519 - root - INFO - File 15-05-23.csv stored successfully
2022-11-11 15:07:21,521 - root - INFO -  [*] Waiting for messages.
2022-11-11 15:07:21,559 - root - DEBUG - Connection active
2022-11-11 15:07:21,561 - root - INFO - Recieved 15-05-24.csv
2022-11-11 15:07:21,574 - root - INFO - File 15-05-24.csv stored successfully
2022-11-11 15:07:21,575 - root - INFO -  [*] Waiting for messages.
2022-11-11 15:07:21,634 - root - DEBUG - Connection active
2022-11-11 15:07:21,636 - root - INFO - Recieved 15-05-25.csv
2022-11-11 15:07:21,644 - root - INFO - File 15-05-25.csv stored successfully
2022-11-11 15:07:21,645 - root - INFO -  [*] Waiting for messages.
2022-11-11 15:07:21,761 - root - DEBUG - Connection active
2022-11-11 15:07:21,764 - root - INFO - Recieved 15-05-26.csv
2022-11-11 15:07:21,775 - root - INFO - File 15-05-26.csv stored successfully
2022-11-11 15:07:21,777 - root - INFO -  [*] Waiting for messages.
2022-11-11 15:07:21,841 - root - DEBUG - Connection active
2022-11-11 15:07:21,856 - root - INFO - Recieved 15-07-06.csv
2022-11-11 15:07:21,885 - root - INFO - File 15-07-06.csv stored successfully
2022-11-11 15:07:21,888 - root - INFO -  [*] Waiting for messages.
2022-11-11 15:07:21,924 - root - DEBUG - Connection active
2022-11-11 15:07:21,925 - root - INFO - Recieved 15-05-27.csv
2022-11-11 15:07:21,936 - root - INFO - File 15-05-27.csv stored successfully
2022-11-11 15:07:21,937 - root - INFO -  [*] Waiting for messages.
2022-11-11 15:07:21,982 - root - DEBUG - Connection active
2022-11-11 15:07:21,984 - root - INFO - Recieved 15-05-28.csv
2022-11-11 15:07:22,002 - root - INFO - File 15-05-28.csv stored successfully
2022-11-11 15:07:22,004 - root - INFO -  [*] Waiting for messages.
2022-11-11 15:07:22,083 - root - DEBUG - Connection active
2022-11-11 15:07:22,086 - root - INFO - Recieved 15-05-29.csv
2022-11-11 15:07:22,096 - root - INFO - File 15-05-29.csv stored successfully
2022-11-11 15:07:22,099 - root - INFO -  [*] Waiting for messages.
2022-11-11 15:07:22,152 - root - DEBUG - Connection active
2022-11-11 15:07:22,167 - root - INFO - Recieved 15-07-07.csv
2022-11-11 15:07:22,203 - root - INFO - File 15-07-07.csv stored successfully
2022-11-11 15:07:22,209 - root - INFO -  [*] Waiting for messages.
2022-11-11 15:07:22,249 - root - DEBUG - Connection active
2022-11-11 15:07:22,252 - root - INFO - Recieved 15-05-30.csv
2022-11-11 15:07:22,265 - root - INFO - File 15-05-30.csv stored successfully
2022-11-11 15:07:22,267 - root - INFO -  [*] Waiting for messages.
2022-11-11 15:07:22,326 - root - DEBUG - Connection active
2022-11-11 15:07:22,327 - root - INFO - Recieved 15-05-31.csv
2022-11-11 15:07:22,336 - root - INFO - File 15-05-31.csv stored successfully
2022-11-11 15:07:22,337 - root - INFO -  [*] Waiting for messages.
2022-11-11 15:07:22,431 - root - DEBUG - Connection active
2022-11-11 15:07:22,433 - root - INFO - Recieved 15-05-32.csv
2022-11-11 15:07:22,440 - root - INFO - File 15-05-32.csv stored successfully
2022-11-11 15:07:22,442 - root - INFO -  [*] Waiting for messages.
2022-11-11 15:07:22,524 - root - DEBUG - Connection active
2022-11-11 15:07:22,535 - root - INFO - Recieved 15-07-09.csv
2022-11-11 15:07:22,560 - root - INFO - File 15-07-09.csv stored successfully
2022-11-11 15:07:22,561 - root - INFO -  [*] Waiting for messages.
2022-11-11 15:07:22,597 - root - DEBUG - Connection active
2022-11-11 15:07:22,600 - root - INFO - Recieved 15-05-33.csv
2022-11-11 15:07:22,611 - root - INFO - File 15-05-33.csv stored successfully
2022-11-11 15:07:22,613 - root - INFO -  [*] Waiting for messages.
2022-11-11 15:07:22,645 - root - DEBUG - Connection active
2022-11-11 15:07:22,647 - root - INFO - Recieved 15-05-34.csv
2022-11-11 15:07:22,664 - root - INFO - File 15-05-34.csv stored successfully
2022-11-11 15:07:22,665 - root - INFO -  [*] Waiting for messages.
2022-11-11 15:07:22,712 - root - DEBUG - Connection active
2022-11-11 15:07:22,715 - root - INFO - Recieved 15-05-35.csv
2022-11-11 15:07:22,726 - root - INFO - File 15-05-35.csv stored successfully
2022-11-11 15:07:22,728 - root - INFO -  [*] Waiting for messages.
2022-11-11 15:07:22,822 - root - DEBUG - Connection active
2022-11-11 15:07:22,823 - root - INFO - Recieved 15-05-36.csv
2022-11-11 15:07:22,837 - root - INFO - File 15-05-36.csv stored successfully
2022-11-11 15:07:22,841 - root - INFO -  [*] Waiting for messages.
2022-11-11 15:07:22,924 - root - DEBUG - Connection active
2022-11-11 15:07:22,938 - root - INFO - Recieved 15-07-10.csv
2022-11-11 15:07:22,979 - root - INFO - File 15-07-10.csv stored successfully
2022-11-11 15:07:22,982 - root - INFO -  [*] Waiting for messages.
2022-11-11 15:07:23,047 - root - DEBUG - Connection active
2022-11-11 15:07:23,062 - root - INFO - Recieved 15-06-02.csv
2022-11-11 15:07:23,090 - root - INFO - File 15-06-02.csv stored successfully
2022-11-11 15:07:23,092 - root - INFO -  [*] Waiting for messages.
2022-11-11 15:07:23,259 - root - DEBUG - Connection active
2022-11-11 15:07:23,269 - root - INFO - Recieved 15-07-12.csv
2022-11-11 15:07:23,292 - root - INFO - File 15-07-12.csv stored successfully
2022-11-11 15:07:23,294 - root - INFO -  [*] Waiting for messages.
2022-11-11 15:07:23,329 - root - DEBUG - Connection active
2022-11-11 15:07:23,340 - root - INFO - Recieved 15-06-03.csv
2022-11-11 15:07:23,366 - root - INFO - File 15-06-03.csv stored successfully
2022-11-11 15:07:23,368 - root - INFO -  [*] Waiting for messages.
2022-11-11 15:07:23,561 - root - DEBUG - Connection active
2022-11-11 15:07:23,570 - root - INFO - Recieved 15-07-13.csv
2022-11-11 15:07:23,596 - root - INFO - File 15-07-13.csv stored successfully
2022-11-11 15:07:23,597 - root - INFO -  [*] Waiting for messages.
2022-11-11 15:07:23,629 - root - DEBUG - Connection active
2022-11-11 15:07:23,641 - root - INFO - Recieved 15-06-04.csv
2022-11-11 15:07:23,670 - root - INFO - File 15-06-04.csv stored successfully
2022-11-11 15:07:23,671 - root - INFO -  [*] Waiting for messages.
2022-11-11 15:07:23,863 - root - DEBUG - Connection active
2022-11-11 15:07:23,878 - root - INFO - Recieved 15-06-05.csv
2022-11-11 15:07:23,905 - root - INFO - File 15-06-05.csv stored successfully
2022-11-11 15:07:23,906 - root - INFO -  [*] Waiting for messages.
2022-11-11 15:07:23,952 - root - DEBUG - Connection active
2022-11-11 15:07:23,964 - root - INFO - Recieved 15-07-14.csv
2022-11-11 15:07:23,990 - root - INFO - File 15-07-14.csv stored successfully
2022-11-11 15:07:23,991 - root - INFO -  [*] Waiting for messages.
2022-11-11 15:07:24,148 - root - DEBUG - Connection active
2022-11-11 15:07:24,158 - root - INFO - Recieved 15-06-06.csv
2022-11-11 15:07:24,178 - root - INFO - File 15-06-06.csv stored successfully
2022-11-11 15:07:24,179 - root - INFO -  [*] Waiting for messages.
2022-11-11 15:07:24,212 - root - DEBUG - Connection active
2022-11-11 15:07:24,223 - root - INFO - Recieved 15-07-16.csv
2022-11-11 15:07:24,246 - root - INFO - File 15-07-16.csv stored successfully
2022-11-11 15:07:24,247 - root - INFO -  [*] Waiting for messages.
2022-11-11 15:07:24,526 - root - DEBUG - Connection active
2022-11-11 15:07:24,535 - root - INFO - Recieved 15-06-07.csv
2022-11-11 15:07:24,567 - root - INFO - File 15-06-07.csv stored successfully
2022-11-11 15:07:24,569 - root - INFO -  [*] Waiting for messages.
2022-11-11 15:07:24,607 - root - DEBUG - Connection active
2022-11-11 15:07:24,619 - root - INFO - Recieved 15-07-17.csv
2022-11-11 15:07:24,645 - root - INFO - File 15-07-17.csv stored successfully
2022-11-11 15:07:24,647 - root - INFO -  [*] Waiting for messages.
2022-11-11 15:07:24,819 - root - DEBUG - Connection active
2022-11-11 15:07:24,827 - root - INFO - Recieved 15-06-08.csv
2022-11-11 15:07:24,852 - root - INFO - File 15-06-08.csv stored successfully
2022-11-11 15:07:24,855 - root - INFO -  [*] Waiting for messages.
2022-11-11 15:07:24,894 - root - DEBUG - Connection active
2022-11-11 15:07:24,903 - root - INFO - Recieved 15-07-19.csv
2022-11-11 15:07:24,926 - root - INFO - File 15-07-19.csv stored successfully
2022-11-11 15:07:24,927 - root - INFO -  [*] Waiting for messages.
2022-11-11 15:07:25,114 - root - DEBUG - Connection active
2022-11-11 15:07:25,123 - root - INFO - Recieved 15-07-21.csv
2022-11-11 15:07:25,144 - root - INFO - File 15-07-21.csv stored successfully
2022-11-11 15:07:25,145 - root - INFO -  [*] Waiting for messages.
2022-11-11 15:07:25,190 - root - DEBUG - Connection active
2022-11-11 15:07:25,201 - root - INFO - Recieved 15-06-09.csv
2022-11-11 15:07:25,228 - root - INFO - File 15-06-09.csv stored successfully
2022-11-11 15:07:25,234 - root - INFO -  [*] Waiting for messages.
2022-11-11 15:07:25,377 - root - DEBUG - Connection active
2022-11-11 15:07:25,386 - root - INFO - Recieved 15-07-22.csv
2022-11-11 15:07:25,413 - root - INFO - File 15-07-22.csv stored successfully
2022-11-11 15:07:25,414 - root - INFO -  [*] Waiting for messages.
2022-11-11 15:07:25,481 - root - DEBUG - Connection active
2022-11-11 15:07:25,490 - root - INFO - Recieved 15-06-10.csv
2022-11-11 15:07:25,511 - root - INFO - File 15-06-10.csv stored successfully
2022-11-11 15:07:25,512 - root - INFO -  [*] Waiting for messages.
2022-11-11 15:07:25,659 - root - DEBUG - Connection active
2022-11-11 15:07:25,669 - root - INFO - Recieved 15-07-24.csv
2022-11-11 15:07:25,705 - root - INFO - File 15-07-24.csv stored successfully
2022-11-11 15:07:25,707 - root - INFO -  [*] Waiting for messages.
2022-11-11 15:07:25,745 - root - DEBUG - Connection active
2022-11-11 15:07:25,755 - root - INFO - Recieved 15-06-12.csv
2022-11-11 15:07:25,775 - root - INFO - File 15-06-12.csv stored successfully
2022-11-11 15:07:25,777 - root - INFO -  [*] Waiting for messages.
2022-11-11 15:07:25,962 - root - DEBUG - Connection active
2022-11-11 15:07:25,969 - root - INFO - Recieved 15-06-13.csv
2022-11-11 15:07:25,987 - root - INFO - File 15-06-13.csv stored successfully
2022-11-11 15:07:25,989 - root - INFO -  [*] Waiting for messages.
2022-11-11 15:07:26,195 - root - DEBUG - Connection active
2022-11-11 15:07:26,202 - root - INFO - Recieved 15-06-14.csv
2022-11-11 15:07:26,221 - root - INFO - File 15-06-14.csv stored successfully
2022-11-11 15:07:26,223 - root - INFO -  [*] Waiting for messages.
2022-11-11 15:07:26,399 - root - DEBUG - Connection active
2022-11-11 15:07:26,405 - root - INFO - Recieved 15-06-15.csv
2022-11-11 15:07:26,421 - root - INFO - File 15-06-15.csv stored successfully
2022-11-11 15:07:26,421 - root - INFO -  [*] Waiting for messages.
2022-11-11 15:07:26,586 - root - DEBUG - Connection active
2022-11-11 15:07:26,591 - root - INFO - Recieved 15-06-16.csv
2022-11-11 15:07:26,605 - root - INFO - File 15-06-16.csv stored successfully
2022-11-11 15:07:26,606 - root - INFO -  [*] Waiting for messages.
2022-11-11 15:07:26,792 - root - DEBUG - Connection active
2022-11-11 15:07:26,799 - root - INFO - Recieved 15-06-17.csv
2022-11-11 15:07:26,815 - root - INFO - File 15-06-17.csv stored successfully
2022-11-11 15:07:26,817 - root - INFO -  [*] Waiting for messages.
2022-11-11 15:07:26,985 - root - DEBUG - Connection active
2022-11-11 15:07:26,990 - root - INFO - Recieved 15-06-18.csv
2022-11-11 15:07:27,007 - root - INFO - File 15-06-18.csv stored successfully
2022-11-11 15:07:27,009 - root - INFO -  [*] Waiting for messages.
2022-11-11 15:07:27,224 - root - DEBUG - Connection active
2022-11-11 15:07:27,235 - root - INFO - Recieved 15-06-19.csv
2022-11-11 15:07:27,263 - root - INFO - File 15-06-19.csv stored successfully
2022-11-11 15:07:27,264 - root - INFO -  [*] Waiting for messages.
2022-11-11 15:07:27,413 - root - DEBUG - Connection active
2022-11-11 15:07:27,419 - root - INFO - Recieved 15-06-20.csv
2022-11-11 15:07:27,433 - root - INFO - File 15-06-20.csv stored successfully
2022-11-11 15:07:27,435 - root - INFO -  [*] Waiting for messages.
2022-11-11 15:07:27,631 - root - DEBUG - Connection active
2022-11-11 15:07:27,639 - root - INFO - Recieved 15-06-22.csv
2022-11-11 15:07:27,655 - root - INFO - File 15-06-22.csv stored successfully
2022-11-11 15:07:27,657 - root - INFO -  [*] Waiting for messages.
2022-11-11 15:07:27,834 - root - DEBUG - Connection active
2022-11-11 15:07:27,842 - root - INFO - Recieved 15-06-23.csv
2022-11-11 15:07:27,861 - root - INFO - File 15-06-23.csv stored successfully
2022-11-11 15:07:27,862 - root - INFO -  [*] Waiting for messages.
2022-11-11 15:07:28,051 - root - DEBUG - Connection active
2022-11-11 15:07:28,057 - root - INFO - Recieved 15-06-24.csv
2022-11-11 15:07:28,073 - root - INFO - File 15-06-24.csv stored successfully
2022-11-11 15:07:28,074 - root - INFO -  [*] Waiting for messages.
2022-11-11 15:07:28,233 - root - DEBUG - Connection active
2022-11-11 15:07:28,239 - root - INFO - Recieved 15-06-25.csv
2022-11-11 15:07:28,257 - root - INFO - File 15-06-25.csv stored successfully
2022-11-11 15:07:28,258 - root - INFO -  [*] Waiting for messages.
2022-11-11 15:07:28,431 - root - DEBUG - Connection active
2022-11-11 15:07:28,438 - root - INFO - Recieved 15-06-26.csv
2022-11-11 15:07:28,454 - root - INFO - File 15-06-26.csv stored successfully
2022-11-11 15:07:28,456 - root - INFO -  [*] Waiting for messages.
2022-11-11 15:07:28,616 - root - DEBUG - Connection active
2022-11-11 15:07:28,621 - root - INFO - Recieved 15-06-27.csv
2022-11-11 15:07:28,635 - root - INFO - File 15-06-27.csv stored successfully
2022-11-11 15:07:28,636 - root - INFO -  [*] Waiting for messages.
2022-11-11 15:07:28,785 - root - DEBUG - Connection active
2022-11-11 15:07:28,791 - root - INFO - Recieved 15-06-28.csv
2022-11-11 15:07:28,802 - root - INFO - File 15-06-28.csv stored successfully
2022-11-11 15:07:28,803 - root - INFO -  [*] Waiting for messages.
2022-11-11 15:07:28,981 - root - DEBUG - Connection active
2022-11-11 15:07:28,987 - root - INFO - Recieved 15-06-29.csv
2022-11-11 15:07:29,003 - root - INFO - File 15-06-29.csv stored successfully
2022-11-11 15:07:29,005 - root - INFO -  [*] Waiting for messages.
2022-11-11 15:07:29,168 - root - DEBUG - Connection active
2022-11-11 15:07:29,174 - root - INFO - Recieved 15-06-30.csv
2022-11-11 15:07:29,191 - root - INFO - File 15-06-30.csv stored successfully
2022-11-11 15:07:29,193 - root - INFO -  [*] Waiting for messages.
2022-11-11 15:07:29,390 - root - DEBUG - Connection active
2022-11-11 15:07:29,397 - root - INFO - Recieved 15-06-31.csv
2022-11-11 15:07:29,412 - root - INFO - File 15-06-31.csv stored successfully
2022-11-11 15:07:29,413 - root - INFO -  [*] Waiting for messages.
2022-11-11 15:07:29,597 - root - DEBUG - Connection active
2022-11-11 15:07:29,604 - root - INFO - Recieved 15-06-33.csv
2022-11-11 15:07:29,622 - root - INFO - File 15-06-33.csv stored successfully
2022-11-11 15:07:29,627 - root - INFO -  [*] Waiting for messages.
2022-11-11 15:07:29,803 - root - DEBUG - Connection active
2022-11-11 15:07:29,809 - root - INFO - Recieved 15-06-34.csv
2022-11-11 15:07:29,824 - root - INFO - File 15-06-34.csv stored successfully
2022-11-11 15:07:29,825 - root - INFO -  [*] Waiting for messages.
2022-11-11 15:07:29,969 - root - DEBUG - Connection active
2022-11-11 15:07:29,974 - root - INFO - Recieved 15-06-35.csv
2022-11-11 15:07:29,988 - root - INFO - File 15-06-35.csv stored successfully
2022-11-11 15:07:29,989 - root - INFO -  [*] Waiting for messages.
2022-11-11 15:07:30,152 - root - DEBUG - Connection active
2022-11-11 15:07:30,157 - root - INFO - Recieved 15-06-36.csv
2022-11-11 15:07:30,172 - root - INFO - File 15-06-36.csv stored successfully
2022-11-11 15:07:30,173 - root - INFO -  [*] Waiting for messages.
2022-11-11 15:07:30,358 - root - DEBUG - Connection active
2022-11-11 15:07:30,363 - root - INFO - Recieved 15-06-37.csv
2022-11-11 15:07:30,375 - root - INFO - File 15-06-37.csv stored successfully
2022-11-11 15:07:30,377 - root - INFO -  [*] Waiting for messages.
2022-11-11 15:07:30,564 - root - DEBUG - Connection active
2022-11-11 15:07:30,569 - root - INFO - Recieved 15-06-38.csv
2022-11-11 15:07:30,585 - root - INFO - File 15-06-38.csv stored successfully
2022-11-11 15:07:30,586 - root - INFO -  [*] Waiting for messages.
2022-11-11 15:07:30,756 - root - DEBUG - Connection active
2022-11-11 15:07:30,762 - root - INFO - Recieved 15-06-39.csv
2022-11-11 15:07:30,782 - root - INFO - File 15-06-39.csv stored successfully
2022-11-11 15:07:30,782 - root - INFO -  [*] Waiting for messages.
2022-11-11 15:07:30,963 - root - DEBUG - Connection active
2022-11-11 15:07:30,968 - root - INFO - Recieved 15-06-41.csv
2022-11-11 15:07:30,983 - root - INFO - File 15-06-41.csv stored successfully
2022-11-11 15:07:30,984 - root - INFO -  [*] Waiting for messages.
2022-11-11 15:07:31,170 - root - DEBUG - Connection active
2022-11-11 15:07:31,175 - root - INFO - Recieved 15-06-42.csv
2022-11-11 15:07:31,189 - root - INFO - File 15-06-42.csv stored successfully
2022-11-11 15:07:31,189 - root - INFO -  [*] Waiting for messages.
2022-11-11 15:07:31,360 - root - DEBUG - Connection active
2022-11-11 15:07:31,367 - root - INFO - Recieved 15-06-43.csv
2022-11-11 15:07:31,380 - root - INFO - File 15-06-43.csv stored successfully
2022-11-11 15:07:31,382 - root - INFO -  [*] Waiting for messages.
2022-11-11 15:07:31,527 - root - DEBUG - Connection active
2022-11-11 15:07:31,534 - root - INFO - Recieved 15-07-25.csv
2022-11-11 15:07:31,553 - root - INFO - File 15-07-25.csv stored successfully
2022-11-11 15:07:31,556 - root - INFO -  [*] Waiting for messages.
2022-11-11 15:07:31,615 - root - DEBUG - Connection active
2022-11-11 15:07:31,622 - root - INFO - Recieved 15-06-44.csv
2022-11-11 15:07:31,648 - root - INFO - File 15-06-44.csv stored successfully
2022-11-11 15:07:31,649 - root - INFO -  [*] Waiting for messages.
2022-11-11 15:07:31,776 - root - DEBUG - Connection active
2022-11-11 15:07:31,784 - root - INFO - Recieved 15-07-27.csv
2022-11-11 15:07:31,811 - root - INFO - File 15-07-27.csv stored successfully
2022-11-11 15:07:31,816 - root - INFO -  [*] Waiting for messages.
2022-11-11 15:07:31,863 - root - DEBUG - Connection active
2022-11-11 15:07:31,874 - root - INFO - Recieved 15-06-46.csv
2022-11-11 15:07:31,899 - root - INFO - File 15-06-46.csv stored successfully
2022-11-11 15:07:31,901 - root - INFO -  [*] Waiting for messages.
2022-11-11 15:07:32,136 - root - DEBUG - Connection active
2022-11-11 15:07:32,145 - root - INFO - Recieved 15-07-28.csv
2022-11-11 15:07:32,172 - root - INFO - File 15-07-28.csv stored successfully
2022-11-11 15:07:32,175 - root - INFO -  [*] Waiting for messages.
2022-11-11 15:07:32,219 - root - DEBUG - Connection active
2022-11-11 15:07:32,232 - root - INFO - Recieved 15-06-47.csv
2022-11-11 15:07:32,261 - root - INFO - File 15-06-47.csv stored successfully
2022-11-11 15:07:32,264 - root - INFO -  [*] Waiting for messages.
2022-11-11 15:07:32,450 - root - DEBUG - Connection active
2022-11-11 15:07:32,463 - root - INFO - Recieved 15-07-29.csv
2022-11-11 15:07:32,494 - root - INFO - File 15-07-29.csv stored successfully
2022-11-11 15:07:32,497 - root - INFO -  [*] Waiting for messages.
2022-11-11 15:07:32,535 - root - DEBUG - Connection active
2022-11-11 15:07:32,546 - root - INFO - Recieved 15-06-48.csv
2022-11-11 15:07:32,571 - root - INFO - File 15-06-48.csv stored successfully
2022-11-11 15:07:32,572 - root - INFO -  [*] Waiting for messages.
2022-11-11 15:07:32,732 - root - DEBUG - Connection active
2022-11-11 15:07:32,741 - root - INFO - Recieved 15-07-30.csv
2022-11-11 15:07:32,767 - root - INFO - File 15-07-30.csv stored successfully
2022-11-11 15:07:32,769 - root - INFO -  [*] Waiting for messages.
2022-11-11 15:07:32,797 - root - DEBUG - Connection active
2022-11-11 15:07:32,806 - root - INFO - Recieved 15-06-50.csv
2022-11-11 15:07:32,832 - root - INFO - File 15-06-50.csv stored successfully
2022-11-11 15:07:32,833 - root - INFO -  [*] Waiting for messages.
2022-11-11 15:07:33,010 - root - DEBUG - Connection active
2022-11-11 15:07:33,019 - root - INFO - Recieved 15-07-31.csv
2022-11-11 15:07:33,040 - root - INFO - File 15-07-31.csv stored successfully
2022-11-11 15:07:33,042 - root - INFO -  [*] Waiting for messages.
2022-11-11 15:07:33,085 - root - DEBUG - Connection active
2022-11-11 15:07:33,092 - root - INFO - Recieved 15-06-51.csv
2022-11-11 15:07:33,110 - root - INFO - File 15-06-51.csv stored successfully
2022-11-11 15:07:33,114 - root - INFO -  [*] Waiting for messages.
2022-11-11 15:07:33,309 - root - DEBUG - Connection active
2022-11-11 15:07:33,320 - root - INFO - Recieved 15-06-52.csv
2022-11-11 15:07:33,342 - root - INFO - File 15-06-52.csv stored successfully
2022-11-11 15:07:33,344 - root - INFO -  [*] Waiting for messages.
2022-11-11 15:07:33,555 - root - DEBUG - Connection active
2022-11-11 15:07:33,563 - root - INFO - Recieved 15-06-54.csv
2022-11-11 15:07:33,579 - root - INFO - File 15-06-54.csv stored successfully
2022-11-11 15:07:33,580 - root - INFO -  [*] Waiting for messages.
2022-11-11 15:07:33,729 - root - DEBUG - Connection active
2022-11-11 15:07:33,734 - root - INFO - Recieved 15-06-55.csv
2022-11-11 15:07:33,749 - root - INFO - File 15-06-55.csv stored successfully
2022-11-11 15:07:33,749 - root - INFO -  [*] Waiting for messages.
2022-11-11 15:07:33,935 - root - DEBUG - Connection active
2022-11-11 15:07:33,941 - root - INFO - Recieved 15-06-57.csv
2022-11-11 15:07:33,955 - root - INFO - File 15-06-57.csv stored successfully
2022-11-11 15:07:33,955 - root - INFO -  [*] Waiting for messages.
2022-11-11 15:07:34,115 - root - DEBUG - Connection active
2022-11-11 15:07:34,121 - root - INFO - Recieved 15-06-58.csv
2022-11-11 15:07:34,136 - root - INFO - File 15-06-58.csv stored successfully
2022-11-11 15:07:34,137 - root - INFO -  [*] Waiting for messages.
2022-11-11 15:07:34,290 - root - DEBUG - Connection active
2022-11-11 15:07:34,296 - root - INFO - Recieved 15-06-59.csv
2022-11-11 15:07:34,315 - root - INFO - File 15-06-59.csv stored successfully
2022-11-11 15:07:34,317 - root - INFO -  [*] Waiting for messages.
2022-11-11 15:07:34,501 - root - DEBUG - Connection active
2022-11-11 15:07:34,507 - root - INFO - Recieved 15-07-01.csv
2022-11-11 15:07:34,527 - root - INFO - File 15-07-01.csv stored successfully
2022-11-11 15:07:34,529 - root - INFO -  [*] Waiting for messages.
2022-11-11 15:07:34,719 - root - DEBUG - Connection active
2022-11-11 15:07:34,726 - root - INFO - Recieved 15-07-02.csv
2022-11-11 15:07:34,742 - root - INFO - File 15-07-02.csv stored successfully
2022-11-11 15:07:34,744 - root - INFO -  [*] Waiting for messages.
2022-11-11 15:07:34,916 - root - DEBUG - Connection active
2022-11-11 15:07:34,921 - root - INFO - Recieved 15-07-03.csv
2022-11-11 15:07:34,939 - root - INFO - File 15-07-03.csv stored successfully
2022-11-11 15:07:34,940 - root - INFO -  [*] Waiting for messages.
2022-11-11 15:07:35,139 - root - DEBUG - Connection active
2022-11-11 15:07:35,145 - root - INFO - Recieved 15-07-05.csv
2022-11-11 15:07:35,158 - root - INFO - File 15-07-05.csv stored successfully
2022-11-11 15:07:35,159 - root - INFO -  [*] Waiting for messages.
2022-11-11 15:07:35,317 - root - DEBUG - Connection active
2022-11-11 15:07:35,321 - root - INFO - Recieved 15-07-06.csv
2022-11-11 15:07:35,335 - root - INFO - File 15-07-06.csv stored successfully
2022-11-11 15:07:35,336 - root - INFO -  [*] Waiting for messages.
2022-11-11 15:07:35,511 - root - DEBUG - Connection active
2022-11-11 15:07:35,518 - root - INFO - Recieved 15-07-07.csv
2022-11-11 15:07:35,536 - root - INFO - File 15-07-07.csv stored successfully
2022-11-11 15:07:35,537 - root - INFO -  [*] Waiting for messages.
2022-11-11 15:07:35,740 - root - DEBUG - Connection active
2022-11-11 15:07:35,748 - root - INFO - Recieved 15-07-09.csv
2022-11-11 15:07:35,763 - root - INFO - File 15-07-09.csv stored successfully
2022-11-11 15:07:35,764 - root - INFO -  [*] Waiting for messages.
2022-11-11 15:07:35,955 - root - DEBUG - Connection active
2022-11-11 15:07:35,961 - root - INFO - Recieved 15-07-10.csv
2022-11-11 15:07:35,979 - root - INFO - File 15-07-10.csv stored successfully
2022-11-11 15:07:35,980 - root - INFO -  [*] Waiting for messages.
2022-11-11 15:07:36,151 - root - DEBUG - Connection active
2022-11-11 15:07:36,156 - root - INFO - Recieved 15-07-11.csv
2022-11-11 15:07:36,172 - root - INFO - File 15-07-11.csv stored successfully
2022-11-11 15:07:36,173 - root - INFO -  [*] Waiting for messages.
2022-11-11 15:07:36,337 - root - DEBUG - Connection active
2022-11-11 15:07:36,342 - root - INFO - Recieved 15-07-12.csv
2022-11-11 15:07:36,357 - root - INFO - File 15-07-12.csv stored successfully
2022-11-11 15:07:36,358 - root - INFO -  [*] Waiting for messages.
2022-11-11 15:07:36,564 - root - DEBUG - Connection active
2022-11-11 15:07:36,570 - root - INFO - Recieved 15-07-13.csv
2022-11-11 15:07:36,585 - root - INFO - File 15-07-13.csv stored successfully
2022-11-11 15:07:36,585 - root - INFO -  [*] Waiting for messages.
2022-11-11 15:07:36,775 - root - DEBUG - Connection active
2022-11-11 15:07:36,782 - root - INFO - Recieved 15-07-15.csv
2022-11-11 15:07:36,805 - root - INFO - File 15-07-15.csv stored successfully
2022-11-11 15:07:36,806 - root - INFO -  [*] Waiting for messages.
2022-11-11 15:07:36,996 - root - DEBUG - Connection active
2022-11-11 15:07:37,003 - root - INFO - Recieved 15-07-16.csv
2022-11-11 15:07:37,023 - root - INFO - File 15-07-16.csv stored successfully
2022-11-11 15:07:37,024 - root - INFO -  [*] Waiting for messages.
2022-11-11 15:07:37,232 - root - DEBUG - Connection active
2022-11-11 15:07:37,241 - root - INFO - Recieved 15-07-18.csv
2022-11-11 15:07:37,261 - root - INFO - File 15-07-18.csv stored successfully
2022-11-11 15:07:37,262 - root - INFO -  [*] Waiting for messages.
2022-11-11 15:07:37,458 - root - DEBUG - Connection active
2022-11-11 15:07:37,466 - root - INFO - Recieved 15-07-19.csv
2022-11-11 15:07:37,484 - root - INFO - File 15-07-19.csv stored successfully
2022-11-11 15:07:37,485 - root - INFO -  [*] Waiting for messages.
2022-11-11 15:07:37,674 - root - DEBUG - Connection active
2022-11-11 15:07:37,680 - root - INFO - Recieved 15-07-21.csv
2022-11-11 15:07:37,698 - root - INFO - File 15-07-21.csv stored successfully
2022-11-11 15:07:37,700 - root - INFO -  [*] Waiting for messages.
2022-11-11 15:07:37,976 - root - DEBUG - Connection active
2022-11-11 15:07:37,983 - root - INFO - Recieved 15-07-22.csv
2022-11-11 15:07:38,012 - root - INFO - File 15-07-22.csv stored successfully
2022-11-11 15:07:38,014 - root - INFO -  [*] Waiting for messages.
2022-11-11 15:07:38,241 - root - DEBUG - Connection active
2022-11-11 15:07:38,248 - root - INFO - Recieved 15-07-24.csv
2022-11-11 15:07:38,267 - root - INFO - File 15-07-24.csv stored successfully
2022-11-11 15:07:38,267 - root - INFO -  [*] Waiting for messages.
2022-11-11 15:07:38,464 - root - DEBUG - Connection active
2022-11-11 15:07:38,472 - root - INFO - Recieved 15-07-25.csv
2022-11-11 15:07:38,495 - root - INFO - File 15-07-25.csv stored successfully
2022-11-11 15:07:38,497 - root - INFO -  [*] Waiting for messages.
2022-11-11 15:07:38,681 - root - DEBUG - Connection active
2022-11-11 15:07:38,687 - root - INFO - Recieved 15-07-26.csv
2022-11-11 15:07:38,706 - root - INFO - File 15-07-26.csv stored successfully
2022-11-11 15:07:38,708 - root - INFO -  [*] Waiting for messages.
2022-11-11 15:07:38,889 - root - DEBUG - Connection active
2022-11-11 15:07:38,896 - root - INFO - Recieved 15-07-28.csv
2022-11-11 15:07:38,913 - root - INFO - File 15-07-28.csv stored successfully
2022-11-11 15:07:38,914 - root - INFO -  [*] Waiting for messages.
2022-11-11 15:07:39,074 - root - DEBUG - Connection active
2022-11-11 15:07:39,079 - root - INFO - Recieved 15-07-29.csv
2022-11-11 15:07:39,094 - root - INFO - File 15-07-29.csv stored successfully
2022-11-11 15:07:39,096 - root - INFO -  [*] Waiting for messages.
2022-11-11 15:07:39,254 - root - DEBUG - Connection active
2022-11-11 15:07:39,259 - root - INFO - Recieved 15-07-30.csv
2022-11-11 15:07:39,274 - root - INFO - File 15-07-30.csv stored successfully
2022-11-11 15:07:39,274 - root - INFO -  [*] Waiting for messages.
2022-11-11 15:07:39,468 - root - DEBUG - Connection active
2022-11-11 15:07:39,473 - root - INFO - Recieved 15-07-31.csv
2022-11-11 15:07:39,488 - root - INFO - File 15-07-31.csv stored successfully
2022-11-11 15:07:39,489 - root - INFO -  [*] Waiting for messages.
2022-11-11 15:07:39,659 - root - DEBUG - Connection active
2022-11-11 15:07:39,666 - root - INFO - Recieved 15-07-32.csv
2022-11-11 15:07:39,682 - root - INFO - File 15-07-32.csv stored successfully
2022-11-11 15:07:39,683 - root - INFO -  [*] Waiting for messages.
2022-11-11 15:07:39,847 - root - DEBUG - Connection active
2022-11-11 15:07:39,853 - root - INFO - Recieved 15-07-34.csv
2022-11-11 15:07:39,874 - root - INFO - File 15-07-34.csv stored successfully
2022-11-11 15:07:39,876 - root - INFO -  [*] Waiting for messages.
2022-11-11 15:07:40,092 - root - DEBUG - Connection active
2022-11-11 15:07:40,101 - root - INFO - Recieved 15-07-35.csv
2022-11-11 15:07:40,124 - root - INFO - File 15-07-35.csv stored successfully
2022-11-11 15:07:40,126 - root - INFO -  [*] Waiting for messages.
2022-11-11 15:07:40,310 - root - DEBUG - Connection active
2022-11-11 15:07:40,316 - root - INFO - Recieved 15-07-36.csv
2022-11-11 15:07:40,334 - root - INFO - File 15-07-36.csv stored successfully
2022-11-11 15:07:40,337 - root - INFO -  [*] Waiting for messages.
2022-11-11 15:07:40,507 - root - DEBUG - Connection active
2022-11-11 15:07:40,513 - root - INFO - Recieved 15-07-37.csv
2022-11-11 15:07:40,529 - root - INFO - File 15-07-37.csv stored successfully
2022-11-11 15:07:40,530 - root - INFO -  [*] Waiting for messages.
2022-11-11 15:07:40,705 - root - DEBUG - Connection active
2022-11-11 15:07:40,714 - root - INFO - Recieved 15-07-39.csv
2022-11-11 15:07:40,736 - root - INFO - File 15-07-39.csv stored successfully
2022-11-11 15:07:40,739 - root - INFO -  [*] Waiting for messages.
2022-11-11 15:07:40,933 - root - DEBUG - Connection active
2022-11-11 15:07:40,942 - root - INFO - Recieved 15-07-40.csv
2022-11-11 15:07:40,962 - root - INFO - File 15-07-40.csv stored successfully
2022-11-11 15:07:40,963 - root - INFO -  [*] Waiting for messages.
2022-11-11 15:07:44,904 - root - DEBUG - Connection active
2022-11-11 15:07:44,911 - root - INFO - Recieved 15-07-33.csv
2022-11-11 15:07:44,924 - root - INFO - File 15-07-33.csv stored successfully
2022-11-11 15:07:44,924 - root - INFO -  [*] Waiting for messages.
2022-11-11 15:07:45,028 - root - DEBUG - Connection active
2022-11-11 15:07:45,033 - root - INFO - Recieved 15-07-34.csv
2022-11-11 15:07:45,047 - root - INFO - File 15-07-34.csv stored successfully
2022-11-11 15:07:45,047 - root - INFO -  [*] Waiting for messages.
2022-11-11 15:07:45,158 - root - DEBUG - Connection active
2022-11-11 15:07:45,163 - root - INFO - Recieved 15-07-35.csv
2022-11-11 15:07:45,176 - root - INFO - File 15-07-35.csv stored successfully
2022-11-11 15:07:45,178 - root - INFO -  [*] Waiting for messages.
2022-11-11 15:07:45,332 - root - DEBUG - Connection active
2022-11-11 15:07:45,339 - root - INFO - Recieved 15-07-37.csv
2022-11-11 15:07:45,361 - root - INFO - File 15-07-37.csv stored successfully
2022-11-11 15:07:45,362 - root - INFO -  [*] Waiting for messages.
2022-11-11 15:07:45,555 - root - DEBUG - Connection active
2022-11-11 15:07:45,562 - root - INFO - Recieved 15-07-38.csv
2022-11-11 15:07:45,581 - root - INFO - File 15-07-38.csv stored successfully
2022-11-11 15:07:45,582 - root - INFO -  [*] Waiting for messages.
2022-11-11 15:07:45,751 - root - DEBUG - Connection active
2022-11-11 15:07:45,759 - root - INFO - Recieved 15-07-39.csv
2022-11-11 15:07:45,777 - root - INFO - File 15-07-39.csv stored successfully
2022-11-11 15:07:45,777 - root - INFO -  [*] Waiting for messages.
2022-11-11 15:07:45,953 - root - DEBUG - Connection active
2022-11-11 15:07:45,961 - root - INFO - Recieved 15-07-40.csv
2022-11-11 15:07:45,978 - root - INFO - File 15-07-40.csv stored successfully
2022-11-11 15:07:45,980 - root - INFO -  [*] Waiting for messages.
2022-11-11 15:07:46,143 - root - DEBUG - Connection active
2022-11-11 15:07:46,149 - root - INFO - Recieved 15-07-41.csv
2022-11-11 15:07:46,171 - root - INFO - File 15-07-41.csv stored successfully
2022-11-11 15:07:46,171 - root - INFO -  [*] Waiting for messages.
2022-11-11 15:07:46,281 - root - DEBUG - Connection active
2022-11-11 15:07:46,291 - root - INFO - Recieved 15-07-41.csv
2022-11-11 15:07:46,318 - root - INFO - File 15-07-41.csv stored successfully
2022-11-11 15:07:46,319 - root - INFO -  [*] Waiting for messages.
2022-11-11 15:07:46,415 - root - DEBUG - Connection active
2022-11-11 15:07:46,423 - root - INFO - Recieved 15-07-43.csv
2022-11-11 15:07:46,452 - root - INFO - File 15-07-43.csv stored successfully
2022-11-11 15:07:46,454 - root - INFO -  [*] Waiting for messages.
2022-11-11 15:07:46,549 - root - DEBUG - Connection active
2022-11-11 15:07:46,556 - root - INFO - Recieved 15-07-42.csv
2022-11-11 15:07:46,582 - root - INFO - File 15-07-42.csv stored successfully
2022-11-11 15:07:46,585 - root - INFO -  [*] Waiting for messages.
2022-11-11 15:07:46,745 - root - DEBUG - Connection active
2022-11-11 15:07:46,754 - root - INFO - Recieved 15-07-44.csv
2022-11-11 15:07:46,787 - root - INFO - File 15-07-44.csv stored successfully
2022-11-11 15:07:46,788 - root - INFO -  [*] Waiting for messages.
2022-11-11 15:07:46,857 - root - DEBUG - Connection active
2022-11-11 15:07:46,865 - root - INFO - Recieved 15-07-43.csv
2022-11-11 15:07:46,894 - root - INFO - File 15-07-43.csv stored successfully
2022-11-11 15:07:46,896 - root - INFO -  [*] Waiting for messages.
2022-11-11 15:07:47,068 - root - DEBUG - Connection active
2022-11-11 15:07:47,081 - root - INFO - Recieved 15-07-45.csv
2022-11-11 15:07:47,114 - root - INFO - File 15-07-45.csv stored successfully
2022-11-11 15:07:47,116 - root - INFO -  [*] Waiting for messages.
2022-11-11 15:07:47,164 - root - DEBUG - Connection active
2022-11-11 15:07:47,175 - root - INFO - Recieved 15-07-45.csv
2022-11-11 15:07:47,201 - root - INFO - File 15-07-45.csv stored successfully
2022-11-11 15:07:47,201 - root - INFO -  [*] Waiting for messages.
2022-11-11 15:07:47,369 - root - DEBUG - Connection active
2022-11-11 15:07:47,376 - root - INFO - Recieved 15-07-46.csv
2022-11-11 15:07:47,404 - root - INFO - File 15-07-46.csv stored successfully
2022-11-11 15:07:47,406 - root - INFO -  [*] Waiting for messages.
2022-11-11 15:07:47,438 - root - DEBUG - Connection active
2022-11-11 15:07:47,449 - root - INFO - Recieved 15-07-46.csv
2022-11-11 15:07:47,473 - root - INFO - File 15-07-46.csv stored successfully
2022-11-11 15:07:47,475 - root - INFO -  [*] Waiting for messages.
