2022-11-11 12:46:28,362 - root - INFO - Initiating Connection to RabbitMQ Instance
2022-11-11 12:46:28,363 - root - INFO - Attempting Devmode Connection to RabbitMQ
2022-11-11 12:46:28,397 - root - INFO - Connection to RabbitMQ sucessful
2022-11-11 12:46:28,405 - root - INFO -  [*] Waiting for messages. To exit press CTRL+C
2022-11-11 12:46:28,416 - root - DEBUG - Connection active
2022-11-11 12:46:28,419 - root - INFO - Recieved 09-36-24.csv
2022-11-11 12:46:28,425 - root - INFO - File 09-36-24.csv stored successfully
2022-11-11 12:46:28,426 - root - INFO -  [*] Waiting for messages.
2022-11-11 12:46:28,437 - root - DEBUG - Connection active
2022-11-11 12:46:28,440 - root - INFO - Recieved 09-36-25.csv
2022-11-11 12:46:28,446 - root - INFO - File 09-36-25.csv stored successfully
2022-11-11 12:46:28,447 - root - INFO -  [*] Waiting for messages.
2022-11-11 12:46:28,458 - root - DEBUG - Connection active
2022-11-11 12:46:28,459 - root - INFO - Recieved 09-36-26.csv
2022-11-11 12:46:28,465 - root - INFO - File 09-36-26.csv stored successfully
2022-11-11 12:46:28,465 - root - INFO -  [*] Waiting for messages.
2022-11-11 12:46:28,481 - root - DEBUG - Connection active
2022-11-11 12:46:28,481 - root - INFO - Recieved 09-36-27.csv
2022-11-11 12:46:28,487 - root - INFO - File 09-36-27.csv stored successfully
2022-11-11 12:46:28,488 - root - INFO -  [*] Waiting for messages.
2022-11-11 12:46:28,501 - root - DEBUG - Connection active
2022-11-11 12:46:28,502 - root - INFO - Recieved 09-36-28.csv
2022-11-11 12:46:28,511 - root - INFO - File 09-36-28.csv stored successfully
2022-11-11 12:46:28,511 - root - INFO -  [*] Waiting for messages.
2022-11-11 12:46:28,522 - root - DEBUG - Connection active
2022-11-11 12:46:28,525 - root - INFO - Recieved 09-36-29.csv
2022-11-11 12:46:28,531 - root - INFO - File 09-36-29.csv stored successfully
2022-11-11 12:46:28,532 - root - INFO -  [*] Waiting for messages.
2022-11-11 12:46:28,544 - root - DEBUG - Connection active
2022-11-11 12:46:28,545 - root - INFO - Recieved 09-36-30.csv
2022-11-11 12:46:28,550 - root - INFO - File 09-36-30.csv stored successfully
2022-11-11 12:46:28,550 - root - INFO -  [*] Waiting for messages.
2022-11-11 12:46:28,562 - root - DEBUG - Connection active
2022-11-11 12:46:28,563 - root - INFO - Recieved 09-36-31.csv
2022-11-11 12:46:28,570 - root - INFO - File 09-36-31.csv stored successfully
2022-11-11 12:46:28,571 - root - INFO -  [*] Waiting for messages.
2022-11-11 12:46:28,582 - root - DEBUG - Connection active
2022-11-11 12:46:28,582 - root - INFO - Recieved 09-36-32.csv
2022-11-11 12:46:28,591 - root - INFO - File 09-36-32.csv stored successfully
2022-11-11 12:46:28,591 - root - INFO -  [*] Waiting for messages.
2022-11-11 12:46:28,600 - root - DEBUG - Connection active
2022-11-11 12:46:28,601 - root - INFO - Recieved 09-36-33.csv
2022-11-11 12:46:28,609 - root - INFO - File 09-36-33.csv stored successfully
2022-11-11 12:46:28,610 - root - INFO -  [*] Waiting for messages.
2022-11-11 12:46:28,625 - root - DEBUG - Connection active
2022-11-11 12:46:28,626 - root - INFO - Recieved 09-36-34.csv
2022-11-11 12:46:28,631 - root - INFO - File 09-36-34.csv stored successfully
2022-11-11 12:46:28,632 - root - INFO -  [*] Waiting for messages.
2022-11-11 12:46:28,645 - root - DEBUG - Connection active
2022-11-11 12:46:28,646 - root - INFO - Recieved 09-36-35.csv
2022-11-11 12:46:28,654 - root - INFO - File 09-36-35.csv stored successfully
2022-11-11 12:46:28,655 - root - INFO -  [*] Waiting for messages.
2022-11-11 12:46:28,670 - root - DEBUG - Connection active
2022-11-11 12:46:28,671 - root - INFO - Recieved 09-36-36.csv
2022-11-11 12:46:28,682 - root - INFO - File 09-36-36.csv stored successfully
2022-11-11 12:46:28,682 - root - INFO -  [*] Waiting for messages.
2022-11-11 12:46:28,698 - root - DEBUG - Connection active
2022-11-11 12:46:28,698 - root - INFO - Recieved 09-36-37.csv
2022-11-11 12:46:28,705 - root - INFO - File 09-36-37.csv stored successfully
2022-11-11 12:46:28,707 - root - INFO -  [*] Waiting for messages.
2022-11-11 12:46:28,726 - root - DEBUG - Connection active
2022-11-11 12:46:28,727 - root - INFO - Recieved 09-36-38.csv
2022-11-11 12:46:28,733 - root - INFO - File 09-36-38.csv stored successfully
2022-11-11 12:46:28,733 - root - INFO -  [*] Waiting for messages.
2022-11-11 12:46:28,746 - root - DEBUG - Connection active
2022-11-11 12:46:28,746 - root - INFO - Recieved 09-36-39.csv
2022-11-11 12:46:28,754 - root - INFO - File 09-36-39.csv stored successfully
2022-11-11 12:46:28,756 - root - INFO -  [*] Waiting for messages.
2022-11-11 12:46:28,765 - root - DEBUG - Connection active
2022-11-11 12:46:28,766 - root - INFO - Recieved 09-36-41.csv
2022-11-11 12:46:28,775 - root - INFO - File 09-36-41.csv stored successfully
2022-11-11 12:46:28,775 - root - INFO -  [*] Waiting for messages.
2022-11-11 12:46:28,792 - root - DEBUG - Connection active
2022-11-11 12:46:28,793 - root - INFO - Recieved 09-36-42.csv
2022-11-11 12:46:28,798 - root - INFO - File 09-36-42.csv stored successfully
2022-11-11 12:46:28,799 - root - INFO -  [*] Waiting for messages.
2022-11-11 12:46:28,812 - root - DEBUG - Connection active
2022-11-11 12:46:28,813 - root - INFO - Recieved 09-36-43.csv
2022-11-11 12:46:28,820 - root - INFO - File 09-36-43.csv stored successfully
2022-11-11 12:46:28,821 - root - INFO -  [*] Waiting for messages.
2022-11-11 12:46:28,833 - root - DEBUG - Connection active
2022-11-11 12:46:28,833 - root - INFO - Recieved 09-36-44.csv
2022-11-11 12:46:28,843 - root - INFO - File 09-36-44.csv stored successfully
2022-11-11 12:46:28,844 - root - INFO -  [*] Waiting for messages.
2022-11-11 12:46:28,853 - root - DEBUG - Connection active
2022-11-11 12:46:28,854 - root - INFO - Recieved 09-36-45.csv
2022-11-11 12:46:28,862 - root - INFO - File 09-36-45.csv stored successfully
2022-11-11 12:46:28,862 - root - INFO -  [*] Waiting for messages.
2022-11-11 12:46:28,871 - root - DEBUG - Connection active
2022-11-11 12:46:28,872 - root - INFO - Recieved 09-36-46.csv
2022-11-11 12:46:28,880 - root - INFO - File 09-36-46.csv stored successfully
2022-11-11 12:46:28,881 - root - INFO -  [*] Waiting for messages.
2022-11-11 12:46:28,894 - root - DEBUG - Connection active
2022-11-11 12:46:28,894 - root - INFO - Recieved 09-36-47.csv
2022-11-11 12:46:28,899 - root - INFO - File 09-36-47.csv stored successfully
2022-11-11 12:46:28,900 - root - INFO -  [*] Waiting for messages.
2022-11-11 12:46:28,916 - root - DEBUG - Connection active
2022-11-11 12:46:28,917 - root - INFO - Recieved 09-36-48.csv
2022-11-11 12:46:28,926 - root - INFO - File 09-36-48.csv stored successfully
2022-11-11 12:46:28,927 - root - INFO -  [*] Waiting for messages.
2022-11-11 12:46:28,937 - root - DEBUG - Connection active
2022-11-11 12:46:28,939 - root - INFO - Recieved 09-36-49.csv
2022-11-11 12:46:28,946 - root - INFO - File 09-36-49.csv stored successfully
2022-11-11 12:46:28,947 - root - INFO -  [*] Waiting for messages.
2022-11-11 12:46:28,959 - root - DEBUG - Connection active
2022-11-11 12:46:28,960 - root - INFO - Recieved 09-36-50.csv
2022-11-11 12:46:28,965 - root - INFO - File 09-36-50.csv stored successfully
2022-11-11 12:46:28,965 - root - INFO -  [*] Waiting for messages.
2022-11-11 12:46:28,978 - root - DEBUG - Connection active
2022-11-11 12:46:28,979 - root - INFO - Recieved 09-36-51.csv
2022-11-11 12:46:28,985 - root - INFO - File 09-36-51.csv stored successfully
2022-11-11 12:46:28,986 - root - INFO -  [*] Waiting for messages.
2022-11-11 12:46:28,998 - root - DEBUG - Connection active
2022-11-11 12:46:28,998 - root - INFO - Recieved 09-36-52.csv
2022-11-11 12:46:29,008 - root - INFO - File 09-36-52.csv stored successfully
2022-11-11 12:46:29,009 - root - INFO -  [*] Waiting for messages.
2022-11-11 12:46:29,018 - root - DEBUG - Connection active
2022-11-11 12:46:29,019 - root - INFO - Recieved 09-36-53.csv
2022-11-11 12:46:29,029 - root - INFO - File 09-36-53.csv stored successfully
2022-11-11 12:46:29,029 - root - INFO -  [*] Waiting for messages.
2022-11-11 12:46:29,045 - root - DEBUG - Connection active
2022-11-11 12:46:29,046 - root - INFO - Recieved 09-36-54.csv
2022-11-11 12:46:29,052 - root - INFO - File 09-36-54.csv stored successfully
2022-11-11 12:46:29,053 - root - INFO -  [*] Waiting for messages.
2022-11-11 12:46:29,070 - root - DEBUG - Connection active
2022-11-11 12:46:29,071 - root - INFO - Recieved 09-36-55.csv
2022-11-11 12:46:29,079 - root - INFO - File 09-36-55.csv stored successfully
2022-11-11 12:46:29,080 - root - INFO -  [*] Waiting for messages.
2022-11-11 12:46:29,093 - root - DEBUG - Connection active
2022-11-11 12:46:29,094 - root - INFO - Recieved 09-36-56.csv
2022-11-11 12:46:29,100 - root - INFO - File 09-36-56.csv stored successfully
2022-11-11 12:46:29,100 - root - INFO -  [*] Waiting for messages.
2022-11-11 12:46:29,114 - root - DEBUG - Connection active
2022-11-11 12:46:29,114 - root - INFO - Recieved 09-36-57.csv
2022-11-11 12:46:29,125 - root - INFO - File 09-36-57.csv stored successfully
2022-11-11 12:46:29,125 - root - INFO -  [*] Waiting for messages.
2022-11-11 12:46:29,135 - root - DEBUG - Connection active
2022-11-11 12:46:29,136 - root - INFO - Recieved 09-36-58.csv
2022-11-11 12:46:29,145 - root - INFO - File 09-36-58.csv stored successfully
2022-11-11 12:46:29,145 - root - INFO -  [*] Waiting for messages.
2022-11-11 12:46:29,157 - root - DEBUG - Connection active
2022-11-11 12:46:29,159 - root - INFO - Recieved 09-36-59.csv
2022-11-11 12:46:29,164 - root - INFO - File 09-36-59.csv stored successfully
2022-11-11 12:46:29,164 - root - INFO -  [*] Waiting for messages.
2022-11-11 12:46:29,177 - root - DEBUG - Connection active
2022-11-11 12:46:29,178 - root - INFO - Recieved 09-37-00.csv
2022-11-11 12:46:29,183 - root - INFO - File 09-37-00.csv stored successfully
2022-11-11 12:46:29,184 - root - INFO -  [*] Waiting for messages.
2022-11-11 12:46:29,200 - root - DEBUG - Connection active
2022-11-11 12:46:29,201 - root - INFO - Recieved 09-37-02.csv
2022-11-11 12:46:29,210 - root - INFO - File 09-37-02.csv stored successfully
2022-11-11 12:46:29,211 - root - INFO -  [*] Waiting for messages.
2022-11-11 12:46:29,221 - root - DEBUG - Connection active
2022-11-11 12:46:29,222 - root - INFO - Recieved 09-37-03.csv
2022-11-11 12:46:29,230 - root - INFO - File 09-37-03.csv stored successfully
2022-11-11 12:46:29,230 - root - INFO -  [*] Waiting for messages.
2022-11-11 12:46:29,240 - root - DEBUG - Connection active
2022-11-11 12:46:29,241 - root - INFO - Recieved 09-37-04.csv
2022-11-11 12:46:29,250 - root - INFO - File 09-37-04.csv stored successfully
2022-11-11 12:46:29,250 - root - INFO -  [*] Waiting for messages.
2022-11-11 12:46:29,264 - root - DEBUG - Connection active
2022-11-11 12:46:29,264 - root - INFO - Recieved 09-37-05.csv
2022-11-11 12:46:29,270 - root - INFO - File 09-37-05.csv stored successfully
2022-11-11 12:46:29,271 - root - INFO -  [*] Waiting for messages.
2022-11-11 12:46:29,283 - root - DEBUG - Connection active
2022-11-11 12:46:29,283 - root - INFO - Recieved 09-37-06.csv
2022-11-11 12:46:29,293 - root - INFO - File 09-37-06.csv stored successfully
2022-11-11 12:46:29,294 - root - INFO -  [*] Waiting for messages.
2022-11-11 12:46:29,303 - root - DEBUG - Connection active
2022-11-11 12:46:29,306 - root - INFO - Recieved 09-37-07.csv
2022-11-11 12:46:29,315 - root - INFO - File 09-37-07.csv stored successfully
2022-11-11 12:46:29,315 - root - INFO -  [*] Waiting for messages.
2022-11-11 12:46:29,330 - root - DEBUG - Connection active
2022-11-11 12:46:29,331 - root - INFO - Recieved 09-37-08.csv
2022-11-11 12:46:29,339 - root - INFO - File 09-37-08.csv stored successfully
2022-11-11 12:46:29,341 - root - INFO -  [*] Waiting for messages.
2022-11-11 12:46:29,354 - root - DEBUG - Connection active
2022-11-11 12:46:29,356 - root - INFO - Recieved 09-37-09.csv
2022-11-11 12:46:29,364 - root - INFO - File 09-37-09.csv stored successfully
2022-11-11 12:46:29,364 - root - INFO -  [*] Waiting for messages.
2022-11-11 12:46:29,376 - root - DEBUG - Connection active
2022-11-11 12:46:29,377 - root - INFO - Recieved 09-37-10.csv
2022-11-11 12:46:29,382 - root - INFO - File 09-37-10.csv stored successfully
2022-11-11 12:46:29,383 - root - INFO -  [*] Waiting for messages.
2022-11-11 12:46:29,396 - root - DEBUG - Connection active
2022-11-11 12:46:29,396 - root - INFO - Recieved 09-37-11.csv
2022-11-11 12:46:29,402 - root - INFO - File 09-37-11.csv stored successfully
2022-11-11 12:46:29,404 - root - INFO -  [*] Waiting for messages.
2022-11-11 12:46:29,415 - root - DEBUG - Connection active
2022-11-11 12:46:29,416 - root - INFO - Recieved 09-37-12.csv
2022-11-11 12:46:29,422 - root - INFO - File 09-37-12.csv stored successfully
2022-11-11 12:46:29,423 - root - INFO -  [*] Waiting for messages.
2022-11-11 12:46:29,439 - root - DEBUG - Connection active
2022-11-11 12:46:29,440 - root - INFO - Recieved 09-37-13.csv
2022-11-11 12:46:29,449 - root - INFO - File 09-37-13.csv stored successfully
2022-11-11 12:46:29,450 - root - INFO -  [*] Waiting for messages.
2022-11-11 12:46:29,467 - root - DEBUG - Connection active
2022-11-11 12:46:29,468 - root - INFO - Recieved 09-37-14.csv
2022-11-11 12:46:29,477 - root - INFO - File 09-37-14.csv stored successfully
2022-11-11 12:46:29,477 - root - INFO -  [*] Waiting for messages.
2022-11-11 12:46:29,496 - root - DEBUG - Connection active
2022-11-11 12:46:29,497 - root - INFO - Recieved 09-37-15.csv
2022-11-11 12:46:29,509 - root - INFO - File 09-37-15.csv stored successfully
2022-11-11 12:46:29,510 - root - INFO -  [*] Waiting for messages.
2022-11-11 12:46:29,532 - root - DEBUG - Connection active
2022-11-11 12:46:29,533 - root - INFO - Recieved 09-37-16.csv
2022-11-11 12:46:29,543 - root - INFO - File 09-37-16.csv stored successfully
2022-11-11 12:46:29,543 - root - INFO -  [*] Waiting for messages.
2022-11-11 12:46:29,558 - root - DEBUG - Connection active
2022-11-11 12:46:29,559 - root - INFO - Recieved 09-37-17.csv
2022-11-11 12:46:29,565 - root - INFO - File 09-37-17.csv stored successfully
2022-11-11 12:46:29,566 - root - INFO -  [*] Waiting for messages.
2022-11-11 12:46:29,580 - root - DEBUG - Connection active
2022-11-11 12:46:29,581 - root - INFO - Recieved 09-37-18.csv
2022-11-11 12:46:29,591 - root - INFO - File 09-37-18.csv stored successfully
2022-11-11 12:46:29,593 - root - INFO -  [*] Waiting for messages.
2022-11-11 12:46:29,605 - root - DEBUG - Connection active
2022-11-11 12:46:29,607 - root - INFO - Recieved 09-37-19.csv
2022-11-11 12:46:29,615 - root - INFO - File 09-37-19.csv stored successfully
2022-11-11 12:46:29,615 - root - INFO -  [*] Waiting for messages.
2022-11-11 12:46:29,628 - root - DEBUG - Connection active
2022-11-11 12:46:29,630 - root - INFO - Recieved 09-37-20.csv
2022-11-11 12:46:29,637 - root - INFO - File 09-37-20.csv stored successfully
2022-11-11 12:46:29,637 - root - INFO -  [*] Waiting for messages.
2022-11-11 12:46:29,650 - root - DEBUG - Connection active
2022-11-11 12:46:29,651 - root - INFO - Recieved 09-37-21.csv
2022-11-11 12:46:29,661 - root - INFO - File 09-37-21.csv stored successfully
2022-11-11 12:46:29,661 - root - INFO -  [*] Waiting for messages.
2022-11-11 12:46:29,679 - root - DEBUG - Connection active
2022-11-11 12:46:29,680 - root - INFO - Recieved 09-37-23.csv
2022-11-11 12:46:29,686 - root - INFO - File 09-37-23.csv stored successfully
2022-11-11 12:46:29,688 - root - INFO -  [*] Waiting for messages.
2022-11-11 12:46:29,700 - root - DEBUG - Connection active
2022-11-11 12:46:29,701 - root - INFO - Recieved 09-37-24.csv
2022-11-11 12:46:29,710 - root - INFO - File 09-37-24.csv stored successfully
2022-11-11 12:46:29,710 - root - INFO -  [*] Waiting for messages.
2022-11-11 12:46:29,719 - root - DEBUG - Connection active
2022-11-11 12:46:29,720 - root - INFO - Recieved 09-37-25.csv
2022-11-11 12:46:29,729 - root - INFO - File 09-37-25.csv stored successfully
2022-11-11 12:46:29,729 - root - INFO -  [*] Waiting for messages.
2022-11-11 12:46:29,741 - root - DEBUG - Connection active
2022-11-11 12:46:29,743 - root - INFO - Recieved 09-37-26.csv
2022-11-11 12:46:29,748 - root - INFO - File 09-37-26.csv stored successfully
2022-11-11 12:46:29,748 - root - INFO -  [*] Waiting for messages.
2022-11-11 12:46:29,761 - root - DEBUG - Connection active
2022-11-11 12:46:29,762 - root - INFO - Recieved 09-37-27.csv
2022-11-11 12:46:29,768 - root - INFO - File 09-37-27.csv stored successfully
2022-11-11 12:46:29,768 - root - INFO -  [*] Waiting for messages.
2022-11-11 12:46:29,781 - root - DEBUG - Connection active
2022-11-11 12:46:29,781 - root - INFO - Recieved 09-37-28.csv
2022-11-11 12:46:29,789 - root - INFO - File 09-37-28.csv stored successfully
2022-11-11 12:46:29,790 - root - INFO -  [*] Waiting for messages.
2022-11-11 12:46:29,800 - root - DEBUG - Connection active
2022-11-11 12:46:29,801 - root - INFO - Recieved 09-37-29.csv
2022-11-11 12:46:29,807 - root - INFO - File 09-37-29.csv stored successfully
2022-11-11 12:46:29,808 - root - INFO -  [*] Waiting for messages.
2022-11-11 12:46:29,823 - root - DEBUG - Connection active
2022-11-11 12:46:29,824 - root - INFO - Recieved 09-37-30.csv
2022-11-11 12:46:29,833 - root - INFO - File 09-37-30.csv stored successfully
2022-11-11 12:46:29,834 - root - INFO -  [*] Waiting for messages.
2022-11-11 12:46:29,848 - root - DEBUG - Connection active
2022-11-11 12:46:29,848 - root - INFO - Recieved 09-37-31.csv
2022-11-11 12:46:29,856 - root - INFO - File 09-37-31.csv stored successfully
2022-11-11 12:46:29,857 - root - INFO -  [*] Waiting for messages.
2022-11-11 12:46:29,868 - root - DEBUG - Connection active
2022-11-11 12:46:29,868 - root - INFO - Recieved 09-37-32.csv
2022-11-11 12:46:29,878 - root - INFO - File 09-37-32.csv stored successfully
2022-11-11 12:46:29,878 - root - INFO -  [*] Waiting for messages.
2022-11-11 12:46:29,889 - root - DEBUG - Connection active
2022-11-11 12:46:29,891 - root - INFO - Recieved 09-37-33.csv
2022-11-11 12:46:29,898 - root - INFO - File 09-37-33.csv stored successfully
2022-11-11 12:46:29,898 - root - INFO -  [*] Waiting for messages.
2022-11-11 12:46:29,911 - root - DEBUG - Connection active
2022-11-11 12:46:29,912 - root - INFO - Recieved 09-37-34.csv
2022-11-11 12:46:29,917 - root - INFO - File 09-37-34.csv stored successfully
2022-11-11 12:46:29,918 - root - INFO -  [*] Waiting for messages.
2022-11-11 12:46:29,931 - root - DEBUG - Connection active
2022-11-11 12:46:29,932 - root - INFO - Recieved 09-37-35.csv
2022-11-11 12:46:29,940 - root - INFO - File 09-37-35.csv stored successfully
2022-11-11 12:46:29,941 - root - INFO -  [*] Waiting for messages.
2022-11-11 12:46:29,955 - root - DEBUG - Connection active
2022-11-11 12:46:29,958 - root - INFO - Recieved 09-37-36.csv
2022-11-11 12:46:29,965 - root - INFO - File 09-37-36.csv stored successfully
2022-11-11 12:46:29,965 - root - INFO -  [*] Waiting for messages.
2022-11-11 12:46:29,984 - root - DEBUG - Connection active
2022-11-11 12:46:29,985 - root - INFO - Recieved 09-37-37.csv
2022-11-11 12:46:29,992 - root - INFO - File 09-37-37.csv stored successfully
2022-11-11 12:46:29,993 - root - INFO -  [*] Waiting for messages.
2022-11-11 12:46:30,009 - root - DEBUG - Connection active
2022-11-11 12:46:30,012 - root - INFO - Recieved 09-37-38.csv
2022-11-11 12:46:30,020 - root - INFO - File 09-37-38.csv stored successfully
2022-11-11 12:46:30,021 - root - INFO -  [*] Waiting for messages.
2022-11-11 12:46:30,035 - root - DEBUG - Connection active
2022-11-11 12:46:30,036 - root - INFO - Recieved 09-37-39.csv
2022-11-11 12:46:30,046 - root - INFO - File 09-37-39.csv stored successfully
2022-11-11 12:46:30,046 - root - INFO -  [*] Waiting for messages.
2022-11-11 12:46:30,063 - root - DEBUG - Connection active
2022-11-11 12:46:30,063 - root - INFO - Recieved 09-37-40.csv
2022-11-11 12:46:30,074 - root - INFO - File 09-37-40.csv stored successfully
2022-11-11 12:46:30,076 - root - INFO -  [*] Waiting for messages.
2022-11-11 12:46:30,094 - root - DEBUG - Connection active
2022-11-11 12:46:30,095 - root - INFO - Recieved 09-37-41.csv
2022-11-11 12:46:30,101 - root - INFO - File 09-37-41.csv stored successfully
2022-11-11 12:46:30,102 - root - INFO -  [*] Waiting for messages.
2022-11-11 12:46:30,126 - root - DEBUG - Connection active
2022-11-11 12:46:30,128 - root - INFO - Recieved 09-37-42.csv
2022-11-11 12:46:30,136 - root - INFO - File 09-37-42.csv stored successfully
2022-11-11 12:46:30,138 - root - INFO -  [*] Waiting for messages.
2022-11-11 12:46:30,152 - root - DEBUG - Connection active
2022-11-11 12:46:30,153 - root - INFO - Recieved 09-37-43.csv
2022-11-11 12:46:30,163 - root - INFO - File 09-37-43.csv stored successfully
2022-11-11 12:46:30,163 - root - INFO -  [*] Waiting for messages.
2022-11-11 12:46:30,181 - root - DEBUG - Connection active
2022-11-11 12:46:30,182 - root - INFO - Recieved 09-37-44.csv
2022-11-11 12:46:30,188 - root - INFO - File 09-37-44.csv stored successfully
2022-11-11 12:46:30,189 - root - INFO -  [*] Waiting for messages.
2022-11-11 12:46:30,202 - root - DEBUG - Connection active
2022-11-11 12:46:30,203 - root - INFO - Recieved 09-37-45.csv
2022-11-11 12:46:30,213 - root - INFO - File 09-37-45.csv stored successfully
2022-11-11 12:46:30,213 - root - INFO -  [*] Waiting for messages.
2022-11-11 12:46:30,226 - root - DEBUG - Connection active
2022-11-11 12:46:30,228 - root - INFO - Recieved 09-37-46.csv
2022-11-11 12:46:30,234 - root - INFO - File 09-37-46.csv stored successfully
2022-11-11 12:46:30,234 - root - INFO -  [*] Waiting for messages.
2022-11-11 12:46:30,248 - root - DEBUG - Connection active
2022-11-11 12:46:30,248 - root - INFO - Recieved 09-37-47.csv
2022-11-11 12:46:30,256 - root - INFO - File 09-37-47.csv stored successfully
2022-11-11 12:46:30,258 - root - INFO -  [*] Waiting for messages.
2022-11-11 12:46:30,267 - root - DEBUG - Connection active
2022-11-11 12:46:30,267 - root - INFO - Recieved 09-37-48.csv
2022-11-11 12:46:30,277 - root - INFO - File 09-37-48.csv stored successfully
2022-11-11 12:46:30,277 - root - INFO -  [*] Waiting for messages.
2022-11-11 12:46:30,286 - root - DEBUG - Connection active
2022-11-11 12:46:30,287 - root - INFO - Recieved 09-37-50.csv
2022-11-11 12:46:30,295 - root - INFO - File 09-37-50.csv stored successfully
2022-11-11 12:46:30,296 - root - INFO -  [*] Waiting for messages.
2022-11-11 12:46:49,104 - root - DEBUG - Connection active
2022-11-11 12:46:49,105 - root - INFO - Recieved 12-46-44.csv
2022-11-11 12:46:49,118 - root - INFO - File 12-46-44.csv stored successfully
2022-11-11 12:46:49,118 - root - INFO -  [*] Waiting for messages.
2022-11-11 12:46:49,164 - root - DEBUG - Connection active
2022-11-11 12:46:49,165 - root - INFO - Recieved 12-46-45.csv
2022-11-11 12:46:49,173 - root - INFO - File 12-46-45.csv stored successfully
2022-11-11 12:46:49,175 - root - INFO -  [*] Waiting for messages.
2022-11-11 12:46:49,217 - root - DEBUG - Connection active
2022-11-11 12:46:49,218 - root - INFO - Recieved 12-46-46.csv
2022-11-11 12:46:49,229 - root - INFO - File 12-46-46.csv stored successfully
2022-11-11 12:46:49,230 - root - INFO -  [*] Waiting for messages.
2022-11-11 12:46:49,283 - root - DEBUG - Connection active
2022-11-11 12:46:49,284 - root - INFO - Recieved 12-46-47.csv
2022-11-11 12:46:49,295 - root - INFO - File 12-46-47.csv stored successfully
2022-11-11 12:46:49,298 - root - INFO -  [*] Waiting for messages.
2022-11-11 12:46:49,340 - root - DEBUG - Connection active
2022-11-11 12:46:49,342 - root - INFO - Recieved 12-46-48.csv
2022-11-11 12:46:49,350 - root - INFO - File 12-46-48.csv stored successfully
2022-11-11 12:46:49,351 - root - INFO -  [*] Waiting for messages.
2022-11-11 12:46:54,394 - root - DEBUG - Connection active
2022-11-11 12:46:54,395 - root - INFO - Recieved 12-46-49.csv
2022-11-11 12:46:54,405 - root - INFO - File 12-46-49.csv stored successfully
2022-11-11 12:46:54,405 - root - INFO -  [*] Waiting for messages.
2022-11-11 12:46:54,442 - root - DEBUG - Connection active
2022-11-11 12:46:54,443 - root - INFO - Recieved 12-46-50.csv
2022-11-11 12:46:54,457 - root - INFO - File 12-46-50.csv stored successfully
2022-11-11 12:46:54,458 - root - INFO -  [*] Waiting for messages.
2022-11-11 12:46:54,520 - root - DEBUG - Connection active
2022-11-11 12:46:54,521 - root - INFO - Recieved 12-46-51.csv
2022-11-11 12:46:54,531 - root - INFO - File 12-46-51.csv stored successfully
2022-11-11 12:46:54,533 - root - INFO -  [*] Waiting for messages.
2022-11-11 12:46:54,571 - root - DEBUG - Connection active
2022-11-11 12:46:54,572 - root - INFO - Recieved 12-46-52.csv
2022-11-11 12:46:54,585 - root - INFO - File 12-46-52.csv stored successfully
2022-11-11 12:46:54,585 - root - INFO -  [*] Waiting for messages.
2022-11-11 12:46:54,634 - root - DEBUG - Connection active
2022-11-11 12:46:54,637 - root - INFO - Recieved 12-46-53.csv
2022-11-11 12:46:54,646 - root - INFO - File 12-46-53.csv stored successfully
2022-11-11 12:46:54,648 - root - INFO -  [*] Waiting for messages.
2022-11-11 12:46:59,699 - root - DEBUG - Connection active
2022-11-11 12:46:59,701 - root - INFO - Recieved 12-46-55.csv
2022-11-11 12:46:59,713 - root - INFO - File 12-46-55.csv stored successfully
2022-11-11 12:46:59,714 - root - INFO -  [*] Waiting for messages.
2022-11-11 12:46:59,760 - root - DEBUG - Connection active
2022-11-11 12:46:59,761 - root - INFO - Recieved 12-46-56.csv
2022-11-11 12:46:59,771 - root - INFO - File 12-46-56.csv stored successfully
2022-11-11 12:46:59,773 - root - INFO -  [*] Waiting for messages.
2022-11-11 12:46:59,812 - root - DEBUG - Connection active
2022-11-11 12:46:59,813 - root - INFO - Recieved 12-46-57.csv
2022-11-11 12:46:59,824 - root - INFO - File 12-46-57.csv stored successfully
2022-11-11 12:46:59,825 - root - INFO -  [*] Waiting for messages.
2022-11-11 12:46:59,881 - root - DEBUG - Connection active
2022-11-11 12:46:59,882 - root - INFO - Recieved 12-46-58.csv
2022-11-11 12:46:59,894 - root - INFO - File 12-46-58.csv stored successfully
2022-11-11 12:46:59,895 - root - INFO -  [*] Waiting for messages.
2022-11-11 12:46:59,927 - root - DEBUG - Connection active
2022-11-11 12:46:59,928 - root - INFO - Recieved 12-46-59.csv
2022-11-11 12:46:59,936 - root - INFO - File 12-46-59.csv stored successfully
2022-11-11 12:46:59,937 - root - INFO -  [*] Waiting for messages.
2022-11-11 12:47:04,997 - root - DEBUG - Connection active
2022-11-11 12:47:04,998 - root - INFO - Recieved 12-47-00.csv
2022-11-11 12:47:05,009 - root - INFO - File 12-47-00.csv stored successfully
2022-11-11 12:47:05,011 - root - INFO -  [*] Waiting for messages.
2022-11-11 12:47:05,052 - root - DEBUG - Connection active
2022-11-11 12:47:05,052 - root - INFO - Recieved 12-47-01.csv
2022-11-11 12:47:05,065 - root - INFO - File 12-47-01.csv stored successfully
2022-11-11 12:47:05,066 - root - INFO -  [*] Waiting for messages.
2022-11-11 12:47:05,108 - root - DEBUG - Connection active
2022-11-11 12:47:05,109 - root - INFO - Recieved 12-47-02.csv
2022-11-11 12:47:05,120 - root - INFO - File 12-47-02.csv stored successfully
2022-11-11 12:47:05,120 - root - INFO -  [*] Waiting for messages.
2022-11-11 12:47:05,164 - root - DEBUG - Connection active
2022-11-11 12:47:05,165 - root - INFO - Recieved 12-47-03.csv
2022-11-11 12:47:05,175 - root - INFO - File 12-47-03.csv stored successfully
2022-11-11 12:47:05,177 - root - INFO -  [*] Waiting for messages.
2022-11-11 12:47:05,220 - root - DEBUG - Connection active
2022-11-11 12:47:05,221 - root - INFO - Recieved 12-47-04.csv
2022-11-11 12:47:05,236 - root - INFO - File 12-47-04.csv stored successfully
2022-11-11 12:47:05,236 - root - INFO -  [*] Waiting for messages.
2022-11-11 12:47:09,049 - root - ERROR - Connection closed by Broker
2022-11-11 12:47:09,060 - root - ERROR - Connection check failed, retrying in 5 seconds
2022-11-11 12:47:14,073 - root - ERROR - Attempting to restore connection
2022-11-11 12:47:14,074 - root - INFO - Initiating Connection to RabbitMQ Instance
2022-11-11 12:47:14,074 - root - INFO - Attempting Devmode Connection to RabbitMQ
2022-11-11 12:47:14,085 - root - ERROR - Connection to RabbitMQ unsucesfull, retying in 5 seconds
2022-11-11 12:47:19,087 - root - INFO - Initiating Connection to RabbitMQ Instance
2022-11-11 12:47:19,087 - root - INFO - Attempting Devmode Connection to RabbitMQ
2022-11-11 12:47:22,155 - root - ERROR - Connection to RabbitMQ unsucesfull, retying in 5 seconds
2022-11-11 12:47:27,168 - root - INFO - Initiating Connection to RabbitMQ Instance
2022-11-11 12:47:27,169 - root - INFO - Attempting Devmode Connection to RabbitMQ
2022-11-11 12:47:27,179 - root - ERROR - Connection to RabbitMQ unsucesfull, retying in 5 seconds
