2022-11-11 12:47:44,906 - root - INFO - Initiating Connection to RabbitMQ Instance
2022-11-11 12:47:44,910 - root - INFO - Attempting Devmode Connection to RabbitMQ
2022-11-11 12:47:44,924 - root - INFO - Connection to RabbitMQ sucessful
2022-11-11 12:47:44,938 - root - DEBUG - Connection active
2022-11-11 12:47:44,943 - root - INFO - Moved \12-47-40.csv' to long term storage
2022-11-11 12:47:44,955 - root - INFO - Initiating Connection to RabbitMQ Instance
2022-11-11 12:47:44,957 - root - INFO - Attempting Devmode Connection to RabbitMQ
2022-11-11 12:47:44,978 - root - INFO - Connection to RabbitMQ sucessful
2022-11-11 12:47:45,008 - root - DEBUG - Connection active
2022-11-11 12:47:45,022 - root - INFO - Moved \12-47-41.csv' to long term storage
2022-11-11 12:47:45,034 - root - INFO - Initiating Connection to RabbitMQ Instance
2022-11-11 12:47:45,035 - root - INFO - Attempting Devmode Connection to RabbitMQ
2022-11-11 12:47:45,054 - root - INFO - Connection to RabbitMQ sucessful
2022-11-11 12:47:45,071 - root - DEBUG - Connection active
2022-11-11 12:47:45,077 - root - INFO - Moved \12-47-42.csv' to long term storage
2022-11-11 12:47:45,091 - root - INFO - Initiating Connection to RabbitMQ Instance
2022-11-11 12:47:45,092 - root - INFO - Attempting Devmode Connection to RabbitMQ
2022-11-11 12:47:45,115 - root - INFO - Connection to RabbitMQ sucessful
2022-11-11 12:47:45,130 - root - DEBUG - Connection active
2022-11-11 12:47:45,141 - root - INFO - Moved \12-47-43.csv' to long term storage
2022-11-11 12:47:45,150 - root - INFO - Initiating Connection to RabbitMQ Instance
2022-11-11 12:47:45,153 - root - INFO - Attempting Devmode Connection to RabbitMQ
2022-11-11 12:47:45,177 - root - INFO - Connection to RabbitMQ sucessful
2022-11-11 12:47:45,197 - root - DEBUG - Connection active
2022-11-11 12:47:45,210 - root - INFO - Moved \12-47-44.csv' to long term storage
2022-11-11 12:47:45,225 - root - INFO - No new files will check in 5 seconds
2022-11-11 12:47:50,235 - root - INFO - Initiating Connection to RabbitMQ Instance
2022-11-11 12:47:50,236 - root - INFO - Attempting Devmode Connection to RabbitMQ
2022-11-11 12:47:50,249 - root - INFO - Connection to RabbitMQ sucessful
2022-11-11 12:47:50,258 - root - DEBUG - Connection active
2022-11-11 12:47:50,262 - root - INFO - Moved \12-47-45.csv' to long term storage
2022-11-11 12:47:50,272 - root - INFO - Initiating Connection to RabbitMQ Instance
2022-11-11 12:47:50,273 - root - INFO - Attempting Devmode Connection to RabbitMQ
2022-11-11 12:47:50,292 - root - INFO - Connection to RabbitMQ sucessful
2022-11-11 12:47:50,316 - root - DEBUG - Connection active
2022-11-11 12:47:50,323 - root - INFO - Moved \12-47-46.csv' to long term storage
2022-11-11 12:47:50,330 - root - INFO - Initiating Connection to RabbitMQ Instance
2022-11-11 12:47:50,331 - root - INFO - Attempting Devmode Connection to RabbitMQ
2022-11-11 12:47:50,355 - root - INFO - Connection to RabbitMQ sucessful
2022-11-11 12:47:50,374 - root - DEBUG - Connection active
2022-11-11 12:47:50,381 - root - INFO - Moved \12-47-47.csv' to long term storage
2022-11-11 12:47:50,391 - root - INFO - Initiating Connection to RabbitMQ Instance
2022-11-11 12:47:50,393 - root - INFO - Attempting Devmode Connection to RabbitMQ
2022-11-11 12:47:50,413 - root - INFO - Connection to RabbitMQ sucessful
2022-11-11 12:47:50,428 - root - DEBUG - Connection active
2022-11-11 12:47:50,433 - root - INFO - Moved \12-47-48.csv' to long term storage
2022-11-11 12:47:50,445 - root - INFO - Initiating Connection to RabbitMQ Instance
2022-11-11 12:47:50,446 - root - INFO - Attempting Devmode Connection to RabbitMQ
2022-11-11 12:47:50,473 - root - INFO - Connection to RabbitMQ sucessful
2022-11-11 12:47:50,490 - root - DEBUG - Connection active
2022-11-11 12:47:50,496 - root - INFO - Moved \12-47-49.csv' to long term storage
2022-11-11 12:47:50,505 - root - INFO - No new files will check in 5 seconds
2022-11-11 12:47:55,520 - root - INFO - Initiating Connection to RabbitMQ Instance
2022-11-11 12:47:55,521 - root - INFO - Attempting Devmode Connection to RabbitMQ
2022-11-11 12:47:55,536 - root - INFO - Connection to RabbitMQ sucessful
2022-11-11 12:47:55,550 - root - DEBUG - Connection active
2022-11-11 12:47:55,559 - root - INFO - Moved \12-47-50.csv' to long term storage
2022-11-11 12:47:55,566 - root - INFO - Initiating Connection to RabbitMQ Instance
2022-11-11 12:47:55,568 - root - INFO - Attempting Devmode Connection to RabbitMQ
2022-11-11 12:47:55,604 - root - INFO - Connection to RabbitMQ sucessful
2022-11-11 12:47:55,622 - root - DEBUG - Connection active
2022-11-11 12:47:55,634 - root - INFO - Moved \12-47-51.csv' to long term storage
2022-11-11 12:47:55,649 - root - INFO - Initiating Connection to RabbitMQ Instance
2022-11-11 12:47:55,650 - root - INFO - Attempting Devmode Connection to RabbitMQ
2022-11-11 12:47:55,670 - root - INFO - Connection to RabbitMQ sucessful
2022-11-11 12:47:55,698 - root - DEBUG - Connection active
2022-11-11 12:47:55,707 - root - INFO - Moved \12-47-52.csv' to long term storage
2022-11-11 12:47:55,720 - root - INFO - Initiating Connection to RabbitMQ Instance
2022-11-11 12:47:55,721 - root - INFO - Attempting Devmode Connection to RabbitMQ
2022-11-11 12:47:55,751 - root - INFO - Connection to RabbitMQ sucessful
2022-11-11 12:47:55,770 - root - DEBUG - Connection active
2022-11-11 12:47:55,780 - root - INFO - Moved \12-47-53.csv' to long term storage
2022-11-11 12:47:55,793 - root - INFO - Initiating Connection to RabbitMQ Instance
2022-11-11 12:47:55,796 - root - INFO - Attempting Devmode Connection to RabbitMQ
2022-11-11 12:47:55,819 - root - INFO - Connection to RabbitMQ sucessful
2022-11-11 12:47:55,838 - root - DEBUG - Connection active
2022-11-11 12:47:55,852 - root - INFO - Moved \12-47-54.csv' to long term storage
2022-11-11 12:47:55,869 - root - INFO - Initiating Connection to RabbitMQ Instance
2022-11-11 12:47:55,870 - root - INFO - Attempting Devmode Connection to RabbitMQ
2022-11-11 12:47:55,900 - root - INFO - Connection to RabbitMQ sucessful
2022-11-11 12:47:55,919 - root - DEBUG - Connection active
2022-11-11 12:47:55,926 - root - INFO - Moved \12-47-55.csv' to long term storage
2022-11-11 12:47:55,939 - root - INFO - No new files will check in 5 seconds
2022-11-11 12:47:58,186 - root - ERROR - Fatal Error
2022-11-11 12:47:58,187 - root - DEBUG - Traceback (most recent call last):
  File "C:\Users\rfranqui\OneDrive - Entegris\Documents\P\Projects\RabbitMQ\src\send.py", line 247, in main
    sleep(5)
KeyboardInterrupt

2022-11-11 12:47:58,187 - root - INFO - Will Attempt Reconection in 5 seconds
2022-11-11 12:48:03,197 - root - INFO - Initiating Connection to RabbitMQ Instance
2022-11-11 12:48:03,197 - root - INFO - Attempting Devmode Connection to RabbitMQ
2022-11-11 12:48:03,226 - root - INFO - Connection to RabbitMQ sucessful
2022-11-11 12:48:03,253 - root - DEBUG - Connection active
2022-11-11 12:48:03,260 - root - INFO - Moved \12-47-56.csv' to long term storage
2022-11-11 12:48:03,270 - root - INFO - Initiating Connection to RabbitMQ Instance
2022-11-11 12:48:03,273 - root - INFO - Attempting Devmode Connection to RabbitMQ
2022-11-11 12:48:03,303 - root - INFO - Connection to RabbitMQ sucessful
2022-11-11 12:48:03,328 - root - DEBUG - Connection active
2022-11-11 12:48:03,340 - root - INFO - Moved \12-47-57.csv' to long term storage
2022-11-11 12:48:03,350 - root - INFO - Initiating Connection to RabbitMQ Instance
2022-11-11 12:48:03,352 - root - INFO - Attempting Devmode Connection to RabbitMQ
2022-11-11 12:48:03,378 - root - INFO - Connection to RabbitMQ sucessful
2022-11-11 12:48:03,407 - root - DEBUG - Connection active
2022-11-11 12:48:03,412 - root - INFO - Moved \12-47-58.csv' to long term storage
2022-11-11 12:48:03,423 - root - INFO - Initiating Connection to RabbitMQ Instance
2022-11-11 12:48:03,424 - root - INFO - Attempting Devmode Connection to RabbitMQ
2022-11-11 12:48:03,461 - root - INFO - Connection to RabbitMQ sucessful
2022-11-11 12:48:03,482 - root - DEBUG - Connection active
2022-11-11 12:48:03,494 - root - INFO - Moved \12-47-59.csv' to long term storage
2022-11-11 12:48:03,508 - root - INFO - Initiating Connection to RabbitMQ Instance
2022-11-11 12:48:03,510 - root - INFO - Attempting Devmode Connection to RabbitMQ
2022-11-11 12:48:03,542 - root - INFO - Connection to RabbitMQ sucessful
2022-11-11 12:48:03,566 - root - DEBUG - Connection active
2022-11-11 12:48:03,574 - root - INFO - Moved \12-48-00.csv' to long term storage
2022-11-11 12:48:03,586 - root - INFO - Initiating Connection to RabbitMQ Instance
2022-11-11 12:48:03,588 - root - INFO - Attempting Devmode Connection to RabbitMQ
2022-11-11 12:48:03,622 - root - INFO - Connection to RabbitMQ sucessful
2022-11-11 12:48:03,646 - root - DEBUG - Connection active
2022-11-11 12:48:03,655 - root - INFO - Moved \12-48-01.csv' to long term storage
2022-11-11 12:48:03,668 - root - INFO - Initiating Connection to RabbitMQ Instance
2022-11-11 12:48:03,669 - root - INFO - Attempting Devmode Connection to RabbitMQ
2022-11-11 12:48:03,708 - root - INFO - Connection to RabbitMQ sucessful
2022-11-11 12:48:03,738 - root - DEBUG - Connection active
2022-11-11 12:48:03,747 - root - INFO - Moved \12-48-02.csv' to long term storage
2022-11-11 12:48:03,762 - root - INFO - No new files will check in 5 seconds
2022-11-11 12:48:05,091 - root - ERROR - Fatal Error
2022-11-11 12:48:05,093 - root - DEBUG - Traceback (most recent call last):
  File "C:\Users\rfranqui\OneDrive - Entegris\Documents\P\Projects\RabbitMQ\src\send.py", line 247, in main
    sleep(5)
KeyboardInterrupt

2022-11-11 12:48:05,094 - root - INFO - Will Attempt Reconection in 5 seconds
