2022-11-11 14:58:22,809 - root - INFO - Attempting Devmode Connection to RabbitMQ
2022-11-11 14:58:22,806 - root - INFO - Initiating Connection to RabbitMQ Instance
2022-11-11 14:58:22,812 - root - INFO - Attempting Devmode Connection to RabbitMQ
2022-11-11 14:58:22,829 - root - INFO - Connection to RabbitMQ sucessful
2022-11-11 14:58:22,844 - root - DEBUG - Connection active
2022-11-11 14:58:22,854 - root - INFO - Moved \14-58-17.csv' to long term storage
2022-11-11 14:58:22,862 - root - INFO - Initiating Connection to RabbitMQ Instance
2022-11-11 14:58:22,864 - root - INFO - Attempting Devmode Connection to RabbitMQ
2022-11-11 14:58:22,888 - root - INFO - Connection to RabbitMQ sucessful
2022-11-11 14:58:22,903 - root - DEBUG - Connection active
2022-11-11 14:58:22,914 - root - INFO - Moved \14-58-18.csv' to long term storage
2022-11-11 14:58:22,922 - root - INFO - Initiating Connection to RabbitMQ Instance
2022-11-11 14:58:22,923 - root - INFO - Attempting Devmode Connection to RabbitMQ
2022-11-11 14:58:22,956 - root - INFO - Connection to RabbitMQ sucessful
2022-11-11 14:58:22,975 - root - DEBUG - Connection active
2022-11-11 14:58:22,983 - root - INFO - Moved \14-58-19.csv' to long term storage
2022-11-11 14:58:22,995 - root - INFO - Initiating Connection to RabbitMQ Instance
2022-11-11 14:58:22,997 - root - INFO - Attempting Devmode Connection to RabbitMQ
2022-11-11 14:58:23,024 - root - INFO - Connection to RabbitMQ sucessful
2022-11-11 14:58:23,039 - root - DEBUG - Connection active
2022-11-11 14:58:23,049 - root - INFO - Moved \14-58-20.csv' to long term storage
2022-11-11 14:58:23,058 - root - INFO - Initiating Connection to RabbitMQ Instance
2022-11-11 14:58:23,062 - root - INFO - Attempting Devmode Connection to RabbitMQ
2022-11-11 14:58:23,093 - root - INFO - Connection to RabbitMQ sucessful
2022-11-11 14:58:23,107 - root - DEBUG - Connection active
2022-11-11 14:58:23,116 - root - INFO - Moved \14-58-21.csv' to long term storage
2022-11-11 14:58:23,131 - root - INFO - Initiating Connection to RabbitMQ Instance
2022-11-11 14:58:23,132 - root - INFO - Attempting Devmode Connection to RabbitMQ
2022-11-11 14:58:23,155 - root - INFO - Connection to RabbitMQ sucessful
2022-11-11 14:58:23,166 - root - DEBUG - Connection active
2022-11-11 14:58:23,176 - root - INFO - Moved \14-58-22.csv' to long term storage
2022-11-11 14:58:23,186 - root - INFO - No new files will check in 5 seconds
2022-11-11 14:58:28,206 - root - INFO - Initiating Connection to RabbitMQ Instance
2022-11-11 14:58:28,206 - root - INFO - Attempting Devmode Connection to RabbitMQ
2022-11-11 14:58:28,223 - root - INFO - Connection to RabbitMQ sucessful
2022-11-11 14:58:28,237 - root - DEBUG - Connection active
2022-11-11 14:58:28,241 - root - INFO - Moved \14-58-23.csv' to long term storage
2022-11-11 14:58:28,246 - root - INFO - Initiating Connection to RabbitMQ Instance
2022-11-11 14:58:28,246 - root - INFO - Attempting Devmode Connection to RabbitMQ
2022-11-11 14:58:28,264 - root - INFO - Connection to RabbitMQ sucessful
2022-11-11 14:58:28,276 - root - DEBUG - Connection active
2022-11-11 14:58:28,284 - root - INFO - Moved \14-58-24.csv' to long term storage
2022-11-11 14:58:28,292 - root - INFO - Initiating Connection to RabbitMQ Instance
2022-11-11 14:58:28,294 - root - INFO - Attempting Devmode Connection to RabbitMQ
2022-11-11 14:58:28,318 - root - INFO - Connection to RabbitMQ sucessful
2022-11-11 14:58:28,337 - root - DEBUG - Connection active
2022-11-11 14:58:28,345 - root - INFO - Moved \14-58-26.csv' to long term storage
2022-11-11 14:58:28,353 - root - INFO - Initiating Connection to RabbitMQ Instance
2022-11-11 14:58:28,356 - root - INFO - Attempting Devmode Connection to RabbitMQ
2022-11-11 14:58:28,374 - root - INFO - Connection to RabbitMQ sucessful
2022-11-11 14:58:28,390 - root - DEBUG - Connection active
2022-11-11 14:58:28,396 - root - INFO - Moved \14-58-27.csv' to long term storage
2022-11-11 14:58:28,407 - root - INFO - Initiating Connection to RabbitMQ Instance
2022-11-11 14:58:28,408 - root - INFO - Attempting Devmode Connection to RabbitMQ
2022-11-11 14:58:28,426 - root - INFO - Connection to RabbitMQ sucessful
2022-11-11 14:58:28,445 - root - DEBUG - Connection active
2022-11-11 14:58:28,458 - root - INFO - Moved \14-58-28.csv' to long term storage
2022-11-11 14:58:28,465 - root - INFO - No new files will check in 5 seconds
2022-11-11 14:58:33,477 - root - INFO - Initiating Connection to RabbitMQ Instance
2022-11-11 14:58:33,478 - root - INFO - Attempting Devmode Connection to RabbitMQ
2022-11-11 14:58:33,493 - root - INFO - Connection to RabbitMQ sucessful
2022-11-11 14:58:33,504 - root - DEBUG - Connection active
2022-11-11 14:58:33,510 - root - INFO - Moved \14-58-29.csv' to long term storage
2022-11-11 14:58:33,514 - root - INFO - Initiating Connection to RabbitMQ Instance
2022-11-11 14:58:33,515 - root - INFO - Attempting Devmode Connection to RabbitMQ
2022-11-11 14:58:33,533 - root - INFO - Connection to RabbitMQ sucessful
2022-11-11 14:58:33,544 - root - DEBUG - Connection active
2022-11-11 14:58:33,572 - root - INFO - Moved \14-58-30.csv' to long term storage
2022-11-11 14:58:33,579 - root - INFO - Initiating Connection to RabbitMQ Instance
2022-11-11 14:58:33,579 - root - INFO - Attempting Devmode Connection to RabbitMQ
2022-11-11 14:58:33,596 - root - INFO - Connection to RabbitMQ sucessful
2022-11-11 14:58:33,613 - root - DEBUG - Connection active
2022-11-11 14:58:33,620 - root - INFO - Moved \14-58-31.csv' to long term storage
2022-11-11 14:58:33,630 - root - INFO - Initiating Connection to RabbitMQ Instance
2022-11-11 14:58:33,631 - root - INFO - Attempting Devmode Connection to RabbitMQ
2022-11-11 14:58:33,649 - root - INFO - Connection to RabbitMQ sucessful
2022-11-11 14:58:33,664 - root - DEBUG - Connection active
2022-11-11 14:58:33,669 - root - INFO - Moved \14-58-32.csv' to long term storage
2022-11-11 14:58:33,680 - root - INFO - Initiating Connection to RabbitMQ Instance
2022-11-11 14:58:33,681 - root - INFO - Attempting Devmode Connection to RabbitMQ
2022-11-11 14:58:33,705 - root - INFO - Connection to RabbitMQ sucessful
2022-11-11 14:58:33,718 - root - DEBUG - Connection active
2022-11-11 14:58:33,731 - root - INFO - Moved \14-58-33.csv' to long term storage
2022-11-11 14:58:33,737 - root - INFO - No new files will check in 5 seconds
2022-11-11 14:58:38,748 - root - INFO - Initiating Connection to RabbitMQ Instance
2022-11-11 14:58:38,749 - root - INFO - Attempting Devmode Connection to RabbitMQ
2022-11-11 14:58:38,766 - root - INFO - Connection to RabbitMQ sucessful
2022-11-11 14:58:38,775 - root - DEBUG - Connection active
2022-11-11 14:58:38,783 - root - INFO - Moved \14-58-34.csv' to long term storage
2022-11-11 14:58:38,787 - root - INFO - Initiating Connection to RabbitMQ Instance
2022-11-11 14:58:38,788 - root - INFO - Attempting Devmode Connection to RabbitMQ
2022-11-11 14:58:38,805 - root - INFO - Connection to RabbitMQ sucessful
2022-11-11 14:58:38,819 - root - DEBUG - Connection active
2022-11-11 14:58:38,824 - root - INFO - Moved \14-58-35.csv' to long term storage
2022-11-11 14:58:38,835 - root - INFO - Initiating Connection to RabbitMQ Instance
2022-11-11 14:58:38,835 - root - INFO - Attempting Devmode Connection to RabbitMQ
2022-11-11 14:58:38,853 - root - INFO - Connection to RabbitMQ sucessful
2022-11-11 14:58:38,869 - root - DEBUG - Connection active
2022-11-11 14:58:38,874 - root - INFO - Moved \14-58-36.csv' to long term storage
2022-11-11 14:58:38,883 - root - INFO - Initiating Connection to RabbitMQ Instance
2022-11-11 14:58:38,883 - root - INFO - Attempting Devmode Connection to RabbitMQ
2022-11-11 14:58:38,900 - root - INFO - Connection to RabbitMQ sucessful
2022-11-11 14:58:38,917 - root - DEBUG - Connection active
2022-11-11 14:58:38,923 - root - INFO - Moved \14-58-37.csv' to long term storage
2022-11-11 14:58:38,934 - root - INFO - Initiating Connection to RabbitMQ Instance
2022-11-11 14:58:38,935 - root - INFO - Attempting Devmode Connection to RabbitMQ
2022-11-11 14:58:38,968 - root - INFO - Connection to RabbitMQ sucessful
2022-11-11 14:58:38,984 - root - DEBUG - Connection active
2022-11-11 14:58:38,990 - root - INFO - Moved \14-58-38.csv' to long term storage
2022-11-11 14:58:39,005 - root - INFO - No new files will check in 5 seconds
