2022-11-11 15:06:52,175 - root - INFO - Archival, and Source Directories are valid, proceeding to next step
2022-11-11 15:06:52,291 - root - INFO - Initiating Connection to RabbitMQ Instance
2022-11-11 15:06:52,299 - root - INFO - Attempting Devmode Connection to RabbitMQ
2022-11-11 15:06:52,355 - root - INFO - Connection to RabbitMQ sucessful
2022-11-11 15:06:52,372 - root - DEBUG - Connection active
2022-11-11 15:06:52,380 - root - INFO - Moved \15-04-20.csv' to long term storage
2022-11-11 15:06:52,390 - root - INFO - Initiating Connection to RabbitMQ Instance
2022-11-11 15:06:52,391 - root - INFO - Attempting Devmode Connection to RabbitMQ
2022-11-11 15:06:52,423 - root - INFO - Connection to RabbitMQ sucessful
2022-11-11 15:06:52,446 - root - DEBUG - Connection active
2022-11-11 15:06:52,459 - root - INFO - Moved \15-04-21.csv' to long term storage
2022-11-11 15:06:52,469 - root - INFO - Initiating Connection to RabbitMQ Instance
2022-11-11 15:06:52,475 - root - INFO - Attempting Devmode Connection to RabbitMQ
2022-11-11 15:06:52,507 - root - INFO - Connection to RabbitMQ sucessful
2022-11-11 15:06:52,529 - root - DEBUG - Connection active
2022-11-11 15:06:52,539 - root - INFO - Moved \15-04-22.csv' to long term storage
2022-11-11 15:06:52,554 - root - INFO - Initiating Connection to RabbitMQ Instance
2022-11-11 15:06:52,556 - root - INFO - Attempting Devmode Connection to RabbitMQ
2022-11-11 15:06:52,583 - root - INFO - Connection to RabbitMQ sucessful
2022-11-11 15:06:52,606 - root - DEBUG - Connection active
2022-11-11 15:06:52,614 - root - INFO - Moved \15-04-23.csv' to long term storage
2022-11-11 15:06:52,628 - root - INFO - Initiating Connection to RabbitMQ Instance
2022-11-11 15:06:52,629 - root - INFO - Attempting Devmode Connection to RabbitMQ
2022-11-11 15:06:52,662 - root - INFO - Connection to RabbitMQ sucessful
2022-11-11 15:06:52,679 - root - DEBUG - Connection active
2022-11-11 15:06:52,689 - root - INFO - Moved \15-04-24.csv' to long term storage
2022-11-11 15:06:52,697 - root - INFO - Initiating Connection to RabbitMQ Instance
2022-11-11 15:06:52,699 - root - INFO - Attempting Devmode Connection to RabbitMQ
2022-11-11 15:06:52,730 - root - INFO - Connection to RabbitMQ sucessful
2022-11-11 15:06:52,761 - root - DEBUG - Connection active
2022-11-11 15:06:52,774 - root - INFO - Moved \15-04-25.csv' to long term storage
2022-11-11 15:06:52,791 - root - INFO - Initiating Connection to RabbitMQ Instance
2022-11-11 15:06:52,794 - root - INFO - Attempting Devmode Connection to RabbitMQ
2022-11-11 15:06:52,848 - root - INFO - Connection to RabbitMQ sucessful
2022-11-11 15:06:52,924 - root - DEBUG - Connection active
2022-11-11 15:06:52,941 - root - INFO - Moved \15-04-26.csv' to long term storage
2022-11-11 15:06:52,983 - root - INFO - Initiating Connection to RabbitMQ Instance
2022-11-11 15:06:52,985 - root - INFO - Attempting Devmode Connection to RabbitMQ
2022-11-11 15:06:53,110 - root - INFO - Connection to RabbitMQ sucessful
2022-11-11 15:06:53,147 - root - DEBUG - Connection active
2022-11-11 15:06:53,156 - root - INFO - Moved \15-04-27.csv' to long term storage
2022-11-11 15:06:53,171 - root - INFO - Initiating Connection to RabbitMQ Instance
2022-11-11 15:06:53,174 - root - INFO - Attempting Devmode Connection to RabbitMQ
2022-11-11 15:06:53,223 - root - INFO - Connection to RabbitMQ sucessful
2022-11-11 15:06:53,248 - root - DEBUG - Connection active
2022-11-11 15:06:53,264 - root - INFO - Moved \15-04-28.csv' to long term storage
2022-11-11 15:06:53,281 - root - INFO - Initiating Connection to RabbitMQ Instance
2022-11-11 15:06:53,283 - root - INFO - Attempting Devmode Connection to RabbitMQ
2022-11-11 15:06:53,339 - root - INFO - Connection to RabbitMQ sucessful
2022-11-11 15:06:53,379 - root - DEBUG - Connection active
2022-11-11 15:06:53,393 - root - INFO - Moved \15-04-29.csv' to long term storage
2022-11-11 15:06:53,411 - root - INFO - Initiating Connection to RabbitMQ Instance
2022-11-11 15:06:53,412 - root - INFO - Attempting Devmode Connection to RabbitMQ
2022-11-11 15:06:53,463 - root - INFO - Connection to RabbitMQ sucessful
2022-11-11 15:06:53,498 - root - DEBUG - Connection active
2022-11-11 15:06:53,510 - root - INFO - Moved \15-04-30.csv' to long term storage
2022-11-11 15:06:53,529 - root - INFO - Initiating Connection to RabbitMQ Instance
2022-11-11 15:06:53,530 - root - INFO - Attempting Devmode Connection to RabbitMQ
2022-11-11 15:06:53,587 - root - INFO - Connection to RabbitMQ sucessful
2022-11-11 15:06:53,644 - root - DEBUG - Connection active
2022-11-11 15:06:53,664 - root - INFO - Moved \15-04-31.csv' to long term storage
2022-11-11 15:06:53,693 - root - INFO - Initiating Connection to RabbitMQ Instance
2022-11-11 15:06:53,694 - root - INFO - Attempting Devmode Connection to RabbitMQ
2022-11-11 15:06:53,749 - root - INFO - Connection to RabbitMQ sucessful
2022-11-11 15:06:53,783 - root - DEBUG - Connection active
2022-11-11 15:06:53,793 - root - INFO - Moved \15-04-32.csv' to long term storage
2022-11-11 15:06:53,812 - root - INFO - Initiating Connection to RabbitMQ Instance
2022-11-11 15:06:53,816 - root - INFO - Attempting Devmode Connection to RabbitMQ
2022-11-11 15:06:53,857 - root - INFO - Connection to RabbitMQ sucessful
2022-11-11 15:06:53,896 - root - DEBUG - Connection active
2022-11-11 15:06:53,909 - root - INFO - Moved \15-04-33.csv' to long term storage
2022-11-11 15:06:53,931 - root - INFO - Initiating Connection to RabbitMQ Instance
2022-11-11 15:06:53,932 - root - INFO - Attempting Devmode Connection to RabbitMQ
2022-11-11 15:06:53,994 - root - INFO - Connection to RabbitMQ sucessful
2022-11-11 15:06:54,023 - root - DEBUG - Connection active
2022-11-11 15:06:54,036 - root - INFO - Moved \15-04-34.csv' to long term storage
2022-11-11 15:06:54,065 - root - INFO - Initiating Connection to RabbitMQ Instance
2022-11-11 15:06:54,068 - root - INFO - Attempting Devmode Connection to RabbitMQ
2022-11-11 15:06:54,167 - root - INFO - Connection to RabbitMQ sucessful
2022-11-11 15:06:54,220 - root - DEBUG - Connection active
2022-11-11 15:06:54,230 - root - INFO - Moved \15-04-36.csv' to long term storage
2022-11-11 15:06:54,251 - root - INFO - Initiating Connection to RabbitMQ Instance
2022-11-11 15:06:54,253 - root - INFO - Attempting Devmode Connection to RabbitMQ
2022-11-11 15:06:54,304 - root - INFO - Connection to RabbitMQ sucessful
2022-11-11 15:06:54,330 - root - DEBUG - Connection active
2022-11-11 15:06:54,347 - root - INFO - Moved \15-04-37.csv' to long term storage
2022-11-11 15:06:54,363 - root - INFO - Initiating Connection to RabbitMQ Instance
2022-11-11 15:06:54,364 - root - INFO - Attempting Devmode Connection to RabbitMQ
2022-11-11 15:06:54,412 - root - INFO - Connection to RabbitMQ sucessful
2022-11-11 15:06:54,439 - root - DEBUG - Connection active
2022-11-11 15:06:54,450 - root - INFO - Moved \15-04-38.csv' to long term storage
2022-11-11 15:06:54,467 - root - INFO - Initiating Connection to RabbitMQ Instance
2022-11-11 15:06:54,470 - root - INFO - Attempting Devmode Connection to RabbitMQ
2022-11-11 15:06:54,529 - root - INFO - Connection to RabbitMQ sucessful
2022-11-11 15:06:54,563 - root - DEBUG - Connection active
2022-11-11 15:06:54,574 - root - INFO - Moved \15-04-39.csv' to long term storage
2022-11-11 15:06:54,598 - root - INFO - Initiating Connection to RabbitMQ Instance
2022-11-11 15:06:54,600 - root - INFO - Attempting Devmode Connection to RabbitMQ
2022-11-11 15:06:54,650 - root - INFO - Connection to RabbitMQ sucessful
2022-11-11 15:06:54,683 - root - DEBUG - Connection active
2022-11-11 15:06:54,693 - root - INFO - Moved \15-04-40.csv' to long term storage
2022-11-11 15:06:54,711 - root - INFO - Initiating Connection to RabbitMQ Instance
2022-11-11 15:06:54,713 - root - INFO - Attempting Devmode Connection to RabbitMQ
2022-11-11 15:06:54,784 - root - INFO - Connection to RabbitMQ sucessful
2022-11-11 15:06:54,815 - root - DEBUG - Connection active
2022-11-11 15:06:54,836 - root - INFO - Moved \15-04-41.csv' to long term storage
2022-11-11 15:06:54,855 - root - INFO - Initiating Connection to RabbitMQ Instance
2022-11-11 15:06:54,858 - root - INFO - Attempting Devmode Connection to RabbitMQ
2022-11-11 15:06:54,925 - root - INFO - Connection to RabbitMQ sucessful
2022-11-11 15:06:54,982 - root - DEBUG - Connection active
2022-11-11 15:06:55,000 - root - INFO - Moved \15-04-42.csv' to long term storage
2022-11-11 15:06:55,028 - root - INFO - Initiating Connection to RabbitMQ Instance
2022-11-11 15:06:55,031 - root - INFO - Attempting Devmode Connection to RabbitMQ
2022-11-11 15:06:55,112 - root - INFO - Connection to RabbitMQ sucessful
2022-11-11 15:06:55,165 - root - DEBUG - Connection active
2022-11-11 15:06:55,181 - root - INFO - Moved \15-04-43.csv' to long term storage
2022-11-11 15:06:55,212 - root - INFO - Initiating Connection to RabbitMQ Instance
2022-11-11 15:06:55,214 - root - INFO - Attempting Devmode Connection to RabbitMQ
2022-11-11 15:06:55,293 - root - INFO - Connection to RabbitMQ sucessful
2022-11-11 15:06:55,354 - root - DEBUG - Connection active
2022-11-11 15:06:55,377 - root - INFO - Moved \15-04-44.csv' to long term storage
2022-11-11 15:06:55,429 - root - INFO - Initiating Connection to RabbitMQ Instance
2022-11-11 15:06:55,431 - root - INFO - Attempting Devmode Connection to RabbitMQ
2022-11-11 15:06:55,549 - root - INFO - Connection to RabbitMQ sucessful
2022-11-11 15:06:55,601 - root - DEBUG - Connection active
2022-11-11 15:06:55,627 - root - INFO - Moved \15-04-45.csv' to long term storage
2022-11-11 15:06:55,662 - root - INFO - Initiating Connection to RabbitMQ Instance
2022-11-11 15:06:55,663 - root - INFO - Attempting Devmode Connection to RabbitMQ
2022-11-11 15:06:55,724 - root - INFO - Connection to RabbitMQ sucessful
2022-11-11 15:06:55,757 - root - DEBUG - Connection active
2022-11-11 15:06:55,773 - root - INFO - Moved \15-04-46.csv' to long term storage
2022-11-11 15:06:55,800 - root - INFO - Initiating Connection to RabbitMQ Instance
2022-11-11 15:06:55,804 - root - INFO - Attempting Devmode Connection to RabbitMQ
2022-11-11 15:06:55,845 - root - INFO - Connection to RabbitMQ sucessful
2022-11-11 15:06:55,876 - root - DEBUG - Connection active
2022-11-11 15:06:55,891 - root - INFO - Moved \15-04-47.csv' to long term storage
2022-11-11 15:06:55,906 - root - INFO - Initiating Connection to RabbitMQ Instance
2022-11-11 15:06:55,908 - root - INFO - Attempting Devmode Connection to RabbitMQ
2022-11-11 15:06:55,948 - root - INFO - Connection to RabbitMQ sucessful
2022-11-11 15:06:55,975 - root - DEBUG - Connection active
2022-11-11 15:06:55,983 - root - INFO - Moved \15-04-48.csv' to long term storage
2022-11-11 15:06:56,001 - root - INFO - Initiating Connection to RabbitMQ Instance
2022-11-11 15:06:56,005 - root - INFO - Attempting Devmode Connection to RabbitMQ
2022-11-11 15:06:56,048 - root - INFO - Connection to RabbitMQ sucessful
2022-11-11 15:06:56,075 - root - DEBUG - Connection active
2022-11-11 15:06:56,085 - root - INFO - Moved \15-04-49.csv' to long term storage
2022-11-11 15:06:56,112 - root - INFO - Initiating Connection to RabbitMQ Instance
2022-11-11 15:06:56,115 - root - INFO - Attempting Devmode Connection to RabbitMQ
2022-11-11 15:06:56,163 - root - INFO - Connection to RabbitMQ sucessful
2022-11-11 15:06:56,188 - root - DEBUG - Connection active
2022-11-11 15:06:56,197 - root - INFO - Moved \15-04-50.csv' to long term storage
2022-11-11 15:06:56,212 - root - INFO - Initiating Connection to RabbitMQ Instance
2022-11-11 15:06:56,213 - root - INFO - Attempting Devmode Connection to RabbitMQ
2022-11-11 15:06:56,263 - root - INFO - Connection to RabbitMQ sucessful
2022-11-11 15:06:56,289 - root - DEBUG - Connection active
2022-11-11 15:06:56,300 - root - INFO - Moved \15-04-51.csv' to long term storage
2022-11-11 15:06:56,312 - root - INFO - Initiating Connection to RabbitMQ Instance
2022-11-11 15:06:56,314 - root - INFO - Attempting Devmode Connection to RabbitMQ
2022-11-11 15:06:56,347 - root - INFO - Connection to RabbitMQ sucessful
2022-11-11 15:06:56,372 - root - DEBUG - Connection active
2022-11-11 15:06:56,381 - root - INFO - Moved \15-04-52.csv' to long term storage
2022-11-11 15:06:56,395 - root - INFO - Initiating Connection to RabbitMQ Instance
2022-11-11 15:06:56,396 - root - INFO - Attempting Devmode Connection to RabbitMQ
2022-11-11 15:06:56,428 - root - INFO - Connection to RabbitMQ sucessful
2022-11-11 15:06:56,450 - root - DEBUG - Connection active
2022-11-11 15:06:56,460 - root - INFO - Moved \15-04-53.csv' to long term storage
2022-11-11 15:06:56,473 - root - INFO - Initiating Connection to RabbitMQ Instance
2022-11-11 15:06:56,476 - root - INFO - Attempting Devmode Connection to RabbitMQ
2022-11-11 15:06:56,513 - root - INFO - Connection to RabbitMQ sucessful
2022-11-11 15:06:56,536 - root - DEBUG - Connection active
2022-11-11 15:06:56,544 - root - INFO - Moved \15-04-54.csv' to long term storage
2022-11-11 15:06:56,556 - root - INFO - Initiating Connection to RabbitMQ Instance
2022-11-11 15:06:56,558 - root - INFO - Attempting Devmode Connection to RabbitMQ
2022-11-11 15:06:56,603 - root - INFO - Connection to RabbitMQ sucessful
2022-11-11 15:06:56,632 - root - DEBUG - Connection active
2022-11-11 15:06:56,644 - root - INFO - Moved \15-04-55.csv' to long term storage
2022-11-11 15:06:56,661 - root - INFO - Initiating Connection to RabbitMQ Instance
2022-11-11 15:06:56,664 - root - INFO - Attempting Devmode Connection to RabbitMQ
2022-11-11 15:06:56,713 - root - INFO - Connection to RabbitMQ sucessful
2022-11-11 15:06:56,745 - root - DEBUG - Connection active
2022-11-11 15:06:56,761 - root - INFO - Moved \15-04-56.csv' to long term storage
2022-11-11 15:06:56,776 - root - INFO - Initiating Connection to RabbitMQ Instance
2022-11-11 15:06:56,778 - root - INFO - Attempting Devmode Connection to RabbitMQ
2022-11-11 15:06:56,820 - root - INFO - Connection to RabbitMQ sucessful
2022-11-11 15:06:56,864 - root - DEBUG - Connection active
2022-11-11 15:06:56,875 - root - INFO - Moved \15-04-57.csv' to long term storage
2022-11-11 15:06:56,900 - root - INFO - Initiating Connection to RabbitMQ Instance
2022-11-11 15:06:56,902 - root - INFO - Attempting Devmode Connection to RabbitMQ
2022-11-11 15:06:56,947 - root - INFO - Connection to RabbitMQ sucessful
2022-11-11 15:06:56,974 - root - DEBUG - Connection active
2022-11-11 15:06:56,988 - root - INFO - Moved \15-04-58.csv' to long term storage
2022-11-11 15:06:57,003 - root - INFO - Initiating Connection to RabbitMQ Instance
2022-11-11 15:06:57,005 - root - INFO - Attempting Devmode Connection to RabbitMQ
2022-11-11 15:06:57,052 - root - INFO - Connection to RabbitMQ sucessful
2022-11-11 15:06:57,103 - root - DEBUG - Connection active
2022-11-11 15:06:57,114 - root - INFO - Moved \15-04-59.csv' to long term storage
2022-11-11 15:06:57,158 - root - INFO - Initiating Connection to RabbitMQ Instance
2022-11-11 15:06:57,159 - root - INFO - Attempting Devmode Connection to RabbitMQ
2022-11-11 15:06:57,265 - root - INFO - Connection to RabbitMQ sucessful
2022-11-11 15:06:57,303 - root - DEBUG - Connection active
2022-11-11 15:06:57,313 - root - INFO - Moved \15-05-00.csv' to long term storage
2022-11-11 15:06:57,335 - root - INFO - Initiating Connection to RabbitMQ Instance
2022-11-11 15:06:57,341 - root - INFO - Attempting Devmode Connection to RabbitMQ
2022-11-11 15:06:57,390 - root - INFO - Connection to RabbitMQ sucessful
2022-11-11 15:06:57,418 - root - DEBUG - Connection active
2022-11-11 15:06:57,432 - root - INFO - Moved \15-05-01.csv' to long term storage
2022-11-11 15:06:57,449 - root - INFO - Initiating Connection to RabbitMQ Instance
2022-11-11 15:06:57,451 - root - INFO - Attempting Devmode Connection to RabbitMQ
2022-11-11 15:06:57,492 - root - INFO - Connection to RabbitMQ sucessful
2022-11-11 15:06:57,526 - root - DEBUG - Connection active
2022-11-11 15:06:57,539 - root - INFO - Moved \15-05-02.csv' to long term storage
2022-11-11 15:06:57,555 - root - INFO - Initiating Connection to RabbitMQ Instance
2022-11-11 15:06:57,557 - root - INFO - Attempting Devmode Connection to RabbitMQ
2022-11-11 15:06:57,606 - root - INFO - Connection to RabbitMQ sucessful
2022-11-11 15:06:57,636 - root - DEBUG - Connection active
2022-11-11 15:06:57,651 - root - INFO - Moved \15-05-03.csv' to long term storage
2022-11-11 15:06:57,668 - root - INFO - Initiating Connection to RabbitMQ Instance
2022-11-11 15:06:57,669 - root - INFO - Attempting Devmode Connection to RabbitMQ
2022-11-11 15:06:57,715 - root - INFO - Connection to RabbitMQ sucessful
2022-11-11 15:06:57,759 - root - DEBUG - Connection active
2022-11-11 15:06:57,771 - root - INFO - Moved \15-05-04.csv' to long term storage
2022-11-11 15:06:57,788 - root - INFO - Initiating Connection to RabbitMQ Instance
2022-11-11 15:06:57,791 - root - INFO - Attempting Devmode Connection to RabbitMQ
2022-11-11 15:06:57,835 - root - INFO - Connection to RabbitMQ sucessful
2022-11-11 15:06:57,869 - root - DEBUG - Connection active
2022-11-11 15:06:57,885 - root - INFO - Moved \15-05-06.csv' to long term storage
2022-11-11 15:06:57,903 - root - INFO - Initiating Connection to RabbitMQ Instance
2022-11-11 15:06:57,905 - root - INFO - Attempting Devmode Connection to RabbitMQ
2022-11-11 15:06:57,945 - root - INFO - Connection to RabbitMQ sucessful
2022-11-11 15:06:57,977 - root - DEBUG - Connection active
2022-11-11 15:06:57,988 - root - INFO - Moved \15-05-07.csv' to long term storage
2022-11-11 15:06:58,003 - root - INFO - Initiating Connection to RabbitMQ Instance
2022-11-11 15:06:58,005 - root - INFO - Attempting Devmode Connection to RabbitMQ
2022-11-11 15:06:58,046 - root - INFO - Connection to RabbitMQ sucessful
2022-11-11 15:06:58,074 - root - DEBUG - Connection active
2022-11-11 15:06:58,088 - root - INFO - Moved \15-05-08.csv' to long term storage
2022-11-11 15:06:58,100 - root - INFO - Initiating Connection to RabbitMQ Instance
2022-11-11 15:06:58,105 - root - INFO - Attempting Devmode Connection to RabbitMQ
2022-11-11 15:06:58,143 - root - INFO - Connection to RabbitMQ sucessful
2022-11-11 15:06:58,174 - root - DEBUG - Connection active
2022-11-11 15:06:58,185 - root - INFO - Moved \15-05-09.csv' to long term storage
2022-11-11 15:06:58,200 - root - INFO - Initiating Connection to RabbitMQ Instance
2022-11-11 15:06:58,202 - root - INFO - Attempting Devmode Connection to RabbitMQ
2022-11-11 15:06:58,244 - root - INFO - Connection to RabbitMQ sucessful
2022-11-11 15:06:58,270 - root - DEBUG - Connection active
2022-11-11 15:06:58,280 - root - INFO - Moved \15-05-10.csv' to long term storage
2022-11-11 15:06:58,296 - root - INFO - Initiating Connection to RabbitMQ Instance
2022-11-11 15:06:58,298 - root - INFO - Attempting Devmode Connection to RabbitMQ
2022-11-11 15:06:58,345 - root - INFO - Connection to RabbitMQ sucessful
2022-11-11 15:06:58,372 - root - DEBUG - Connection active
2022-11-11 15:06:58,386 - root - INFO - Moved \15-05-11.csv' to long term storage
2022-11-11 15:06:58,402 - root - INFO - Initiating Connection to RabbitMQ Instance
2022-11-11 15:06:58,404 - root - INFO - Attempting Devmode Connection to RabbitMQ
2022-11-11 15:06:58,442 - root - INFO - Connection to RabbitMQ sucessful
2022-11-11 15:06:58,467 - root - DEBUG - Connection active
2022-11-11 15:06:58,480 - root - INFO - Moved \15-05-12.csv' to long term storage
2022-11-11 15:06:58,514 - root - INFO - Initiating Connection to RabbitMQ Instance
2022-11-11 15:06:58,521 - root - INFO - Attempting Devmode Connection to RabbitMQ
2022-11-11 15:06:58,569 - root - INFO - Connection to RabbitMQ sucessful
2022-11-11 15:06:58,600 - root - DEBUG - Connection active
2022-11-11 15:06:58,610 - root - INFO - Moved \15-05-13.csv' to long term storage
2022-11-11 15:06:58,626 - root - INFO - Initiating Connection to RabbitMQ Instance
2022-11-11 15:06:58,629 - root - INFO - Attempting Devmode Connection to RabbitMQ
2022-11-11 15:06:58,666 - root - INFO - Connection to RabbitMQ sucessful
2022-11-11 15:06:58,694 - root - DEBUG - Connection active
2022-11-11 15:06:58,705 - root - INFO - Moved \15-05-14.csv' to long term storage
2022-11-11 15:06:58,725 - root - INFO - Initiating Connection to RabbitMQ Instance
2022-11-11 15:06:58,727 - root - INFO - Attempting Devmode Connection to RabbitMQ
2022-11-11 15:06:58,761 - root - INFO - Connection to RabbitMQ sucessful
2022-11-11 15:06:58,794 - root - DEBUG - Connection active
2022-11-11 15:06:58,801 - root - INFO - Moved \15-05-15.csv' to long term storage
2022-11-11 15:06:58,816 - root - INFO - Initiating Connection to RabbitMQ Instance
2022-11-11 15:06:58,819 - root - INFO - Attempting Devmode Connection to RabbitMQ
2022-11-11 15:06:58,899 - root - INFO - Connection to RabbitMQ sucessful
2022-11-11 15:06:58,934 - root - DEBUG - Connection active
2022-11-11 15:06:58,947 - root - INFO - Moved \15-05-16.csv' to long term storage
2022-11-11 15:06:58,969 - root - INFO - Initiating Connection to RabbitMQ Instance
2022-11-11 15:06:58,972 - root - INFO - Attempting Devmode Connection to RabbitMQ
2022-11-11 15:06:59,029 - root - INFO - Connection to RabbitMQ sucessful
2022-11-11 15:06:59,059 - root - DEBUG - Connection active
2022-11-11 15:06:59,070 - root - INFO - Moved \15-05-17.csv' to long term storage
2022-11-11 15:06:59,090 - root - INFO - Initiating Connection to RabbitMQ Instance
2022-11-11 15:06:59,092 - root - INFO - Attempting Devmode Connection to RabbitMQ
2022-11-11 15:06:59,137 - root - INFO - Connection to RabbitMQ sucessful
2022-11-11 15:06:59,167 - root - DEBUG - Connection active
2022-11-11 15:06:59,181 - root - INFO - Moved \15-05-18.csv' to long term storage
2022-11-11 15:06:59,194 - root - INFO - Initiating Connection to RabbitMQ Instance
2022-11-11 15:06:59,196 - root - INFO - Attempting Devmode Connection to RabbitMQ
2022-11-11 15:06:59,237 - root - INFO - Connection to RabbitMQ sucessful
2022-11-11 15:06:59,269 - root - DEBUG - Connection active
2022-11-11 15:06:59,289 - root - INFO - Moved \15-05-43.csv' to long term storage
2022-11-11 15:06:59,506 - root - INFO - Initiating Connection to RabbitMQ Instance
2022-11-11 15:06:59,508 - root - INFO - Attempting Devmode Connection to RabbitMQ
2022-11-11 15:06:59,544 - root - INFO - Connection to RabbitMQ sucessful
2022-11-11 15:06:59,565 - root - DEBUG - Connection active
2022-11-11 15:06:59,591 - root - INFO - Moved \15-05-44.csv' to long term storage
2022-11-11 15:06:59,742 - root - INFO - Initiating Connection to RabbitMQ Instance
2022-11-11 15:06:59,746 - root - INFO - Attempting Devmode Connection to RabbitMQ
2022-11-11 15:06:59,766 - root - INFO - Connection to RabbitMQ sucessful
2022-11-11 15:06:59,789 - root - DEBUG - Connection active
2022-11-11 15:06:59,806 - root - INFO - Moved \15-05-45.csv' to long term storage
2022-11-11 15:06:59,985 - root - INFO - Initiating Connection to RabbitMQ Instance
2022-11-11 15:06:59,986 - root - INFO - Attempting Devmode Connection to RabbitMQ
2022-11-11 15:07:00,053 - root - INFO - Connection to RabbitMQ sucessful
2022-11-11 15:07:00,096 - root - DEBUG - Connection active
2022-11-11 15:07:00,123 - root - INFO - Moved \15-05-46.csv' to long term storage
2022-11-11 15:07:00,409 - root - INFO - Initiating Connection to RabbitMQ Instance
2022-11-11 15:07:00,410 - root - INFO - Attempting Devmode Connection to RabbitMQ
2022-11-11 15:07:00,453 - root - INFO - Connection to RabbitMQ sucessful
2022-11-11 15:07:00,486 - root - DEBUG - Connection active
2022-11-11 15:07:00,512 - root - INFO - Moved \15-05-47.csv' to long term storage
2022-11-11 15:07:00,732 - root - INFO - Initiating Connection to RabbitMQ Instance
2022-11-11 15:07:00,733 - root - INFO - Attempting Devmode Connection to RabbitMQ
2022-11-11 15:07:00,769 - root - INFO - Connection to RabbitMQ sucessful
2022-11-11 15:07:00,793 - root - DEBUG - Connection active
2022-11-11 15:07:00,819 - root - INFO - Moved \15-05-48.csv' to long term storage
2022-11-11 15:07:01,046 - root - INFO - Initiating Connection to RabbitMQ Instance
2022-11-11 15:07:01,048 - root - INFO - Attempting Devmode Connection to RabbitMQ
2022-11-11 15:07:01,075 - root - INFO - Connection to RabbitMQ sucessful
2022-11-11 15:07:01,095 - root - DEBUG - Connection active
2022-11-11 15:07:01,122 - root - INFO - Moved \15-05-49.csv' to long term storage
2022-11-11 15:07:01,338 - root - INFO - Initiating Connection to RabbitMQ Instance
2022-11-11 15:07:01,341 - root - INFO - Attempting Devmode Connection to RabbitMQ
2022-11-11 15:07:01,370 - root - INFO - Connection to RabbitMQ sucessful
2022-11-11 15:07:01,398 - root - DEBUG - Connection active
2022-11-11 15:07:01,422 - root - INFO - Moved \15-05-51.csv' to long term storage
2022-11-11 15:07:01,632 - root - INFO - Initiating Connection to RabbitMQ Instance
2022-11-11 15:07:01,633 - root - INFO - Attempting Devmode Connection to RabbitMQ
2022-11-11 15:07:01,665 - root - INFO - Connection to RabbitMQ sucessful
2022-11-11 15:07:01,687 - root - DEBUG - Connection active
2022-11-11 15:07:01,707 - root - INFO - Moved \15-05-52.csv' to long term storage
2022-11-11 15:07:01,906 - root - INFO - Initiating Connection to RabbitMQ Instance
2022-11-11 15:07:01,907 - root - INFO - Attempting Devmode Connection to RabbitMQ
2022-11-11 15:07:01,939 - root - INFO - Connection to RabbitMQ sucessful
2022-11-11 15:07:01,960 - root - DEBUG - Connection active
2022-11-11 15:07:01,986 - root - INFO - Moved \15-05-53.csv' to long term storage
2022-11-11 15:07:02,180 - root - INFO - Initiating Connection to RabbitMQ Instance
2022-11-11 15:07:02,181 - root - INFO - Attempting Devmode Connection to RabbitMQ
2022-11-11 15:07:02,206 - root - INFO - Connection to RabbitMQ sucessful
2022-11-11 15:07:02,223 - root - DEBUG - Connection active
2022-11-11 15:07:02,241 - root - INFO - Moved \15-05-54.csv' to long term storage
2022-11-11 15:07:02,427 - root - INFO - Initiating Connection to RabbitMQ Instance
2022-11-11 15:07:02,429 - root - INFO - Attempting Devmode Connection to RabbitMQ
2022-11-11 15:07:02,458 - root - INFO - Connection to RabbitMQ sucessful
2022-11-11 15:07:02,483 - root - DEBUG - Connection active
2022-11-11 15:07:02,504 - root - INFO - Moved \15-05-55.csv' to long term storage
2022-11-11 15:07:02,740 - root - INFO - Initiating Connection to RabbitMQ Instance
2022-11-11 15:07:02,741 - root - INFO - Attempting Devmode Connection to RabbitMQ
2022-11-11 15:07:02,767 - root - INFO - Connection to RabbitMQ sucessful
2022-11-11 15:07:02,795 - root - DEBUG - Connection active
2022-11-11 15:07:02,822 - root - INFO - Moved \15-05-56.csv' to long term storage
2022-11-11 15:07:03,000 - root - INFO - Initiating Connection to RabbitMQ Instance
2022-11-11 15:07:03,001 - root - INFO - Attempting Devmode Connection to RabbitMQ
2022-11-11 15:07:03,027 - root - INFO - Connection to RabbitMQ sucessful
2022-11-11 15:07:03,051 - root - DEBUG - Connection active
2022-11-11 15:07:03,069 - root - INFO - Moved \15-05-57.csv' to long term storage
2022-11-11 15:07:03,250 - root - INFO - Initiating Connection to RabbitMQ Instance
2022-11-11 15:07:03,250 - root - INFO - Attempting Devmode Connection to RabbitMQ
2022-11-11 15:07:03,270 - root - INFO - Connection to RabbitMQ sucessful
2022-11-11 15:07:03,289 - root - DEBUG - Connection active
2022-11-11 15:07:03,309 - root - INFO - Moved \15-05-59.csv' to long term storage
2022-11-11 15:07:03,498 - root - INFO - Initiating Connection to RabbitMQ Instance
2022-11-11 15:07:03,500 - root - INFO - Attempting Devmode Connection to RabbitMQ
2022-11-11 15:07:03,523 - root - INFO - Connection to RabbitMQ sucessful
2022-11-11 15:07:03,541 - root - DEBUG - Connection active
2022-11-11 15:07:03,559 - root - INFO - Moved \15-06-00.csv' to long term storage
2022-11-11 15:07:03,764 - root - INFO - Initiating Connection to RabbitMQ Instance
2022-11-11 15:07:03,767 - root - INFO - Attempting Devmode Connection to RabbitMQ
2022-11-11 15:07:03,800 - root - INFO - Connection to RabbitMQ sucessful
2022-11-11 15:07:03,820 - root - DEBUG - Connection active
2022-11-11 15:07:03,839 - root - INFO - Moved \15-06-01.csv' to long term storage
2022-11-11 15:07:04,066 - root - INFO - Initiating Connection to RabbitMQ Instance
2022-11-11 15:07:04,067 - root - INFO - Attempting Devmode Connection to RabbitMQ
2022-11-11 15:07:04,100 - root - INFO - Connection to RabbitMQ sucessful
2022-11-11 15:07:04,127 - root - DEBUG - Connection active
2022-11-11 15:07:04,150 - root - INFO - Moved \15-06-02.csv' to long term storage
2022-11-11 15:07:04,343 - root - INFO - Initiating Connection to RabbitMQ Instance
2022-11-11 15:07:04,344 - root - INFO - Attempting Devmode Connection to RabbitMQ
2022-11-11 15:07:04,370 - root - INFO - Connection to RabbitMQ sucessful
2022-11-11 15:07:04,390 - root - DEBUG - Connection active
2022-11-11 15:07:04,410 - root - INFO - Moved \15-06-03.csv' to long term storage
2022-11-11 15:07:04,603 - root - INFO - Initiating Connection to RabbitMQ Instance
2022-11-11 15:07:04,605 - root - INFO - Attempting Devmode Connection to RabbitMQ
2022-11-11 15:07:04,627 - root - INFO - Connection to RabbitMQ sucessful
2022-11-11 15:07:04,650 - root - DEBUG - Connection active
2022-11-11 15:07:04,673 - root - INFO - Moved \15-06-04.csv' to long term storage
2022-11-11 15:07:04,896 - root - INFO - Initiating Connection to RabbitMQ Instance
2022-11-11 15:07:04,897 - root - INFO - Attempting Devmode Connection to RabbitMQ
2022-11-11 15:07:04,919 - root - INFO - Connection to RabbitMQ sucessful
2022-11-11 15:07:04,942 - root - DEBUG - Connection active
2022-11-11 15:07:04,963 - root - INFO - Moved \15-06-05.csv' to long term storage
2022-11-11 15:07:05,158 - root - INFO - Initiating Connection to RabbitMQ Instance
2022-11-11 15:07:05,159 - root - INFO - Attempting Devmode Connection to RabbitMQ
2022-11-11 15:07:05,195 - root - INFO - Connection to RabbitMQ sucessful
2022-11-11 15:07:05,227 - root - DEBUG - Connection active
2022-11-11 15:07:05,248 - root - INFO - Moved \15-06-07.csv' to long term storage
2022-11-11 15:07:05,456 - root - INFO - Initiating Connection to RabbitMQ Instance
2022-11-11 15:07:05,456 - root - INFO - Attempting Devmode Connection to RabbitMQ
2022-11-11 15:07:05,492 - root - INFO - Connection to RabbitMQ sucessful
2022-11-11 15:07:05,523 - root - DEBUG - Connection active
2022-11-11 15:07:05,550 - root - INFO - Moved \15-06-08.csv' to long term storage
2022-11-11 15:07:05,785 - root - INFO - Initiating Connection to RabbitMQ Instance
2022-11-11 15:07:05,786 - root - INFO - Attempting Devmode Connection to RabbitMQ
2022-11-11 15:07:05,809 - root - INFO - Connection to RabbitMQ sucessful
2022-11-11 15:07:05,837 - root - DEBUG - Connection active
2022-11-11 15:07:05,865 - root - INFO - Moved \15-06-09.csv' to long term storage
2022-11-11 15:07:06,091 - root - INFO - Initiating Connection to RabbitMQ Instance
2022-11-11 15:07:06,093 - root - INFO - Attempting Devmode Connection to RabbitMQ
2022-11-11 15:07:06,118 - root - INFO - Connection to RabbitMQ sucessful
2022-11-11 15:07:06,138 - root - DEBUG - Connection active
2022-11-11 15:07:06,160 - root - INFO - Moved \15-06-10.csv' to long term storage
2022-11-11 15:07:06,346 - root - INFO - Initiating Connection to RabbitMQ Instance
2022-11-11 15:07:06,348 - root - INFO - Attempting Devmode Connection to RabbitMQ
2022-11-11 15:07:06,373 - root - INFO - Connection to RabbitMQ sucessful
2022-11-11 15:07:06,391 - root - DEBUG - Connection active
2022-11-11 15:07:06,410 - root - INFO - Moved \15-06-11.csv' to long term storage
2022-11-11 15:07:06,570 - root - INFO - Initiating Connection to RabbitMQ Instance
2022-11-11 15:07:06,572 - root - INFO - Attempting Devmode Connection to RabbitMQ
2022-11-11 15:07:06,595 - root - INFO - Connection to RabbitMQ sucessful
2022-11-11 15:07:06,619 - root - DEBUG - Connection active
2022-11-11 15:07:06,642 - root - INFO - Moved \15-06-12.csv' to long term storage
2022-11-11 15:07:06,856 - root - INFO - Initiating Connection to RabbitMQ Instance
2022-11-11 15:07:06,857 - root - INFO - Attempting Devmode Connection to RabbitMQ
2022-11-11 15:07:06,878 - root - INFO - Connection to RabbitMQ sucessful
2022-11-11 15:07:06,901 - root - DEBUG - Connection active
2022-11-11 15:07:06,921 - root - INFO - Moved \15-06-13.csv' to long term storage
2022-11-11 15:07:07,132 - root - INFO - Initiating Connection to RabbitMQ Instance
2022-11-11 15:07:07,135 - root - INFO - Attempting Devmode Connection to RabbitMQ
2022-11-11 15:07:07,193 - root - INFO - Connection to RabbitMQ sucessful
2022-11-11 15:07:07,269 - root - DEBUG - Connection active
2022-11-11 15:07:07,304 - root - INFO - Moved \15-06-15.csv' to long term storage
2022-11-11 15:07:07,597 - root - INFO - Initiating Connection to RabbitMQ Instance
2022-11-11 15:07:07,598 - root - INFO - Attempting Devmode Connection to RabbitMQ
2022-11-11 15:07:07,640 - root - INFO - Connection to RabbitMQ sucessful
2022-11-11 15:07:07,662 - root - DEBUG - Connection active
2022-11-11 15:07:07,693 - root - INFO - Moved \15-06-16.csv' to long term storage
2022-11-11 15:07:07,920 - root - INFO - Initiating Connection to RabbitMQ Instance
2022-11-11 15:07:07,921 - root - INFO - Attempting Devmode Connection to RabbitMQ
2022-11-11 15:07:07,958 - root - INFO - Connection to RabbitMQ sucessful
2022-11-11 15:07:07,989 - root - DEBUG - Connection active
2022-11-11 15:07:08,009 - root - INFO - Moved \15-06-17.csv' to long term storage
2022-11-11 15:07:08,312 - root - INFO - Initiating Connection to RabbitMQ Instance
2022-11-11 15:07:08,315 - root - INFO - Attempting Devmode Connection to RabbitMQ
2022-11-11 15:07:08,346 - root - INFO - Connection to RabbitMQ sucessful
2022-11-11 15:07:08,369 - root - DEBUG - Connection active
2022-11-11 15:07:08,415 - root - INFO - Moved \15-06-18.csv' to long term storage
2022-11-11 15:07:08,622 - root - INFO - Initiating Connection to RabbitMQ Instance
2022-11-11 15:07:08,623 - root - INFO - Attempting Devmode Connection to RabbitMQ
2022-11-11 15:07:08,648 - root - INFO - Connection to RabbitMQ sucessful
2022-11-11 15:07:08,669 - root - DEBUG - Connection active
2022-11-11 15:07:08,692 - root - INFO - Moved \15-06-19.csv' to long term storage
2022-11-11 15:07:08,900 - root - INFO - Initiating Connection to RabbitMQ Instance
2022-11-11 15:07:08,901 - root - INFO - Attempting Devmode Connection to RabbitMQ
2022-11-11 15:07:08,926 - root - INFO - Connection to RabbitMQ sucessful
2022-11-11 15:07:08,945 - root - DEBUG - Connection active
2022-11-11 15:07:08,963 - root - INFO - Moved \15-06-20.csv' to long term storage
2022-11-11 15:07:09,172 - root - INFO - Initiating Connection to RabbitMQ Instance
2022-11-11 15:07:09,173 - root - INFO - Attempting Devmode Connection to RabbitMQ
2022-11-11 15:07:09,195 - root - INFO - Connection to RabbitMQ sucessful
2022-11-11 15:07:09,214 - root - DEBUG - Connection active
2022-11-11 15:07:09,234 - root - INFO - Moved \15-06-22.csv' to long term storage
2022-11-11 15:07:09,426 - root - INFO - Initiating Connection to RabbitMQ Instance
2022-11-11 15:07:09,427 - root - INFO - Attempting Devmode Connection to RabbitMQ
2022-11-11 15:07:09,459 - root - INFO - Connection to RabbitMQ sucessful
2022-11-11 15:07:09,479 - root - DEBUG - Connection active
2022-11-11 15:07:09,498 - root - INFO - Moved \15-06-23.csv' to long term storage
2022-11-11 15:07:09,701 - root - INFO - Initiating Connection to RabbitMQ Instance
2022-11-11 15:07:09,702 - root - INFO - Attempting Devmode Connection to RabbitMQ
2022-11-11 15:07:09,727 - root - INFO - Connection to RabbitMQ sucessful
2022-11-11 15:07:09,746 - root - DEBUG - Connection active
2022-11-11 15:07:09,765 - root - INFO - Moved \15-06-24.csv' to long term storage
2022-11-11 15:07:09,965 - root - INFO - Initiating Connection to RabbitMQ Instance
2022-11-11 15:07:09,966 - root - INFO - Attempting Devmode Connection to RabbitMQ
2022-11-11 15:07:09,995 - root - INFO - Connection to RabbitMQ sucessful
2022-11-11 15:07:10,014 - root - DEBUG - Connection active
2022-11-11 15:07:10,033 - root - INFO - Moved \15-06-25.csv' to long term storage
2022-11-11 15:07:10,224 - root - INFO - Initiating Connection to RabbitMQ Instance
2022-11-11 15:07:10,225 - root - INFO - Attempting Devmode Connection to RabbitMQ
2022-11-11 15:07:10,246 - root - INFO - Connection to RabbitMQ sucessful
2022-11-11 15:07:10,264 - root - DEBUG - Connection active
2022-11-11 15:07:10,282 - root - INFO - Moved \15-06-26.csv' to long term storage
2022-11-11 15:07:10,465 - root - INFO - Initiating Connection to RabbitMQ Instance
2022-11-11 15:07:10,466 - root - INFO - Attempting Devmode Connection to RabbitMQ
2022-11-11 15:07:10,492 - root - INFO - Connection to RabbitMQ sucessful
2022-11-11 15:07:10,512 - root - DEBUG - Connection active
2022-11-11 15:07:10,527 - root - INFO - Moved \15-06-27.csv' to long term storage
2022-11-11 15:07:10,724 - root - INFO - Initiating Connection to RabbitMQ Instance
2022-11-11 15:07:10,726 - root - INFO - Attempting Devmode Connection to RabbitMQ
2022-11-11 15:07:10,762 - root - INFO - Connection to RabbitMQ sucessful
2022-11-11 15:07:10,804 - root - DEBUG - Connection active
2022-11-11 15:07:10,825 - root - INFO - Moved \15-06-28.csv' to long term storage
2022-11-11 15:07:11,110 - root - INFO - Initiating Connection to RabbitMQ Instance
2022-11-11 15:07:11,113 - root - INFO - Attempting Devmode Connection to RabbitMQ
2022-11-11 15:07:11,180 - root - INFO - Connection to RabbitMQ sucessful
2022-11-11 15:07:11,224 - root - DEBUG - Connection active
2022-11-11 15:07:11,247 - root - INFO - Moved \15-06-29.csv' to long term storage
2022-11-11 15:07:11,510 - root - INFO - Initiating Connection to RabbitMQ Instance
2022-11-11 15:07:11,511 - root - INFO - Attempting Devmode Connection to RabbitMQ
2022-11-11 15:07:11,541 - root - INFO - Connection to RabbitMQ sucessful
2022-11-11 15:07:11,566 - root - DEBUG - Connection active
2022-11-11 15:07:11,589 - root - INFO - Moved \15-06-31.csv' to long term storage
2022-11-11 15:07:11,838 - root - INFO - Initiating Connection to RabbitMQ Instance
2022-11-11 15:07:11,839 - root - INFO - Attempting Devmode Connection to RabbitMQ
2022-11-11 15:07:11,859 - root - INFO - Connection to RabbitMQ sucessful
2022-11-11 15:07:11,876 - root - DEBUG - Connection active
2022-11-11 15:07:11,895 - root - INFO - Moved \15-06-32.csv' to long term storage
2022-11-11 15:07:12,085 - root - INFO - Initiating Connection to RabbitMQ Instance
2022-11-11 15:07:12,086 - root - INFO - Attempting Devmode Connection to RabbitMQ
2022-11-11 15:07:12,105 - root - INFO - Connection to RabbitMQ sucessful
2022-11-11 15:07:12,131 - root - DEBUG - Connection active
2022-11-11 15:07:12,152 - root - INFO - Moved \15-06-33.csv' to long term storage
2022-11-11 15:07:12,377 - root - INFO - Initiating Connection to RabbitMQ Instance
2022-11-11 15:07:12,378 - root - INFO - Attempting Devmode Connection to RabbitMQ
2022-11-11 15:07:12,413 - root - INFO - Connection to RabbitMQ sucessful
2022-11-11 15:07:12,435 - root - DEBUG - Connection active
2022-11-11 15:07:12,461 - root - INFO - Moved \15-06-34.csv' to long term storage
2022-11-11 15:07:12,693 - root - INFO - Initiating Connection to RabbitMQ Instance
2022-11-11 15:07:12,695 - root - INFO - Attempting Devmode Connection to RabbitMQ
2022-11-11 15:07:12,731 - root - INFO - Connection to RabbitMQ sucessful
2022-11-11 15:07:12,753 - root - DEBUG - Connection active
2022-11-11 15:07:12,769 - root - INFO - Moved \15-06-35.csv' to long term storage
2022-11-11 15:07:13,013 - root - INFO - Initiating Connection to RabbitMQ Instance
2022-11-11 15:07:13,014 - root - INFO - Attempting Devmode Connection to RabbitMQ
2022-11-11 15:07:13,034 - root - INFO - Connection to RabbitMQ sucessful
2022-11-11 15:07:13,058 - root - DEBUG - Connection active
2022-11-11 15:07:13,078 - root - INFO - Moved \15-06-37.csv' to long term storage
2022-11-11 15:07:13,300 - root - INFO - Initiating Connection to RabbitMQ Instance
2022-11-11 15:07:13,301 - root - INFO - Attempting Devmode Connection to RabbitMQ
2022-11-11 15:07:13,320 - root - INFO - Connection to RabbitMQ sucessful
2022-11-11 15:07:13,340 - root - DEBUG - Connection active
2022-11-11 15:07:13,357 - root - INFO - Moved \15-06-38.csv' to long term storage
2022-11-11 15:07:13,557 - root - INFO - Initiating Connection to RabbitMQ Instance
2022-11-11 15:07:13,558 - root - INFO - Attempting Devmode Connection to RabbitMQ
2022-11-11 15:07:13,585 - root - INFO - Connection to RabbitMQ sucessful
2022-11-11 15:07:13,605 - root - DEBUG - Connection active
2022-11-11 15:07:13,624 - root - INFO - Moved \15-06-39.csv' to long term storage
2022-11-11 15:07:13,851 - root - INFO - Initiating Connection to RabbitMQ Instance
2022-11-11 15:07:13,852 - root - INFO - Attempting Devmode Connection to RabbitMQ
2022-11-11 15:07:13,895 - root - INFO - Connection to RabbitMQ sucessful
2022-11-11 15:07:13,921 - root - DEBUG - Connection active
2022-11-11 15:07:13,945 - root - INFO - Moved \15-06-41.csv' to long term storage
2022-11-11 15:07:14,215 - root - INFO - Initiating Connection to RabbitMQ Instance
2022-11-11 15:07:14,217 - root - INFO - Attempting Devmode Connection to RabbitMQ
2022-11-11 15:07:14,255 - root - INFO - Connection to RabbitMQ sucessful
2022-11-11 15:07:14,290 - root - DEBUG - Connection active
2022-11-11 15:07:14,318 - root - INFO - Moved \15-06-42.csv' to long term storage
2022-11-11 15:07:14,586 - root - INFO - Initiating Connection to RabbitMQ Instance
2022-11-11 15:07:14,587 - root - INFO - Attempting Devmode Connection to RabbitMQ
2022-11-11 15:07:14,630 - root - INFO - Connection to RabbitMQ sucessful
2022-11-11 15:07:14,661 - root - DEBUG - Connection active
2022-11-11 15:07:14,688 - root - INFO - Moved \15-06-43.csv' to long term storage
2022-11-11 15:07:14,936 - root - INFO - Initiating Connection to RabbitMQ Instance
2022-11-11 15:07:14,937 - root - INFO - Attempting Devmode Connection to RabbitMQ
2022-11-11 15:07:14,982 - root - INFO - Connection to RabbitMQ sucessful
2022-11-11 15:07:15,005 - root - DEBUG - Connection active
2022-11-11 15:07:15,032 - root - INFO - Moved \15-06-45.csv' to long term storage
2022-11-11 15:07:15,259 - root - INFO - Initiating Connection to RabbitMQ Instance
2022-11-11 15:07:15,260 - root - INFO - Attempting Devmode Connection to RabbitMQ
2022-11-11 15:07:15,299 - root - INFO - Connection to RabbitMQ sucessful
2022-11-11 15:07:15,332 - root - DEBUG - Connection active
2022-11-11 15:07:15,353 - root - INFO - Moved \15-06-46.csv' to long term storage
2022-11-11 15:07:15,603 - root - INFO - Initiating Connection to RabbitMQ Instance
2022-11-11 15:07:15,604 - root - INFO - Attempting Devmode Connection to RabbitMQ
2022-11-11 15:07:15,655 - root - INFO - Connection to RabbitMQ sucessful
2022-11-11 15:07:15,698 - root - DEBUG - Connection active
2022-11-11 15:07:15,723 - root - INFO - Moved \15-06-47.csv' to long term storage
2022-11-11 15:07:15,965 - root - INFO - Initiating Connection to RabbitMQ Instance
2022-11-11 15:07:15,968 - root - INFO - Attempting Devmode Connection to RabbitMQ
2022-11-11 15:07:16,022 - root - INFO - Connection to RabbitMQ sucessful
2022-11-11 15:07:16,053 - root - DEBUG - Connection active
2022-11-11 15:07:16,088 - root - INFO - Moved \15-06-48.csv' to long term storage
2022-11-11 15:07:16,337 - root - INFO - Initiating Connection to RabbitMQ Instance
2022-11-11 15:07:16,338 - root - INFO - Attempting Devmode Connection to RabbitMQ
2022-11-11 15:07:16,385 - root - INFO - Connection to RabbitMQ sucessful
2022-11-11 15:07:16,421 - root - DEBUG - Connection active
2022-11-11 15:07:16,440 - root - INFO - Moved \15-06-50.csv' to long term storage
2022-11-11 15:07:16,687 - root - INFO - Initiating Connection to RabbitMQ Instance
2022-11-11 15:07:16,689 - root - INFO - Attempting Devmode Connection to RabbitMQ
2022-11-11 15:07:16,744 - root - INFO - Connection to RabbitMQ sucessful
2022-11-11 15:07:16,790 - root - DEBUG - Connection active
2022-11-11 15:07:16,815 - root - INFO - Moved \15-06-51.csv' to long term storage
2022-11-11 15:07:17,157 - root - INFO - Initiating Connection to RabbitMQ Instance
2022-11-11 15:07:17,163 - root - INFO - Attempting Devmode Connection to RabbitMQ
2022-11-11 15:07:17,230 - root - INFO - Connection to RabbitMQ sucessful
2022-11-11 15:07:17,262 - root - DEBUG - Connection active
2022-11-11 15:07:17,289 - root - INFO - Moved \15-06-52.csv' to long term storage
2022-11-11 15:07:17,542 - root - INFO - Initiating Connection to RabbitMQ Instance
2022-11-11 15:07:17,543 - root - INFO - Attempting Devmode Connection to RabbitMQ
2022-11-11 15:07:17,580 - root - INFO - Connection to RabbitMQ sucessful
2022-11-11 15:07:17,607 - root - DEBUG - Connection active
2022-11-11 15:07:17,633 - root - INFO - Moved \15-06-53.csv' to long term storage
2022-11-11 15:07:17,907 - root - INFO - Initiating Connection to RabbitMQ Instance
2022-11-11 15:07:17,909 - root - INFO - Attempting Devmode Connection to RabbitMQ
2022-11-11 15:07:17,966 - root - INFO - Connection to RabbitMQ sucessful
2022-11-11 15:07:17,997 - root - DEBUG - Connection active
2022-11-11 15:07:18,028 - root - INFO - Moved \15-06-55.csv' to long term storage
2022-11-11 15:07:18,513 - root - INFO - Initiating Connection to RabbitMQ Instance
2022-11-11 15:07:18,517 - root - INFO - Attempting Devmode Connection to RabbitMQ
2022-11-11 15:07:18,591 - root - INFO - Connection to RabbitMQ sucessful
2022-11-11 15:07:18,649 - root - DEBUG - Connection active
2022-11-11 15:07:18,695 - root - INFO - Moved \15-06-56.csv' to long term storage
2022-11-11 15:07:19,110 - root - INFO - Initiating Connection to RabbitMQ Instance
2022-11-11 15:07:19,113 - root - INFO - Attempting Devmode Connection to RabbitMQ
2022-11-11 15:07:19,192 - root - INFO - Connection to RabbitMQ sucessful
2022-11-11 15:07:19,253 - root - DEBUG - Connection active
2022-11-11 15:07:19,299 - root - INFO - Moved \15-06-58.csv' to long term storage
2022-11-11 15:07:19,665 - root - INFO - Initiating Connection to RabbitMQ Instance
2022-11-11 15:07:19,668 - root - INFO - Attempting Devmode Connection to RabbitMQ
2022-11-11 15:07:19,781 - root - INFO - Connection to RabbitMQ sucessful
2022-11-11 15:07:19,810 - root - DEBUG - Connection active
2022-11-11 15:07:19,837 - root - INFO - Moved \15-06-59.csv' to long term storage
2022-11-11 15:07:20,118 - root - INFO - Initiating Connection to RabbitMQ Instance
2022-11-11 15:07:20,119 - root - INFO - Attempting Devmode Connection to RabbitMQ
2022-11-11 15:07:20,174 - root - INFO - Connection to RabbitMQ sucessful
2022-11-11 15:07:20,203 - root - DEBUG - Connection active
2022-11-11 15:07:20,227 - root - INFO - Moved \15-07-01.csv' to long term storage
2022-11-11 15:07:20,501 - root - INFO - Initiating Connection to RabbitMQ Instance
2022-11-11 15:07:20,502 - root - INFO - Attempting Devmode Connection to RabbitMQ
2022-11-11 15:07:20,556 - root - INFO - Connection to RabbitMQ sucessful
2022-11-11 15:07:20,593 - root - DEBUG - Connection active
2022-11-11 15:07:20,617 - root - INFO - Moved \15-07-02.csv' to long term storage
2022-11-11 15:07:20,852 - root - INFO - Initiating Connection to RabbitMQ Instance
2022-11-11 15:07:20,854 - root - INFO - Attempting Devmode Connection to RabbitMQ
2022-11-11 15:07:20,902 - root - INFO - Connection to RabbitMQ sucessful
2022-11-11 15:07:20,934 - root - DEBUG - Connection active
2022-11-11 15:07:20,960 - root - INFO - Moved \15-07-03.csv' to long term storage
2022-11-11 15:07:21,210 - root - INFO - Initiating Connection to RabbitMQ Instance
2022-11-11 15:07:21,212 - root - INFO - Attempting Devmode Connection to RabbitMQ
2022-11-11 15:07:21,254 - root - INFO - Connection to RabbitMQ sucessful
2022-11-11 15:07:21,310 - root - DEBUG - Connection active
2022-11-11 15:07:21,335 - root - INFO - Moved \15-07-05.csv' to long term storage
2022-11-11 15:07:21,578 - root - INFO - Initiating Connection to RabbitMQ Instance
2022-11-11 15:07:21,583 - root - INFO - Attempting Devmode Connection to RabbitMQ
2022-11-11 15:07:21,649 - root - INFO - Connection to RabbitMQ sucessful
2022-11-11 15:07:21,681 - root - DEBUG - Connection active
2022-11-11 15:07:21,707 - root - INFO - Moved \15-07-06.csv' to long term storage
2022-11-11 15:07:21,960 - root - INFO - Initiating Connection to RabbitMQ Instance
2022-11-11 15:07:21,962 - root - INFO - Attempting Devmode Connection to RabbitMQ
2022-11-11 15:07:22,012 - root - INFO - Connection to RabbitMQ sucessful
2022-11-11 15:07:22,041 - root - DEBUG - Connection active
2022-11-11 15:07:22,071 - root - INFO - Moved \15-07-07.csv' to long term storage
2022-11-11 15:07:22,355 - root - INFO - Initiating Connection to RabbitMQ Instance
2022-11-11 15:07:22,356 - root - INFO - Attempting Devmode Connection to RabbitMQ
2022-11-11 15:07:22,395 - root - INFO - Connection to RabbitMQ sucessful
2022-11-11 15:07:22,432 - root - DEBUG - Connection active
2022-11-11 15:07:22,454 - root - INFO - Moved \15-07-09.csv' to long term storage
2022-11-11 15:07:22,708 - root - INFO - Initiating Connection to RabbitMQ Instance
2022-11-11 15:07:22,709 - root - INFO - Attempting Devmode Connection to RabbitMQ
2022-11-11 15:07:22,749 - root - INFO - Connection to RabbitMQ sucessful
2022-11-11 15:07:22,783 - root - DEBUG - Connection active
2022-11-11 15:07:22,808 - root - INFO - Moved \15-07-10.csv' to long term storage
2022-11-11 15:07:23,073 - root - INFO - Initiating Connection to RabbitMQ Instance
2022-11-11 15:07:23,074 - root - INFO - Attempting Devmode Connection to RabbitMQ
2022-11-11 15:07:23,139 - root - INFO - Connection to RabbitMQ sucessful
2022-11-11 15:07:23,174 - root - DEBUG - Connection active
2022-11-11 15:07:23,197 - root - INFO - Moved \15-07-12.csv' to long term storage
2022-11-11 15:07:23,434 - root - INFO - Initiating Connection to RabbitMQ Instance
2022-11-11 15:07:23,435 - root - INFO - Attempting Devmode Connection to RabbitMQ
2022-11-11 15:07:23,462 - root - INFO - Connection to RabbitMQ sucessful
2022-11-11 15:07:23,483 - root - DEBUG - Connection active
2022-11-11 15:07:23,506 - root - INFO - Moved \15-07-13.csv' to long term storage
2022-11-11 15:07:23,744 - root - INFO - Initiating Connection to RabbitMQ Instance
2022-11-11 15:07:23,745 - root - INFO - Attempting Devmode Connection to RabbitMQ
2022-11-11 15:07:23,776 - root - INFO - Connection to RabbitMQ sucessful
2022-11-11 15:07:23,798 - root - DEBUG - Connection active
2022-11-11 15:07:23,824 - root - INFO - Moved \15-07-14.csv' to long term storage
2022-11-11 15:07:24,059 - root - INFO - Initiating Connection to RabbitMQ Instance
2022-11-11 15:07:24,060 - root - INFO - Attempting Devmode Connection to RabbitMQ
2022-11-11 15:07:24,089 - root - INFO - Connection to RabbitMQ sucessful
2022-11-11 15:07:24,112 - root - DEBUG - Connection active
2022-11-11 15:07:24,135 - root - INFO - Moved \15-07-16.csv' to long term storage
2022-11-11 15:07:24,370 - root - INFO - Initiating Connection to RabbitMQ Instance
2022-11-11 15:07:24,373 - root - INFO - Attempting Devmode Connection to RabbitMQ
2022-11-11 15:07:24,412 - root - INFO - Connection to RabbitMQ sucessful
2022-11-11 15:07:24,446 - root - DEBUG - Connection active
2022-11-11 15:07:24,470 - root - INFO - Moved \15-07-17.csv' to long term storage
2022-11-11 15:07:24,697 - root - INFO - Initiating Connection to RabbitMQ Instance
2022-11-11 15:07:24,699 - root - INFO - Attempting Devmode Connection to RabbitMQ
2022-11-11 15:07:24,728 - root - INFO - Connection to RabbitMQ sucessful
2022-11-11 15:07:24,748 - root - DEBUG - Connection active
2022-11-11 15:07:24,783 - root - INFO - Moved \15-07-19.csv' to long term storage
2022-11-11 15:07:24,997 - root - INFO - Initiating Connection to RabbitMQ Instance
2022-11-11 15:07:24,998 - root - INFO - Attempting Devmode Connection to RabbitMQ
2022-11-11 15:07:25,025 - root - INFO - Connection to RabbitMQ sucessful
2022-11-11 15:07:25,047 - root - DEBUG - Connection active
2022-11-11 15:07:25,072 - root - INFO - Moved \15-07-21.csv' to long term storage
2022-11-11 15:07:25,249 - root - INFO - Initiating Connection to RabbitMQ Instance
2022-11-11 15:07:25,252 - root - INFO - Attempting Devmode Connection to RabbitMQ
2022-11-11 15:07:25,286 - root - INFO - Connection to RabbitMQ sucessful
2022-11-11 15:07:25,308 - root - DEBUG - Connection active
2022-11-11 15:07:25,329 - root - INFO - Moved \15-07-22.csv' to long term storage
2022-11-11 15:07:25,514 - root - INFO - Initiating Connection to RabbitMQ Instance
2022-11-11 15:07:25,515 - root - INFO - Attempting Devmode Connection to RabbitMQ
2022-11-11 15:07:25,557 - root - INFO - Connection to RabbitMQ sucessful
2022-11-11 15:07:25,577 - root - DEBUG - Connection active
2022-11-11 15:07:25,597 - root - INFO - Moved \15-07-24.csv' to long term storage
2022-11-11 15:07:25,811 - root - INFO - No new files will check in 5 seconds
2022-11-11 15:07:26,403 - root - ERROR - Fatal Error
2022-11-11 15:07:26,405 - root - DEBUG - Traceback (most recent call last):
  File "C:\Users\rfranqui\OneDrive - Entegris\Documents\P\Projects\RabbitMQ\src\send.py", line 247, in main
    sleep(5)
KeyboardInterrupt

2022-11-11 15:07:26,406 - root - INFO - Will Attempt Reconection in 5 seconds
2022-11-11 15:07:31,416 - root - INFO - Initiating Connection to RabbitMQ Instance
2022-11-11 15:07:31,418 - root - INFO - Attempting Devmode Connection to RabbitMQ
2022-11-11 15:07:31,442 - root - INFO - Connection to RabbitMQ sucessful
2022-11-11 15:07:31,464 - root - DEBUG - Connection active
2022-11-11 15:07:31,484 - root - INFO - Moved \15-07-25.csv' to long term storage
2022-11-11 15:07:31,660 - root - INFO - Initiating Connection to RabbitMQ Instance
2022-11-11 15:07:31,663 - root - INFO - Attempting Devmode Connection to RabbitMQ
2022-11-11 15:07:31,685 - root - INFO - Connection to RabbitMQ sucessful
2022-11-11 15:07:31,710 - root - DEBUG - Connection active
2022-11-11 15:07:31,733 - root - INFO - Moved \15-07-27.csv' to long term storage
2022-11-11 15:07:31,935 - root - INFO - Initiating Connection to RabbitMQ Instance
2022-11-11 15:07:31,936 - root - INFO - Attempting Devmode Connection to RabbitMQ
2022-11-11 15:07:31,977 - root - INFO - Connection to RabbitMQ sucessful
2022-11-11 15:07:32,060 - root - DEBUG - Connection active
2022-11-11 15:07:32,082 - root - INFO - Moved \15-07-28.csv' to long term storage
2022-11-11 15:07:32,290 - root - INFO - Initiating Connection to RabbitMQ Instance
2022-11-11 15:07:32,293 - root - INFO - Attempting Devmode Connection to RabbitMQ
2022-11-11 15:07:32,337 - root - INFO - Connection to RabbitMQ sucessful
2022-11-11 15:07:32,367 - root - DEBUG - Connection active
2022-11-11 15:07:32,388 - root - INFO - Moved \15-07-29.csv' to long term storage
2022-11-11 15:07:32,607 - root - INFO - Initiating Connection to RabbitMQ Instance
2022-11-11 15:07:32,609 - root - INFO - Attempting Devmode Connection to RabbitMQ
2022-11-11 15:07:32,637 - root - INFO - Connection to RabbitMQ sucessful
2022-11-11 15:07:32,665 - root - DEBUG - Connection active
2022-11-11 15:07:32,685 - root - INFO - Moved \15-07-30.csv' to long term storage
2022-11-11 15:07:32,877 - root - INFO - Initiating Connection to RabbitMQ Instance
2022-11-11 15:07:32,878 - root - INFO - Attempting Devmode Connection to RabbitMQ
2022-11-11 15:07:32,905 - root - INFO - Connection to RabbitMQ sucessful
2022-11-11 15:07:32,924 - root - DEBUG - Connection active
2022-11-11 15:07:32,948 - root - INFO - Moved \15-07-31.csv' to long term storage
2022-11-11 15:07:33,009 - root - ERROR - Fatal Error
2022-11-11 15:07:33,011 - root - DEBUG - Traceback (most recent call last):
  File "C:\Users\rfranqui\OneDrive - Entegris\Documents\P\Projects\RabbitMQ\src\send.py", line 241, in main
    print("[X] Sent ", dataDict)
KeyboardInterrupt

2022-11-11 15:07:33,013 - root - INFO - Will Attempt Reconection in 5 seconds
2022-11-11 15:07:44,816 - root - INFO - Archival, and Source Directories are valid, proceeding to next step
2022-11-11 15:07:44,823 - root - INFO - Initiating Connection to RabbitMQ Instance
2022-11-11 15:07:44,824 - root - INFO - Attempting Devmode Connection to RabbitMQ
2022-11-11 15:07:44,855 - root - INFO - Connection to RabbitMQ sucessful
2022-11-11 15:07:44,863 - root - DEBUG - Connection active
2022-11-11 15:07:44,876 - root - INFO - Moved \15-07-33.csv' to long term storage
2022-11-11 15:07:44,958 - root - INFO - Initiating Connection to RabbitMQ Instance
2022-11-11 15:07:44,959 - root - INFO - Attempting Devmode Connection to RabbitMQ
2022-11-11 15:07:44,972 - root - INFO - Connection to RabbitMQ sucessful
2022-11-11 15:07:44,984 - root - DEBUG - Connection active
2022-11-11 15:07:44,998 - root - INFO - Moved \15-07-34.csv' to long term storage
2022-11-11 15:07:45,083 - root - INFO - Initiating Connection to RabbitMQ Instance
2022-11-11 15:07:45,084 - root - INFO - Attempting Devmode Connection to RabbitMQ
2022-11-11 15:07:45,102 - root - INFO - Connection to RabbitMQ sucessful
2022-11-11 15:07:45,115 - root - DEBUG - Connection active
2022-11-11 15:07:45,129 - root - INFO - Moved \15-07-35.csv' to long term storage
2022-11-11 15:07:45,228 - root - INFO - Initiating Connection to RabbitMQ Instance
2022-11-11 15:07:45,229 - root - INFO - Attempting Devmode Connection to RabbitMQ
2022-11-11 15:07:45,248 - root - INFO - Connection to RabbitMQ sucessful
2022-11-11 15:07:45,266 - root - DEBUG - Connection active
2022-11-11 15:07:45,286 - root - INFO - Moved \15-07-37.csv' to long term storage
2022-11-11 15:07:45,448 - root - INFO - Initiating Connection to RabbitMQ Instance
2022-11-11 15:07:45,449 - root - INFO - Attempting Devmode Connection to RabbitMQ
2022-11-11 15:07:45,475 - root - INFO - Connection to RabbitMQ sucessful
2022-11-11 15:07:45,495 - root - DEBUG - Connection active
2022-11-11 15:07:45,517 - root - INFO - Moved \15-07-38.csv' to long term storage
2022-11-11 15:07:45,656 - root - INFO - Initiating Connection to RabbitMQ Instance
2022-11-11 15:07:45,657 - root - INFO - Attempting Devmode Connection to RabbitMQ
2022-11-11 15:07:45,677 - root - INFO - Connection to RabbitMQ sucessful
2022-11-11 15:07:45,698 - root - DEBUG - Connection active
2022-11-11 15:07:45,715 - root - INFO - Moved \15-07-39.csv' to long term storage
2022-11-11 15:07:45,861 - root - INFO - Initiating Connection to RabbitMQ Instance
2022-11-11 15:07:45,862 - root - INFO - Attempting Devmode Connection to RabbitMQ
2022-11-11 15:07:45,887 - root - INFO - Connection to RabbitMQ sucessful
2022-11-11 15:07:45,904 - root - DEBUG - Connection active
2022-11-11 15:07:45,918 - root - INFO - Moved \15-07-40.csv' to long term storage
2022-11-11 15:07:46,050 - root - INFO - Initiating Connection to RabbitMQ Instance
2022-11-11 15:07:46,051 - root - INFO - Attempting Devmode Connection to RabbitMQ
2022-11-11 15:07:46,072 - root - INFO - Connection to RabbitMQ sucessful
2022-11-11 15:07:46,087 - root - DEBUG - Connection active
2022-11-11 15:07:46,102 - root - INFO - Moved \15-07-41.csv' to long term storage
2022-11-11 15:07:46,288 - root - INFO - Initiating Connection to RabbitMQ Instance
2022-11-11 15:07:46,289 - root - INFO - Attempting Devmode Connection to RabbitMQ
2022-11-11 15:07:46,326 - root - INFO - Connection to RabbitMQ sucessful
2022-11-11 15:07:46,351 - root - DEBUG - Connection active
2022-11-11 15:07:46,374 - root - INFO - Moved \15-07-43.csv' to long term storage
2022-11-11 15:07:46,584 - root - INFO - Initiating Connection to RabbitMQ Instance
2022-11-11 15:07:46,585 - root - INFO - Attempting Devmode Connection to RabbitMQ
2022-11-11 15:07:46,629 - root - INFO - Connection to RabbitMQ sucessful
2022-11-11 15:07:46,654 - root - DEBUG - Connection active
2022-11-11 15:07:46,682 - root - INFO - Moved \15-07-44.csv' to long term storage
2022-11-11 15:07:46,904 - root - INFO - Initiating Connection to RabbitMQ Instance
2022-11-11 15:07:46,907 - root - INFO - Attempting Devmode Connection to RabbitMQ
2022-11-11 15:07:46,954 - root - INFO - Connection to RabbitMQ sucessful
2022-11-11 15:07:46,986 - root - DEBUG - Connection active
2022-11-11 15:07:47,007 - root - INFO - Moved \15-07-45.csv' to long term storage
2022-11-11 15:07:47,230 - root - INFO - Initiating Connection to RabbitMQ Instance
2022-11-11 15:07:47,232 - root - INFO - Attempting Devmode Connection to RabbitMQ
2022-11-11 15:07:47,271 - root - INFO - Connection to RabbitMQ sucessful
2022-11-11 15:07:47,293 - root - DEBUG - Connection active
2022-11-11 15:07:47,316 - root - INFO - Moved \15-07-46.csv' to long term storage
2022-11-11 15:07:47,514 - root - INFO - No new files will check in 5 seconds
2022-11-11 15:07:52,530 - root - INFO - No new files will check in 5 seconds
2022-11-11 15:07:57,544 - root - INFO - No new files will check in 5 seconds
2022-11-11 15:08:02,557 - root - INFO - No new files will check in 5 seconds
2022-11-11 15:08:07,566 - root - INFO - No new files will check in 5 seconds
2022-11-11 15:08:12,583 - root - INFO - No new files will check in 5 seconds
2022-11-11 15:08:15,470 - root - ERROR - Fatal Error
2022-11-11 15:08:15,472 - root - DEBUG - Traceback (most recent call last):
  File "C:\Users\rfranqui\OneDrive - Entegris\Documents\P\Projects\RabbitMQ\src\send.py", line 247, in main
    sleep(5)
KeyboardInterrupt

2022-11-11 15:08:15,473 - root - INFO - Will Attempt Reconection in 5 seconds
2022-11-11 15:08:20,484 - root - INFO - No new files will check in 5 seconds
2022-11-11 15:08:25,492 - root - INFO - No new files will check in 5 seconds
2022-11-11 15:08:30,497 - root - INFO - No new files will check in 5 seconds
